[0.245s] Invoking command in '/home/shcho/ros2_study/build/my_first_package_msgs': CMAKE_PREFIX_PATH=${CMAKE_PREFIX_PATH}:/home/shcho/ros2_study/install/my_first_package:/opt/ros/humble /usr/bin/cmake --build /home/shcho/ros2_study/build/my_first_package_msgs -- -j2 -l2
[0.302s] [35m[1mConsolidate compiler generated dependencies of target my_first_package_msgs__rosidl_generator_c[0m
[0.314s] [  3%] Built target my_first_package_msgs__cpp
[0.325s] [ 12%] Built target my_first_package_msgs__rosidl_generator_c
[0.364s] [35m[1mConsolidate compiler generated dependencies of target my_first_package_msgs__rosidl_typesupport_fastrtps_cpp[0m
[0.377s] [ 22%] Built target my_first_package_msgs__rosidl_typesupport_fastrtps_cpp
[0.381s] [ 22%] Built target ament_cmake_python_copy_my_first_package_msgs
[0.388s] [35m[1mConsolidate compiler generated dependencies of target my_first_package_msgs__rosidl_typesupport_introspection_cpp[0m
[0.402s] [ 32%] Built target my_first_package_msgs__rosidl_typesupport_introspection_cpp
[0.406s] [35m[1mConsolidate compiler generated dependencies of target my_first_package_msgs__rosidl_typesupport_cpp[0m
[0.418s] [ 41%] Built target my_first_package_msgs__rosidl_typesupport_cpp
[0.433s] [35m[1mConsolidate compiler generated dependencies of target my_first_package_msgs__rosidl_typesupport_fastrtps_c[0m
[0.448s] [35m[1mConsolidate compiler generated dependencies of target my_first_package_msgs__rosidl_typesupport_introspection_c[0m
[0.452s] [ 51%] Built target my_first_package_msgs__rosidl_typesupport_fastrtps_c
[0.477s] [ 61%] Built target my_first_package_msgs__rosidl_typesupport_introspection_c
[0.484s] [35m[1mConsolidate compiler generated dependencies of target my_first_package_msgs__rosidl_typesupport_c[0m
[0.505s] [ 70%] Built target my_first_package_msgs__rosidl_typesupport_c
[0.534s] [ 70%] Built target my_first_package_msgs
[0.584s] [ 74%] Built target my_first_package_msgs__py
[0.614s] [35m[1mConsolidate compiler generated dependencies of target my_first_package_msgs__rosidl_generator_py[0m
[0.651s] [ 80%] Built target my_first_package_msgs__rosidl_generator_py
[0.684s] [35m[1mConsolidate compiler generated dependencies of target my_first_package_msgs__rosidl_typesupport_fastrtps_c__pyext[0m
[0.750s] [ 87%] Built target my_first_package_msgs__rosidl_typesupport_fastrtps_c__pyext
[0.790s] running egg_info
[0.791s] writing my_first_package_msgs.egg-info/PKG-INFO
[0.791s] writing dependency_links to my_first_package_msgs.egg-info/dependency_links.txt
[0.792s] writing top-level names to my_first_package_msgs.egg-info/top_level.txt
[0.794s] reading manifest file 'my_first_package_msgs.egg-info/SOURCES.txt'
[0.794s] writing manifest file 'my_first_package_msgs.egg-info/SOURCES.txt'
[0.825s] [35m[1mConsolidate compiler generated dependencies of target my_first_package_msgs__rosidl_typesupport_introspection_c__pyext[0m
[0.851s] [ 87%] Built target ament_cmake_python_build_my_first_package_msgs_egg
[0.867s] [ 93%] Built target my_first_package_msgs__rosidl_typesupport_introspection_c__pyext
[0.892s] [35m[1mConsolidate compiler generated dependencies of target my_first_package_msgs__rosidl_typesupport_c__pyext[0m
[0.920s] [100%] Built target my_first_package_msgs__rosidl_typesupport_c__pyext
[0.932s] Invoked command in '/home/shcho/ros2_study/build/my_first_package_msgs' returned '0': CMAKE_PREFIX_PATH=${CMAKE_PREFIX_PATH}:/home/shcho/ros2_study/install/my_first_package:/opt/ros/humble /usr/bin/cmake --build /home/shcho/ros2_study/build/my_first_package_msgs -- -j2 -l2
[0.955s] Invoking command in '/home/shcho/ros2_study/build/my_first_package_msgs': CMAKE_PREFIX_PATH=${CMAKE_PREFIX_PATH}:/home/shcho/ros2_study/install/my_first_package:/opt/ros/humble /usr/bin/cmake --install /home/shcho/ros2_study/build/my_first_package_msgs
[0.967s] -- Install configuration: ""
[0.967s] -- Up-to-date: /home/shcho/ros2_study/install/my_first_package_msgs/share/ament_index/resource_index/rosidl_interfaces/my_first_package_msgs
[0.968s] -- Up-to-date: /home/shcho/ros2_study/install/my_first_package_msgs/include/my_first_package_msgs/my_first_package_msgs
[0.968s] -- Up-to-date: /home/shcho/ros2_study/install/my_first_package_msgs/include/my_first_package_msgs/my_first_package_msgs/msg
[0.969s] -- Up-to-date: /home/shcho/ros2_study/install/my_first_package_msgs/include/my_first_package_msgs/my_first_package_msgs/msg/detail
[0.970s] -- Up-to-date: /home/shcho/ros2_study/install/my_first_package_msgs/include/my_first_package_msgs/my_first_package_msgs/msg/detail/cmd_and_pose_vel__type_support.h
[0.971s] -- Up-to-date: /home/shcho/ros2_study/install/my_first_package_msgs/include/my_first_package_msgs/my_first_package_msgs/msg/detail/cmd_and_pose_vel__functions.h
[0.971s] -- Up-to-date: /home/shcho/ros2_study/install/my_first_package_msgs/include/my_first_package_msgs/my_first_package_msgs/msg/detail/cmd_and_pose_vel__functions.c
[0.972s] -- Up-to-date: /home/shcho/ros2_study/install/my_first_package_msgs/include/my_first_package_msgs/my_first_package_msgs/msg/detail/cmd_and_pose_vel__struct.h
[0.972s] -- Up-to-date: /home/shcho/ros2_study/install/my_first_package_msgs/include/my_first_package_msgs/my_first_package_msgs/msg/cmd_and_pose_vel.h
[0.972s] -- Up-to-date: /home/shcho/ros2_study/install/my_first_package_msgs/include/my_first_package_msgs/my_first_package_msgs/msg/rosidl_generator_c__visibility_control.h
[0.972s] -- Up-to-date: /home/shcho/ros2_study/install/my_first_package_msgs/share/my_first_package_msgs/environment/library_path.sh
[0.972s] -- Up-to-date: /home/shcho/ros2_study/install/my_first_package_msgs/share/my_first_package_msgs/environment/library_path.dsv
[0.973s] -- Up-to-date: /home/shcho/ros2_study/install/my_first_package_msgs/lib/libmy_first_package_msgs__rosidl_generator_c.so
[0.973s] -- Up-to-date: /home/shcho/ros2_study/install/my_first_package_msgs/include/my_first_package_msgs/my_first_package_msgs
[0.973s] -- Up-to-date: /home/shcho/ros2_study/install/my_first_package_msgs/include/my_first_package_msgs/my_first_package_msgs/msg
[0.974s] -- Up-to-date: /home/shcho/ros2_study/install/my_first_package_msgs/include/my_first_package_msgs/my_first_package_msgs/msg/detail
[0.974s] -- Up-to-date: /home/shcho/ros2_study/install/my_first_package_msgs/include/my_first_package_msgs/my_first_package_msgs/msg/detail/cmd_and_pose_vel__rosidl_typesupport_fastrtps_c.h
[0.974s] -- Up-to-date: /home/shcho/ros2_study/install/my_first_package_msgs/include/my_first_package_msgs/my_first_package_msgs/msg/rosidl_typesupport_fastrtps_c__visibility_control.h
[0.975s] -- Up-to-date: /home/shcho/ros2_study/install/my_first_package_msgs/lib/libmy_first_package_msgs__rosidl_typesupport_fastrtps_c.so
[0.975s] -- Up-to-date: /home/shcho/ros2_study/install/my_first_package_msgs/include/my_first_package_msgs/my_first_package_msgs
[0.976s] -- Up-to-date: /home/shcho/ros2_study/install/my_first_package_msgs/include/my_first_package_msgs/my_first_package_msgs/msg
[0.976s] -- Up-to-date: /home/shcho/ros2_study/install/my_first_package_msgs/include/my_first_package_msgs/my_first_package_msgs/msg/detail
[0.977s] -- Up-to-date: /home/shcho/ros2_study/install/my_first_package_msgs/include/my_first_package_msgs/my_first_package_msgs/msg/detail/cmd_and_pose_vel__type_support.c
[0.977s] -- Up-to-date: /home/shcho/ros2_study/install/my_first_package_msgs/include/my_first_package_msgs/my_first_package_msgs/msg/detail/cmd_and_pose_vel__rosidl_typesupport_introspection_c.h
[0.977s] -- Up-to-date: /home/shcho/ros2_study/install/my_first_package_msgs/include/my_first_package_msgs/my_first_package_msgs/msg/rosidl_typesupport_introspection_c__visibility_control.h
[0.978s] -- Up-to-date: /home/shcho/ros2_study/install/my_first_package_msgs/lib/libmy_first_package_msgs__rosidl_typesupport_introspection_c.so
[0.978s] -- Up-to-date: /home/shcho/ros2_study/install/my_first_package_msgs/lib/libmy_first_package_msgs__rosidl_typesupport_c.so
[0.979s] -- Up-to-date: /home/shcho/ros2_study/install/my_first_package_msgs/include/my_first_package_msgs/my_first_package_msgs
[0.979s] -- Up-to-date: /home/shcho/ros2_study/install/my_first_package_msgs/include/my_first_package_msgs/my_first_package_msgs/msg
[0.980s] -- Up-to-date: /home/shcho/ros2_study/install/my_first_package_msgs/include/my_first_package_msgs/my_first_package_msgs/msg/detail
[0.980s] -- Up-to-date: /home/shcho/ros2_study/install/my_first_package_msgs/include/my_first_package_msgs/my_first_package_msgs/msg/detail/cmd_and_pose_vel__type_support.hpp
[0.980s] -- Up-to-date: /home/shcho/ros2_study/install/my_first_package_msgs/include/my_first_package_msgs/my_first_package_msgs/msg/detail/cmd_and_pose_vel__struct.hpp
[0.981s] -- Up-to-date: /home/shcho/ros2_study/install/my_first_package_msgs/include/my_first_package_msgs/my_first_package_msgs/msg/detail/cmd_and_pose_vel__builder.hpp
[0.981s] -- Up-to-date: /home/shcho/ros2_study/install/my_first_package_msgs/include/my_first_package_msgs/my_first_package_msgs/msg/detail/cmd_and_pose_vel__traits.hpp
[0.981s] -- Up-to-date: /home/shcho/ros2_study/install/my_first_package_msgs/include/my_first_package_msgs/my_first_package_msgs/msg/cmd_and_pose_vel.hpp
[0.981s] -- Up-to-date: /home/shcho/ros2_study/install/my_first_package_msgs/include/my_first_package_msgs/my_first_package_msgs/msg/rosidl_generator_cpp__visibility_control.hpp
[0.981s] -- Up-to-date: /home/shcho/ros2_study/install/my_first_package_msgs/include/my_first_package_msgs/my_first_package_msgs
[0.981s] -- Up-to-date: /home/shcho/ros2_study/install/my_first_package_msgs/include/my_first_package_msgs/my_first_package_msgs/msg
[0.982s] -- Up-to-date: /home/shcho/ros2_study/install/my_first_package_msgs/include/my_first_package_msgs/my_first_package_msgs/msg/detail
[0.982s] -- Up-to-date: /home/shcho/ros2_study/install/my_first_package_msgs/include/my_first_package_msgs/my_first_package_msgs/msg/detail/dds_fastrtps
[0.983s] -- Up-to-date: /home/shcho/ros2_study/install/my_first_package_msgs/include/my_first_package_msgs/my_first_package_msgs/msg/detail/cmd_and_pose_vel__rosidl_typesupport_fastrtps_cpp.hpp
[0.983s] -- Up-to-date: /home/shcho/ros2_study/install/my_first_package_msgs/include/my_first_package_msgs/my_first_package_msgs/msg/rosidl_typesupport_fastrtps_cpp__visibility_control.h
[0.983s] -- Up-to-date: /home/shcho/ros2_study/install/my_first_package_msgs/lib/libmy_first_package_msgs__rosidl_typesupport_fastrtps_cpp.so
[0.984s] -- Up-to-date: /home/shcho/ros2_study/install/my_first_package_msgs/include/my_first_package_msgs/my_first_package_msgs
[0.984s] -- Up-to-date: /home/shcho/ros2_study/install/my_first_package_msgs/include/my_first_package_msgs/my_first_package_msgs/msg
[0.984s] -- Up-to-date: /home/shcho/ros2_study/install/my_first_package_msgs/include/my_first_package_msgs/my_first_package_msgs/msg/detail
[0.985s] -- Up-to-date: /home/shcho/ros2_study/install/my_first_package_msgs/include/my_first_package_msgs/my_first_package_msgs/msg/detail/cmd_and_pose_vel__rosidl_typesupport_introspection_cpp.hpp
[0.985s] -- Up-to-date: /home/shcho/ros2_study/install/my_first_package_msgs/include/my_first_package_msgs/my_first_package_msgs/msg/detail/cmd_and_pose_vel__type_support.cpp
[0.986s] -- Up-to-date: /home/shcho/ros2_study/install/my_first_package_msgs/lib/libmy_first_package_msgs__rosidl_typesupport_introspection_cpp.so
[0.987s] -- Up-to-date: /home/shcho/ros2_study/install/my_first_package_msgs/lib/libmy_first_package_msgs__rosidl_typesupport_cpp.so
[0.987s] -- Up-to-date: /home/shcho/ros2_study/install/my_first_package_msgs/share/my_first_package_msgs/environment/pythonpath.sh
[0.987s] -- Up-to-date: /home/shcho/ros2_study/install/my_first_package_msgs/share/my_first_package_msgs/environment/pythonpath.dsv
[0.987s] -- Up-to-date: /home/shcho/ros2_study/install/my_first_package_msgs/local/lib/python3.10/dist-packages/my_first_package_msgs-0.0.0-py3.10.egg-info
[0.987s] -- Installing: /home/shcho/ros2_study/install/my_first_package_msgs/local/lib/python3.10/dist-packages/my_first_package_msgs-0.0.0-py3.10.egg-info/dependency_links.txt
[0.987s] -- Installing: /home/shcho/ros2_study/install/my_first_package_msgs/local/lib/python3.10/dist-packages/my_first_package_msgs-0.0.0-py3.10.egg-info/top_level.txt
[0.987s] -- Installing: /home/shcho/ros2_study/install/my_first_package_msgs/local/lib/python3.10/dist-packages/my_first_package_msgs-0.0.0-py3.10.egg-info/PKG-INFO
[0.988s] -- Installing: /home/shcho/ros2_study/install/my_first_package_msgs/local/lib/python3.10/dist-packages/my_first_package_msgs-0.0.0-py3.10.egg-info/SOURCES.txt
[0.988s] -- Up-to-date: /home/shcho/ros2_study/install/my_first_package_msgs/local/lib/python3.10/dist-packages/my_first_package_msgs
[0.988s] -- Up-to-date: /home/shcho/ros2_study/install/my_first_package_msgs/local/lib/python3.10/dist-packages/my_first_package_msgs/my_first_package_msgs_s__rosidl_typesupport_introspection_c.cpython-310-x86_64-linux-gnu.so
[0.988s] -- Up-to-date: /home/shcho/ros2_study/install/my_first_package_msgs/local/lib/python3.10/dist-packages/my_first_package_msgs/my_first_package_msgs_s__rosidl_typesupport_fastrtps_c.cpython-310-x86_64-linux-gnu.so
[0.988s] -- Up-to-date: /home/shcho/ros2_study/install/my_first_package_msgs/local/lib/python3.10/dist-packages/my_first_package_msgs/msg
[0.988s] -- Up-to-date: /home/shcho/ros2_study/install/my_first_package_msgs/local/lib/python3.10/dist-packages/my_first_package_msgs/msg/_cmd_and_pose_vel_s.c
[0.988s] -- Up-to-date: /home/shcho/ros2_study/install/my_first_package_msgs/local/lib/python3.10/dist-packages/my_first_package_msgs/msg/_cmd_and_pose_vel.py
[0.988s] -- Up-to-date: /home/shcho/ros2_study/install/my_first_package_msgs/local/lib/python3.10/dist-packages/my_first_package_msgs/msg/__init__.py
[0.988s] -- Up-to-date: /home/shcho/ros2_study/install/my_first_package_msgs/local/lib/python3.10/dist-packages/my_first_package_msgs/_my_first_package_msgs_s.ep.rosidl_typesupport_fastrtps_c.c
[0.988s] -- Up-to-date: /home/shcho/ros2_study/install/my_first_package_msgs/local/lib/python3.10/dist-packages/my_first_package_msgs/libmy_first_package_msgs__rosidl_generator_py.so
[0.988s] -- Up-to-date: /home/shcho/ros2_study/install/my_first_package_msgs/local/lib/python3.10/dist-packages/my_first_package_msgs/_my_first_package_msgs_s.ep.rosidl_typesupport_c.c
[0.988s] -- Up-to-date: /home/shcho/ros2_study/install/my_first_package_msgs/local/lib/python3.10/dist-packages/my_first_package_msgs/__init__.py
[0.989s] -- Up-to-date: /home/shcho/ros2_study/install/my_first_package_msgs/local/lib/python3.10/dist-packages/my_first_package_msgs/_my_first_package_msgs_s.ep.rosidl_typesupport_introspection_c.c
[0.989s] -- Up-to-date: /home/shcho/ros2_study/install/my_first_package_msgs/local/lib/python3.10/dist-packages/my_first_package_msgs/my_first_package_msgs_s__rosidl_typesupport_c.cpython-310-x86_64-linux-gnu.so
[1.015s] Listing '/home/shcho/ros2_study/install/my_first_package_msgs/local/lib/python3.10/dist-packages/my_first_package_msgs'...
[1.015s] Listing '/home/shcho/ros2_study/install/my_first_package_msgs/local/lib/python3.10/dist-packages/my_first_package_msgs/msg'...
[1.017s] -- Up-to-date: /home/shcho/ros2_study/install/my_first_package_msgs/local/lib/python3.10/dist-packages/my_first_package_msgs/my_first_package_msgs_s__rosidl_typesupport_fastrtps_c.cpython-310-x86_64-linux-gnu.so
[1.017s] -- Up-to-date: /home/shcho/ros2_study/install/my_first_package_msgs/local/lib/python3.10/dist-packages/my_first_package_msgs/my_first_package_msgs_s__rosidl_typesupport_introspection_c.cpython-310-x86_64-linux-gnu.so
[1.018s] -- Up-to-date: /home/shcho/ros2_study/install/my_first_package_msgs/local/lib/python3.10/dist-packages/my_first_package_msgs/my_first_package_msgs_s__rosidl_typesupport_c.cpython-310-x86_64-linux-gnu.so
[1.019s] -- Up-to-date: /home/shcho/ros2_study/install/my_first_package_msgs/lib/libmy_first_package_msgs__rosidl_generator_py.so
[1.020s] -- Up-to-date: /home/shcho/ros2_study/install/my_first_package_msgs/share/my_first_package_msgs/msg/CmdAndPoseVel.idl
[1.020s] -- Up-to-date: /home/shcho/ros2_study/install/my_first_package_msgs/share/my_first_package_msgs/msg/CmdAndPoseVel.msg
[1.020s] -- Up-to-date: /home/shcho/ros2_study/install/my_first_package_msgs/share/ament_index/resource_index/package_run_dependencies/my_first_package_msgs
[1.020s] -- Up-to-date: /home/shcho/ros2_study/install/my_first_package_msgs/share/ament_index/resource_index/parent_prefix_path/my_first_package_msgs
[1.020s] -- Up-to-date: /home/shcho/ros2_study/install/my_first_package_msgs/share/my_first_package_msgs/environment/ament_prefix_path.sh
[1.021s] -- Up-to-date: /home/shcho/ros2_study/install/my_first_package_msgs/share/my_first_package_msgs/environment/ament_prefix_path.dsv
[1.021s] -- Up-to-date: /home/shcho/ros2_study/install/my_first_package_msgs/share/my_first_package_msgs/environment/path.sh
[1.022s] -- Up-to-date: /home/shcho/ros2_study/install/my_first_package_msgs/share/my_first_package_msgs/environment/path.dsv
[1.022s] -- Up-to-date: /home/shcho/ros2_study/install/my_first_package_msgs/share/my_first_package_msgs/local_setup.bash
[1.022s] -- Up-to-date: /home/shcho/ros2_study/install/my_first_package_msgs/share/my_first_package_msgs/local_setup.sh
[1.022s] -- Up-to-date: /home/shcho/ros2_study/install/my_first_package_msgs/share/my_first_package_msgs/local_setup.zsh
[1.022s] -- Up-to-date: /home/shcho/ros2_study/install/my_first_package_msgs/share/my_first_package_msgs/local_setup.dsv
[1.023s] -- Installing: /home/shcho/ros2_study/install/my_first_package_msgs/share/my_first_package_msgs/package.dsv
[1.023s] -- Up-to-date: /home/shcho/ros2_study/install/my_first_package_msgs/share/ament_index/resource_index/packages/my_first_package_msgs
[1.024s] -- Up-to-date: /home/shcho/ros2_study/install/my_first_package_msgs/share/my_first_package_msgs/cmake/export_my_first_package_msgs__rosidl_generator_cExport.cmake
[1.024s] -- Up-to-date: /home/shcho/ros2_study/install/my_first_package_msgs/share/my_first_package_msgs/cmake/export_my_first_package_msgs__rosidl_generator_cExport-noconfig.cmake
[1.025s] -- Up-to-date: /home/shcho/ros2_study/install/my_first_package_msgs/share/my_first_package_msgs/cmake/export_my_first_package_msgs__rosidl_typesupport_fastrtps_cExport.cmake
[1.025s] -- Up-to-date: /home/shcho/ros2_study/install/my_first_package_msgs/share/my_first_package_msgs/cmake/export_my_first_package_msgs__rosidl_typesupport_fastrtps_cExport-noconfig.cmake
[1.026s] -- Up-to-date: /home/shcho/ros2_study/install/my_first_package_msgs/share/my_first_package_msgs/cmake/my_first_package_msgs__rosidl_typesupport_introspection_cExport.cmake
[1.026s] -- Up-to-date: /home/shcho/ros2_study/install/my_first_package_msgs/share/my_first_package_msgs/cmake/my_first_package_msgs__rosidl_typesupport_introspection_cExport-noconfig.cmake
[1.027s] -- Up-to-date: /home/shcho/ros2_study/install/my_first_package_msgs/share/my_first_package_msgs/cmake/my_first_package_msgs__rosidl_typesupport_cExport.cmake
[1.027s] -- Up-to-date: /home/shcho/ros2_study/install/my_first_package_msgs/share/my_first_package_msgs/cmake/my_first_package_msgs__rosidl_typesupport_cExport-noconfig.cmake
[1.028s] -- Up-to-date: /home/shcho/ros2_study/install/my_first_package_msgs/share/my_first_package_msgs/cmake/export_my_first_package_msgs__rosidl_generator_cppExport.cmake
[1.028s] -- Up-to-date: /home/shcho/ros2_study/install/my_first_package_msgs/share/my_first_package_msgs/cmake/export_my_first_package_msgs__rosidl_typesupport_fastrtps_cppExport.cmake
[1.028s] -- Up-to-date: /home/shcho/ros2_study/install/my_first_package_msgs/share/my_first_package_msgs/cmake/export_my_first_package_msgs__rosidl_typesupport_fastrtps_cppExport-noconfig.cmake
[1.029s] -- Up-to-date: /home/shcho/ros2_study/install/my_first_package_msgs/share/my_first_package_msgs/cmake/my_first_package_msgs__rosidl_typesupport_introspection_cppExport.cmake
[1.029s] -- Up-to-date: /home/shcho/ros2_study/install/my_first_package_msgs/share/my_first_package_msgs/cmake/my_first_package_msgs__rosidl_typesupport_introspection_cppExport-noconfig.cmake
[1.030s] -- Up-to-date: /home/shcho/ros2_study/install/my_first_package_msgs/share/my_first_package_msgs/cmake/my_first_package_msgs__rosidl_typesupport_cppExport.cmake
[1.031s] -- Up-to-date: /home/shcho/ros2_study/install/my_first_package_msgs/share/my_first_package_msgs/cmake/my_first_package_msgs__rosidl_typesupport_cppExport-noconfig.cmake
[1.032s] -- Up-to-date: /home/shcho/ros2_study/install/my_first_package_msgs/share/my_first_package_msgs/cmake/export_my_first_package_msgs__rosidl_generator_pyExport.cmake
[1.032s] -- Up-to-date: /home/shcho/ros2_study/install/my_first_package_msgs/share/my_first_package_msgs/cmake/export_my_first_package_msgs__rosidl_generator_pyExport-noconfig.cmake
[1.032s] -- Up-to-date: /home/shcho/ros2_study/install/my_first_package_msgs/share/my_first_package_msgs/cmake/rosidl_cmake-extras.cmake
[1.032s] -- Up-to-date: /home/shcho/ros2_study/install/my_first_package_msgs/share/my_first_package_msgs/cmake/ament_cmake_export_include_directories-extras.cmake
[1.034s] -- Up-to-date: /home/shcho/ros2_study/install/my_first_package_msgs/share/my_first_package_msgs/cmake/ament_cmake_export_libraries-extras.cmake
[1.034s] -- Up-to-date: /home/shcho/ros2_study/install/my_first_package_msgs/share/my_first_package_msgs/cmake/ament_cmake_export_targets-extras.cmake
[1.034s] -- Up-to-date: /home/shcho/ros2_study/install/my_first_package_msgs/share/my_first_package_msgs/cmake/rosidl_cmake_export_typesupport_targets-extras.cmake
[1.034s] -- Up-to-date: /home/shcho/ros2_study/install/my_first_package_msgs/share/my_first_package_msgs/cmake/ament_cmake_export_dependencies-extras.cmake
[1.034s] -- Up-to-date: /home/shcho/ros2_study/install/my_first_package_msgs/share/my_first_package_msgs/cmake/rosidl_cmake_export_typesupport_libraries-extras.cmake
[1.034s] -- Up-to-date: /home/shcho/ros2_study/install/my_first_package_msgs/share/my_first_package_msgs/cmake/my_first_package_msgsConfig.cmake
[1.034s] -- Up-to-date: /home/shcho/ros2_study/install/my_first_package_msgs/share/my_first_package_msgs/cmake/my_first_package_msgsConfig-version.cmake
[1.034s] -- Up-to-date: /home/shcho/ros2_study/install/my_first_package_msgs/share/my_first_package_msgs/package.xml
[1.035s] Invoked command in '/home/shcho/ros2_study/build/my_first_package_msgs' returned '0': CMAKE_PREFIX_PATH=${CMAKE_PREFIX_PATH}:/home/shcho/ros2_study/install/my_first_package:/opt/ros/humble /usr/bin/cmake --install /home/shcho/ros2_study/build/my_first_package_msgs
