[0.724s] Invoking command in '/home/shcho/ros2_study/src/my_first_package': PYTHONPATH=/home/shcho/ros2_study/build/my_first_package/prefix_override:/usr/lib/python3/dist-packages/colcon_core/task/python/colcon_distutils_commands:/home/shcho/ros2_study/install/my_first_package/lib/python3.10/site-packages:${PYTHONPATH} /usr/bin/python3 -W ignore:setup.py install is deprecated -W ignore:easy_install command is deprecated setup.py egg_info --egg-base ../../build/my_first_package build --build-base /home/shcho/ros2_study/build/my_first_package/build install --record /home/shcho/ros2_study/build/my_first_package/install.log --single-version-externally-managed install_data
[1.071s] running egg_info
[1.074s] writing ../../build/my_first_package/my_first_package.egg-info/PKG-INFO
[1.076s] writing dependency_links to ../../build/my_first_package/my_first_package.egg-info/dependency_links.txt
[1.079s] writing entry points to ../../build/my_first_package/my_first_package.egg-info/entry_points.txt
[1.079s] writing requirements to ../../build/my_first_package/my_first_package.egg-info/requires.txt
[1.079s] writing top-level names to ../../build/my_first_package/my_first_package.egg-info/top_level.txt
[1.089s] reading manifest file '../../build/my_first_package/my_first_package.egg-info/SOURCES.txt'
[1.090s] writing manifest file '../../build/my_first_package/my_first_package.egg-info/SOURCES.txt'
[1.091s] running build
[1.091s] running build_py
[1.094s] copying my_first_package/my_service_server.py -> /home/shcho/ros2_study/build/my_first_package/build/lib/my_first_package
[1.094s] running install
[1.104s] running install_lib
[1.104s] copying /home/shcho/ros2_study/build/my_first_package/build/lib/my_first_package/my_service_server.py -> /home/shcho/ros2_study/install/my_first_package/lib/python3.10/site-packages/my_first_package
[1.105s] byte-compiling /home/shcho/ros2_study/install/my_first_package/lib/python3.10/site-packages/my_first_package/my_service_server.py to my_service_server.cpython-310.pyc
[1.108s] running install_data
[1.112s] running install_egg_info
[1.119s] removing '/home/shcho/ros2_study/install/my_first_package/lib/python3.10/site-packages/my_first_package-0.0.0-py3.10.egg-info' (and everything under it)
[1.120s] Copying ../../build/my_first_package/my_first_package.egg-info to /home/shcho/ros2_study/install/my_first_package/lib/python3.10/site-packages/my_first_package-0.0.0-py3.10.egg-info
[1.120s] running install_scripts
[1.246s] Installing my_custom_publisher script to /home/shcho/ros2_study/install/my_first_package/lib/my_first_package
[1.253s] Installing my_first_node script to /home/shcho/ros2_study/install/my_first_package/lib/my_first_package
[1.267s] Installing my_publisher script to /home/shcho/ros2_study/install/my_first_package/lib/my_first_package
[1.275s] Installing my_service_server script to /home/shcho/ros2_study/install/my_first_package/lib/my_first_package
[1.287s] Installing my_subscriber script to /home/shcho/ros2_study/install/my_first_package/lib/my_first_package
[1.288s] Installing turtle_cmd_and_pose script to /home/shcho/ros2_study/install/my_first_package/lib/my_first_package
[1.291s] writing list of installed files to '/home/shcho/ros2_study/build/my_first_package/install.log'
[1.314s] Invoked command in '/home/shcho/ros2_study/src/my_first_package' returned '0': PYTHONPATH=/home/shcho/ros2_study/build/my_first_package/prefix_override:/usr/lib/python3/dist-packages/colcon_core/task/python/colcon_distutils_commands:/home/shcho/ros2_study/install/my_first_package/lib/python3.10/site-packages:${PYTHONPATH} /usr/bin/python3 -W ignore:setup.py install is deprecated -W ignore:easy_install command is deprecated setup.py egg_info --egg-base ../../build/my_first_package build --build-base /home/shcho/ros2_study/build/my_first_package/build install --record /home/shcho/ros2_study/build/my_first_package/install.log --single-version-externally-managed install_data
