[0.689s] Invoking command in '/home/shcho/ros2_study/src/my_first_package': PYTHONPATH=/home/shcho/ros2_study/build/my_first_package/prefix_override:/usr/lib/python3/dist-packages/colcon_core/task/python/colcon_distutils_commands:/home/shcho/ros2_study/install/my_first_package/lib/python3.10/site-packages:${PYTHONPATH} /usr/bin/python3 -W ignore:setup.py install is deprecated -W ignore:easy_install command is deprecated setup.py egg_info --egg-base ../../build/my_first_package build --build-base /home/shcho/ros2_study/build/my_first_package/build install --record /home/shcho/ros2_study/build/my_first_package/install.log --single-version-externally-managed install_data
[0.926s] running egg_info
[0.927s] writing ../../build/my_first_package/my_first_package.egg-info/PKG-INFO
[0.928s] writing dependency_links to ../../build/my_first_package/my_first_package.egg-info/dependency_links.txt
[0.928s] writing entry points to ../../build/my_first_package/my_first_package.egg-info/entry_points.txt
[0.929s] writing requirements to ../../build/my_first_package/my_first_package.egg-info/requires.txt
[0.929s] writing top-level names to ../../build/my_first_package/my_first_package.egg-info/top_level.txt
[0.931s] reading manifest file '../../build/my_first_package/my_first_package.egg-info/SOURCES.txt'
[0.931s] writing manifest file '../../build/my_first_package/my_first_package.egg-info/SOURCES.txt'
[0.931s] running build
[0.931s] running build_py
[0.931s] running install
[0.932s] running install_lib
[0.932s] running install_data
[0.933s] running install_egg_info
[0.934s] removing '/home/shcho/ros2_study/install/my_first_package/lib/python3.10/site-packages/my_first_package-0.0.0-py3.10.egg-info' (and everything under it)
[0.934s] Copying ../../build/my_first_package/my_first_package.egg-info to /home/shcho/ros2_study/install/my_first_package/lib/python3.10/site-packages/my_first_package-0.0.0-py3.10.egg-info
[0.934s] running install_scripts
[0.948s] Installing my_custom_publisher script to /home/shcho/ros2_study/install/my_first_package/lib/my_first_package
[0.949s] Installing my_first_node script to /home/shcho/ros2_study/install/my_first_package/lib/my_first_package
[0.949s] Installing my_publisher script to /home/shcho/ros2_study/install/my_first_package/lib/my_first_package
[0.949s] Installing my_subscriber script to /home/shcho/ros2_study/install/my_first_package/lib/my_first_package
[0.950s] Installing turtle_cmd_and_pose script to /home/shcho/ros2_study/install/my_first_package/lib/my_first_package
[0.950s] writing list of installed files to '/home/shcho/ros2_study/build/my_first_package/install.log'
[0.965s] Invoked command in '/home/shcho/ros2_study/src/my_first_package' returned '0': PYTHONPATH=/home/shcho/ros2_study/build/my_first_package/prefix_override:/usr/lib/python3/dist-packages/colcon_core/task/python/colcon_distutils_commands:/home/shcho/ros2_study/install/my_first_package/lib/python3.10/site-packages:${PYTHONPATH} /usr/bin/python3 -W ignore:setup.py install is deprecated -W ignore:easy_install command is deprecated setup.py egg_info --egg-base ../../build/my_first_package build --build-base /home/shcho/ros2_study/build/my_first_package/build install --record /home/shcho/ros2_study/build/my_first_package/install.log --single-version-externally-managed install_data
