[0.016s] Invoking command in '/home/shcho/ros2_study/build/my_first_package_msgs': CMAKE_PREFIX_PATH=${CMAKE_PREFIX_PATH}:/home/shcho/ros2_study/install/my_first_package:/opt/ros/humble /usr/bin/cmake --build /home/shcho/ros2_study/build/my_first_package_msgs -- -j2 -l2
[0.084s] -- Found ament_cmake: 1.3.12 (/opt/ros/humble/share/ament_cmake/cmake)
[0.251s] -- Found rosidl_default_generators: 1.2.0 (/opt/ros/humble/share/rosidl_default_generators/cmake)
[0.255s] -- Using all available rosidl_typesupport_c: rosidl_typesupport_fastrtps_c;rosidl_typesupport_introspection_c
[0.260s] -- Found rosidl_adapter: 3.1.7 (/opt/ros/humble/share/rosidl_adapter/cmake)
[0.321s] -- Using all available rosidl_typesupport_cpp: rosidl_typesupport_fastrtps_cpp;rosidl_typesupport_introspection_cpp
[0.578s] -- Found ament_cmake_ros: 0.10.0 (/opt/ros/humble/share/ament_cmake_ros/cmake)
[0.710s] -- Using all available rosidl_typesupport_c: rosidl_typesupport_fastrtps_c;rosidl_typesupport_introspection_c
[0.867s] -- Using all available rosidl_typesupport_cpp: rosidl_typesupport_fastrtps_cpp;rosidl_typesupport_introspection_cpp
[0.894s] -- Found python_cmake_module: 0.10.0 (/opt/ros/humble/share/python_cmake_module/cmake)
[0.913s] -- Using PYTHON_EXECUTABLE: /usr/bin/python3
[0.913s] -- Using PYTHON_INCLUDE_DIRS: /usr/include/python3.10
[0.913s] -- Using PYTHON_LIBRARIES: /usr/lib/x86_64-linux-gnu/libpython3.10.so
[0.999s] [31mCMake Error at /opt/ros/humble/share/rosidl_cmake/cmake/rosidl_generate_interfaces.cmake:213 (add_custom_target):
[0.999s]   add_custom_target cannot create target "my_first_package_msgs" because
[0.999s]   another target with the same name already exists.  The existing target is a
[0.999s]   custom target created in source directory
[0.999s]   "/home/shcho/ros2_study/src/my_first_package_msgs".  See documentation for
[0.999s]   policy CMP0002 for more details.
[0.999s] Call Stack (most recent call first):
[0.999s]   CMakeLists.txt:23 (rosidl_generate_interfaces)
[0.999s] 
[0.999s] [0m
[0.999s] -- Found ament_lint_auto: 0.12.14 (/opt/ros/humble/share/ament_lint_auto/cmake)
[1.029s] -- Added test 'lint_cmake' to check CMake code style
[1.031s] -- Added test 'xmllint' to check XML markup files
[1.036s] -- Configuring incomplete, errors occurred!
[1.036s] See also "/home/shcho/ros2_study/build/my_first_package_msgs/CMakeFiles/CMakeOutput.log".
[1.042s] gmake: *** [Makefile:747: cmake_check_build_system] Error 1
[1.044s] Invoked command in '/home/shcho/ros2_study/build/my_first_package_msgs' returned '2': CMAKE_PREFIX_PATH=${CMAKE_PREFIX_PATH}:/home/shcho/ros2_study/install/my_first_package:/opt/ros/humble /usr/bin/cmake --build /home/shcho/ros2_study/build/my_first_package_msgs -- -j2 -l2
