[0.071s] DEBUG:colcon:Command line arguments: ['/usr/bin/colcon', 'build']
[0.071s] DEBUG:colcon:Parsed command line arguments: Namespace(log_base=None, log_level=None, verb_name='build', build_base='build', install_base='install', merge_install=False, symlink_install=False, test_result_base=None, continue_on_error=False, executor='parallel', parallel_workers=2, event_handlers=None, ignore_user_meta=False, metas=['./colcon.meta'], base_paths=['.'], packages_ignore=None, packages_ignore_regex=None, paths=None, packages_up_to=None, packages_up_to_regex=None, packages_above=None, packages_above_and_dependencies=None, packages_above_depth=None, packages_select_by_dep=None, packages_skip_by_dep=None, packages_skip_up_to=None, packages_select_build_failed=False, packages_skip_build_finished=False, packages_select_test_failures=False, packages_skip_test_passed=False, packages_select=None, packages_skip=None, packages_select_regex=None, packages_skip_regex=None, packages_start=None, packages_end=None, allow_overriding=[], cmake_args=None, cmake_target=None, cmake_target_skip_unavailable=False, cmake_clean_cache=False, cmake_clean_first=False, cmake_force_configure=False, ament_cmake_args=None, catkin_cmake_args=None, catkin_skip_building_tests=False, mixin_files=None, mixin=None, verb_parser=<colcon_mixin.mixin.mixin_argument.MixinArgumentDecorator object at 0x7ea25ab8c4f0>, verb_extension=<colcon_core.verb.build.BuildVerb object at 0x7ea25ab53df0>, main=<bound method BuildVerb.main of <colcon_core.verb.build.BuildVerb object at 0x7ea25ab53df0>>, mixin_verb=('build',))
[0.180s] Level 1:colcon.colcon_core.package_discovery:discover_packages(colcon_meta) check parameters
[0.180s] Level 1:colcon.colcon_core.package_discovery:discover_packages(recursive) check parameters
[0.181s] Level 1:colcon.colcon_core.package_discovery:discover_packages(ignore) check parameters
[0.181s] Level 1:colcon.colcon_core.package_discovery:discover_packages(path) check parameters
[0.181s] Level 1:colcon.colcon_core.package_discovery:discover_packages(colcon_meta) discover
[0.181s] Level 1:colcon.colcon_core.package_discovery:discover_packages(recursive) discover
[0.181s] INFO:colcon.colcon_core.package_discovery:Crawling recursively for packages in '/home/shcho/ros2_study/src'
[0.181s] Level 1:colcon.colcon_core.package_identification:_identify(.) by extensions ['ignore', 'ignore_ament_install']
[0.181s] Level 1:colcon.colcon_core.package_identification:_identify(.) by extension 'ignore'
[0.181s] Level 1:colcon.colcon_core.package_identification:_identify(.) by extension 'ignore_ament_install'
[0.181s] Level 1:colcon.colcon_core.package_identification:_identify(.) by extensions ['colcon_pkg']
[0.181s] Level 1:colcon.colcon_core.package_identification:_identify(.) by extension 'colcon_pkg'
[0.181s] Level 1:colcon.colcon_core.package_identification:_identify(.) by extensions ['colcon_meta']
[0.181s] Level 1:colcon.colcon_core.package_identification:_identify(.) by extension 'colcon_meta'
[0.181s] Level 1:colcon.colcon_core.package_identification:_identify(.) by extensions ['ros']
[0.181s] Level 1:colcon.colcon_core.package_identification:_identify(.) by extension 'ros'
[0.204s] Level 1:colcon.colcon_core.package_identification:_identify(.) by extensions ['cmake', 'python']
[0.205s] Level 1:colcon.colcon_core.package_identification:_identify(.) by extension 'cmake'
[0.205s] Level 1:colcon.colcon_core.package_identification:_identify(.) by extension 'python'
[0.205s] Level 1:colcon.colcon_core.package_identification:_identify(.) by extensions ['python_setup_py']
[0.205s] Level 1:colcon.colcon_core.package_identification:_identify(.) by extension 'python_setup_py'
[0.205s] Level 1:colcon.colcon_core.package_identification:_identify(build) by extensions ['ignore', 'ignore_ament_install']
[0.205s] Level 1:colcon.colcon_core.package_identification:_identify(build) by extension 'ignore'
[0.205s] Level 1:colcon.colcon_core.package_identification:_identify(build) ignored
[0.205s] Level 1:colcon.colcon_core.package_identification:_identify(install) by extensions ['ignore', 'ignore_ament_install']
[0.205s] Level 1:colcon.colcon_core.package_identification:_identify(install) by extension 'ignore'
[0.205s] Level 1:colcon.colcon_core.package_identification:_identify(install) ignored
[0.205s] Level 1:colcon.colcon_core.package_identification:_identify(log) by extensions ['ignore', 'ignore_ament_install']
[0.205s] Level 1:colcon.colcon_core.package_identification:_identify(log) by extension 'ignore'
[0.205s] Level 1:colcon.colcon_core.package_identification:_identify(log) ignored
[0.205s] Level 1:colcon.colcon_core.package_identification:_identify(my_first_package) by extensions ['ignore', 'ignore_ament_install']
[0.206s] Level 1:colcon.colcon_core.package_identification:_identify(my_first_package) by extension 'ignore'
[0.206s] Level 1:colcon.colcon_core.package_identification:_identify(my_first_package) by extension 'ignore_ament_install'
[0.206s] Level 1:colcon.colcon_core.package_identification:_identify(my_first_package) by extensions ['colcon_pkg']
[0.206s] Level 1:colcon.colcon_core.package_identification:_identify(my_first_package) by extension 'colcon_pkg'
[0.206s] Level 1:colcon.colcon_core.package_identification:_identify(my_first_package) by extensions ['colcon_meta']
[0.206s] Level 1:colcon.colcon_core.package_identification:_identify(my_first_package) by extension 'colcon_meta'
[0.206s] Level 1:colcon.colcon_core.package_identification:_identify(my_first_package) by extensions ['ros']
[0.206s] Level 1:colcon.colcon_core.package_identification:_identify(my_first_package) by extension 'ros'
[0.207s] DEBUG:colcon.colcon_core.package_identification:Package 'my_first_package' with type 'ros.ament_python' and name 'my_first_package'
[0.207s] Level 1:colcon.colcon_core.package_identification:_identify(my_first_package_msgs) by extensions ['ignore', 'ignore_ament_install']
[0.208s] Level 1:colcon.colcon_core.package_identification:_identify(my_first_package_msgs) by extension 'ignore'
[0.208s] Level 1:colcon.colcon_core.package_identification:_identify(my_first_package_msgs) by extension 'ignore_ament_install'
[0.208s] Level 1:colcon.colcon_core.package_identification:_identify(my_first_package_msgs) by extensions ['colcon_pkg']
[0.208s] Level 1:colcon.colcon_core.package_identification:_identify(my_first_package_msgs) by extension 'colcon_pkg'
[0.208s] Level 1:colcon.colcon_core.package_identification:_identify(my_first_package_msgs) by extensions ['colcon_meta']
[0.208s] Level 1:colcon.colcon_core.package_identification:_identify(my_first_package_msgs) by extension 'colcon_meta'
[0.208s] Level 1:colcon.colcon_core.package_identification:_identify(my_first_package_msgs) by extensions ['ros']
[0.208s] Level 1:colcon.colcon_core.package_identification:_identify(my_first_package_msgs) by extension 'ros'
[0.208s] DEBUG:colcon.colcon_core.package_identification:Package 'my_first_package_msgs' with type 'ros.ament_cmake' and name 'my_first_package_msgs'
[0.208s] Level 1:colcon.colcon_core.package_discovery:discover_packages(recursive) using defaults
[0.208s] Level 1:colcon.colcon_core.package_discovery:discover_packages(ignore) discover
[0.208s] Level 1:colcon.colcon_core.package_discovery:discover_packages(ignore) using defaults
[0.208s] Level 1:colcon.colcon_core.package_discovery:discover_packages(path) discover
[0.208s] Level 1:colcon.colcon_core.package_discovery:discover_packages(path) using defaults
[0.222s] Level 1:colcon.colcon_core.package_discovery:discover_packages(prefix_path) check parameters
[0.222s] Level 1:colcon.colcon_core.package_discovery:discover_packages(prefix_path) discover
[0.223s] DEBUG:colcon.colcon_installed_package_information.package_discovery:Found 2 installed packages in /home/shcho/ros2_study/install
[0.224s] DEBUG:colcon.colcon_installed_package_information.package_discovery:Found 273 installed packages in /opt/ros/humble
[0.225s] Level 1:colcon.colcon_core.package_discovery:discover_packages(prefix_path) using defaults
[0.245s] Level 5:colcon.colcon_core.verb:set package 'my_first_package' build argument 'cmake_args' from command line to 'None'
[0.245s] Level 5:colcon.colcon_core.verb:set package 'my_first_package' build argument 'cmake_target' from command line to 'None'
[0.245s] Level 5:colcon.colcon_core.verb:set package 'my_first_package' build argument 'cmake_target_skip_unavailable' from command line to 'False'
[0.245s] Level 5:colcon.colcon_core.verb:set package 'my_first_package' build argument 'cmake_clean_cache' from command line to 'False'
[0.245s] Level 5:colcon.colcon_core.verb:set package 'my_first_package' build argument 'cmake_clean_first' from command line to 'False'
[0.245s] Level 5:colcon.colcon_core.verb:set package 'my_first_package' build argument 'cmake_force_configure' from command line to 'False'
[0.245s] Level 5:colcon.colcon_core.verb:set package 'my_first_package' build argument 'ament_cmake_args' from command line to 'None'
[0.245s] Level 5:colcon.colcon_core.verb:set package 'my_first_package' build argument 'catkin_cmake_args' from command line to 'None'
[0.245s] Level 5:colcon.colcon_core.verb:set package 'my_first_package' build argument 'catkin_skip_building_tests' from command line to 'False'
[0.245s] DEBUG:colcon.colcon_core.verb:Building package 'my_first_package' with the following arguments: {'ament_cmake_args': None, 'build_base': '/home/shcho/ros2_study/src/build/my_first_package', 'catkin_cmake_args': None, 'catkin_skip_building_tests': False, 'cmake_args': None, 'cmake_clean_cache': False, 'cmake_clean_first': False, 'cmake_force_configure': False, 'cmake_target': None, 'cmake_target_skip_unavailable': False, 'install_base': '/home/shcho/ros2_study/src/install/my_first_package', 'merge_install': False, 'path': '/home/shcho/ros2_study/src/my_first_package', 'symlink_install': False, 'test_result_base': None}
[0.246s] Level 5:colcon.colcon_core.verb:set package 'my_first_package_msgs' build argument 'cmake_args' from command line to 'None'
[0.246s] Level 5:colcon.colcon_core.verb:set package 'my_first_package_msgs' build argument 'cmake_target' from command line to 'None'
[0.246s] Level 5:colcon.colcon_core.verb:set package 'my_first_package_msgs' build argument 'cmake_target_skip_unavailable' from command line to 'False'
[0.246s] Level 5:colcon.colcon_core.verb:set package 'my_first_package_msgs' build argument 'cmake_clean_cache' from command line to 'False'
[0.246s] Level 5:colcon.colcon_core.verb:set package 'my_first_package_msgs' build argument 'cmake_clean_first' from command line to 'False'
[0.246s] Level 5:colcon.colcon_core.verb:set package 'my_first_package_msgs' build argument 'cmake_force_configure' from command line to 'False'
[0.246s] Level 5:colcon.colcon_core.verb:set package 'my_first_package_msgs' build argument 'ament_cmake_args' from command line to 'None'
[0.246s] Level 5:colcon.colcon_core.verb:set package 'my_first_package_msgs' build argument 'catkin_cmake_args' from command line to 'None'
[0.246s] Level 5:colcon.colcon_core.verb:set package 'my_first_package_msgs' build argument 'catkin_skip_building_tests' from command line to 'False'
[0.246s] DEBUG:colcon.colcon_core.verb:Building package 'my_first_package_msgs' with the following arguments: {'ament_cmake_args': None, 'build_base': '/home/shcho/ros2_study/src/build/my_first_package_msgs', 'catkin_cmake_args': None, 'catkin_skip_building_tests': False, 'cmake_args': None, 'cmake_clean_cache': False, 'cmake_clean_first': False, 'cmake_force_configure': False, 'cmake_target': None, 'cmake_target_skip_unavailable': False, 'install_base': '/home/shcho/ros2_study/src/install/my_first_package_msgs', 'merge_install': False, 'path': '/home/shcho/ros2_study/src/my_first_package_msgs', 'symlink_install': False, 'test_result_base': None}
[0.246s] INFO:colcon.colcon_core.executor:Executing jobs using 'parallel' executor
[0.247s] DEBUG:colcon.colcon_parallel_executor.executor.parallel:run_until_complete
[0.248s] INFO:colcon.colcon_ros.task.ament_python.build:Building ROS package in '/home/shcho/ros2_study/src/my_first_package' with build type 'ament_python'
[0.248s] Level 1:colcon.colcon_core.shell:create_environment_hook('my_first_package', 'ament_prefix_path')
[0.249s] INFO:colcon.colcon_core.plugin_system:Skipping extension 'colcon_core.shell.bat': Not used on non-Windows systems
[0.249s] INFO:colcon.colcon_core.shell:Creating environment hook '/home/shcho/ros2_study/src/install/my_first_package/share/my_first_package/hook/ament_prefix_path.ps1'
[0.250s] INFO:colcon.colcon_core.shell:Creating environment descriptor '/home/shcho/ros2_study/src/install/my_first_package/share/my_first_package/hook/ament_prefix_path.dsv'
[0.250s] INFO:colcon.colcon_core.shell:Creating environment hook '/home/shcho/ros2_study/src/install/my_first_package/share/my_first_package/hook/ament_prefix_path.sh'
[0.251s] INFO:colcon.colcon_core.shell:Skip shell extension 'powershell' for command environment: Not usable outside of PowerShell
[0.251s] DEBUG:colcon.colcon_core.shell:Skip shell extension 'dsv' for command environment
[0.255s] INFO:colcon.colcon_ros.task.ament_cmake.build:Building ROS package in '/home/shcho/ros2_study/src/my_first_package_msgs' with build type 'ament_cmake'
[0.255s] INFO:colcon.colcon_cmake.task.cmake.build:Building CMake package in '/home/shcho/ros2_study/src/my_first_package_msgs'
[0.255s] INFO:colcon.colcon_core.shell:Skip shell extension 'powershell' for command environment: Not usable outside of PowerShell
[0.255s] DEBUG:colcon.colcon_core.shell:Skip shell extension 'dsv' for command environment
[0.430s] INFO:colcon.colcon_core.task.python.build:Building Python package in '/home/shcho/ros2_study/src/my_first_package'
[0.431s] INFO:colcon.colcon_core.shell:Skip shell extension 'powershell' for command environment: Not usable outside of PowerShell
[0.431s] DEBUG:colcon.colcon_core.shell:Skip shell extension 'dsv' for command environment
[0.447s] DEBUG:colcon.colcon_core.event_handler.log_command:Invoking command in '/home/shcho/ros2_study/src/build/my_first_package_msgs': CMAKE_PREFIX_PATH=${CMAKE_PREFIX_PATH}:/home/shcho/ros2_study/install/my_first_package:/opt/ros/humble /usr/bin/cmake --build /home/shcho/ros2_study/src/build/my_first_package_msgs -- -j2 -l2
[0.855s] DEBUG:colcon.colcon_core.event_handler.log_command:Invoking command in '/home/shcho/ros2_study/src/my_first_package': PYTHONPATH=/home/shcho/ros2_study/src/build/my_first_package/prefix_override:/usr/lib/python3/dist-packages/colcon_core/task/python/colcon_distutils_commands:/home/shcho/ros2_study/src/install/my_first_package/lib/python3.10/site-packages:${PYTHONPATH} /usr/bin/python3 -W ignore:setup.py install is deprecated -W ignore:easy_install command is deprecated setup.py egg_info --egg-base ../build/my_first_package build --build-base /home/shcho/ros2_study/src/build/my_first_package/build install --record /home/shcho/ros2_study/src/build/my_first_package/install.log --single-version-externally-managed install_data
[1.126s] Level 1:colcon.colcon_core.environment:checking '/home/shcho/ros2_study/src/install/my_first_package' for CMake module files
[1.126s] DEBUG:colcon.colcon_core.event_handler.log_command:Invoked command in '/home/shcho/ros2_study/src/my_first_package' returned '0': PYTHONPATH=/home/shcho/ros2_study/src/build/my_first_package/prefix_override:/usr/lib/python3/dist-packages/colcon_core/task/python/colcon_distutils_commands:/home/shcho/ros2_study/src/install/my_first_package/lib/python3.10/site-packages:${PYTHONPATH} /usr/bin/python3 -W ignore:setup.py install is deprecated -W ignore:easy_install command is deprecated setup.py egg_info --egg-base ../build/my_first_package build --build-base /home/shcho/ros2_study/src/build/my_first_package/build install --record /home/shcho/ros2_study/src/build/my_first_package/install.log --single-version-externally-managed install_data
[1.126s] Level 1:colcon.colcon_core.environment:checking '/home/shcho/ros2_study/src/install/my_first_package' for CMake config files
[1.127s] Level 1:colcon.colcon_core.environment:checking '/home/shcho/ros2_study/src/install/my_first_package/lib'
[1.127s] Level 1:colcon.colcon_core.environment:checking '/home/shcho/ros2_study/src/install/my_first_package/bin'
[1.127s] Level 1:colcon.colcon_core.environment:checking '/home/shcho/ros2_study/src/install/my_first_package/lib/pkgconfig/my_first_package.pc'
[1.127s] Level 1:colcon.colcon_core.environment:checking '/home/shcho/ros2_study/src/install/my_first_package/lib/python3.10/site-packages'
[1.127s] Level 1:colcon.colcon_core.shell:create_environment_hook('my_first_package', 'pythonpath')
[1.127s] INFO:colcon.colcon_core.shell:Creating environment hook '/home/shcho/ros2_study/src/install/my_first_package/share/my_first_package/hook/pythonpath.ps1'
[1.128s] INFO:colcon.colcon_core.shell:Creating environment descriptor '/home/shcho/ros2_study/src/install/my_first_package/share/my_first_package/hook/pythonpath.dsv'
[1.128s] INFO:colcon.colcon_core.shell:Creating environment hook '/home/shcho/ros2_study/src/install/my_first_package/share/my_first_package/hook/pythonpath.sh'
[1.129s] Level 1:colcon.colcon_core.environment:checking '/home/shcho/ros2_study/src/install/my_first_package/bin'
[1.129s] Level 1:colcon.colcon_core.environment:create_environment_scripts_only(my_first_package)
[1.129s] INFO:colcon.colcon_core.shell:Creating package script '/home/shcho/ros2_study/src/install/my_first_package/share/my_first_package/package.ps1'
[1.130s] INFO:colcon.colcon_core.shell:Creating package descriptor '/home/shcho/ros2_study/src/install/my_first_package/share/my_first_package/package.dsv'
[1.131s] INFO:colcon.colcon_core.shell:Creating package script '/home/shcho/ros2_study/src/install/my_first_package/share/my_first_package/package.sh'
[1.132s] INFO:colcon.colcon_core.shell:Creating package script '/home/shcho/ros2_study/src/install/my_first_package/share/my_first_package/package.bash'
[1.132s] INFO:colcon.colcon_core.shell:Creating package script '/home/shcho/ros2_study/src/install/my_first_package/share/my_first_package/package.zsh'
[1.133s] Level 1:colcon.colcon_core.environment:create_file_with_runtime_dependencies(/home/shcho/ros2_study/src/install/my_first_package/share/colcon-core/packages/my_first_package)
[1.145s] DEBUG:colcon.colcon_core.event_handler.log_command:Invoked command in '/home/shcho/ros2_study/src/build/my_first_package_msgs' returned '0': CMAKE_PREFIX_PATH=${CMAKE_PREFIX_PATH}:/home/shcho/ros2_study/install/my_first_package:/opt/ros/humble /usr/bin/cmake --build /home/shcho/ros2_study/src/build/my_first_package_msgs -- -j2 -l2
[1.161s] DEBUG:colcon.colcon_core.event_handler.log_command:Invoking command in '/home/shcho/ros2_study/src/build/my_first_package_msgs': CMAKE_PREFIX_PATH=${CMAKE_PREFIX_PATH}:/home/shcho/ros2_study/install/my_first_package:/opt/ros/humble /usr/bin/cmake --install /home/shcho/ros2_study/src/build/my_first_package_msgs
[1.207s] Level 1:colcon.colcon_core.environment:create_environment_scripts_only(my_first_package_msgs)
[1.208s] Level 1:colcon.colcon_core.environment:checking '/home/shcho/ros2_study/src/install/my_first_package_msgs' for CMake module files
[1.208s] Level 1:colcon.colcon_core.environment:checking '/home/shcho/ros2_study/src/install/my_first_package_msgs' for CMake config files
[1.209s] Level 1:colcon.colcon_core.shell:create_environment_hook('my_first_package_msgs', 'cmake_prefix_path')
[1.209s] INFO:colcon.colcon_core.shell:Creating environment hook '/home/shcho/ros2_study/src/install/my_first_package_msgs/share/my_first_package_msgs/hook/cmake_prefix_path.ps1'
[1.209s] DEBUG:colcon.colcon_core.event_handler.log_command:Invoked command in '/home/shcho/ros2_study/src/build/my_first_package_msgs' returned '0': CMAKE_PREFIX_PATH=${CMAKE_PREFIX_PATH}:/home/shcho/ros2_study/install/my_first_package:/opt/ros/humble /usr/bin/cmake --install /home/shcho/ros2_study/src/build/my_first_package_msgs
[1.210s] INFO:colcon.colcon_core.shell:Creating environment descriptor '/home/shcho/ros2_study/src/install/my_first_package_msgs/share/my_first_package_msgs/hook/cmake_prefix_path.dsv'
[1.210s] INFO:colcon.colcon_core.shell:Creating environment hook '/home/shcho/ros2_study/src/install/my_first_package_msgs/share/my_first_package_msgs/hook/cmake_prefix_path.sh'
[1.211s] Level 1:colcon.colcon_core.environment:checking '/home/shcho/ros2_study/src/install/my_first_package_msgs/lib'
[1.211s] Level 1:colcon.colcon_core.shell:create_environment_hook('my_first_package_msgs', 'ld_library_path_lib')
[1.212s] INFO:colcon.colcon_core.shell:Creating environment hook '/home/shcho/ros2_study/src/install/my_first_package_msgs/share/my_first_package_msgs/hook/ld_library_path_lib.ps1'
[1.213s] INFO:colcon.colcon_core.shell:Creating environment descriptor '/home/shcho/ros2_study/src/install/my_first_package_msgs/share/my_first_package_msgs/hook/ld_library_path_lib.dsv'
[1.214s] INFO:colcon.colcon_core.shell:Creating environment hook '/home/shcho/ros2_study/src/install/my_first_package_msgs/share/my_first_package_msgs/hook/ld_library_path_lib.sh'
[1.216s] Level 1:colcon.colcon_core.environment:checking '/home/shcho/ros2_study/src/install/my_first_package_msgs/bin'
[1.216s] Level 1:colcon.colcon_core.environment:checking '/home/shcho/ros2_study/src/install/my_first_package_msgs/lib/pkgconfig/my_first_package_msgs.pc'
[1.216s] Level 1:colcon.colcon_core.environment:checking '/home/shcho/ros2_study/src/install/my_first_package_msgs/lib/python3.10/site-packages'
[1.216s] Level 1:colcon.colcon_core.environment:checking '/home/shcho/ros2_study/src/install/my_first_package_msgs/bin'
[1.217s] INFO:colcon.colcon_core.shell:Creating package script '/home/shcho/ros2_study/src/install/my_first_package_msgs/share/my_first_package_msgs/package.ps1'
[1.217s] INFO:colcon.colcon_core.shell:Creating package descriptor '/home/shcho/ros2_study/src/install/my_first_package_msgs/share/my_first_package_msgs/package.dsv'
[1.218s] INFO:colcon.colcon_core.shell:Creating package script '/home/shcho/ros2_study/src/install/my_first_package_msgs/share/my_first_package_msgs/package.sh'
[1.218s] INFO:colcon.colcon_core.shell:Creating package script '/home/shcho/ros2_study/src/install/my_first_package_msgs/share/my_first_package_msgs/package.bash'
[1.219s] INFO:colcon.colcon_core.shell:Creating package script '/home/shcho/ros2_study/src/install/my_first_package_msgs/share/my_first_package_msgs/package.zsh'
[1.220s] Level 1:colcon.colcon_core.environment:create_file_with_runtime_dependencies(/home/shcho/ros2_study/src/install/my_first_package_msgs/share/colcon-core/packages/my_first_package_msgs)
[1.220s] Level 1:colcon.colcon_core.environment:create_environment_scripts_only(my_first_package_msgs)
[1.221s] Level 1:colcon.colcon_core.environment:checking '/home/shcho/ros2_study/src/install/my_first_package_msgs' for CMake module files
[1.221s] Level 1:colcon.colcon_core.environment:checking '/home/shcho/ros2_study/src/install/my_first_package_msgs' for CMake config files
[1.221s] Level 1:colcon.colcon_core.shell:create_environment_hook('my_first_package_msgs', 'cmake_prefix_path')
[1.221s] INFO:colcon.colcon_core.shell:Creating environment hook '/home/shcho/ros2_study/src/install/my_first_package_msgs/share/my_first_package_msgs/hook/cmake_prefix_path.ps1'
[1.222s] INFO:colcon.colcon_core.shell:Creating environment descriptor '/home/shcho/ros2_study/src/install/my_first_package_msgs/share/my_first_package_msgs/hook/cmake_prefix_path.dsv'
[1.223s] INFO:colcon.colcon_core.shell:Creating environment hook '/home/shcho/ros2_study/src/install/my_first_package_msgs/share/my_first_package_msgs/hook/cmake_prefix_path.sh'
[1.223s] Level 1:colcon.colcon_core.environment:checking '/home/shcho/ros2_study/src/install/my_first_package_msgs/lib'
[1.224s] Level 1:colcon.colcon_core.shell:create_environment_hook('my_first_package_msgs', 'ld_library_path_lib')
[1.224s] INFO:colcon.colcon_core.shell:Creating environment hook '/home/shcho/ros2_study/src/install/my_first_package_msgs/share/my_first_package_msgs/hook/ld_library_path_lib.ps1'
[1.224s] INFO:colcon.colcon_core.shell:Creating environment descriptor '/home/shcho/ros2_study/src/install/my_first_package_msgs/share/my_first_package_msgs/hook/ld_library_path_lib.dsv'
[1.225s] INFO:colcon.colcon_core.shell:Creating environment hook '/home/shcho/ros2_study/src/install/my_first_package_msgs/share/my_first_package_msgs/hook/ld_library_path_lib.sh'
[1.225s] Level 1:colcon.colcon_core.environment:checking '/home/shcho/ros2_study/src/install/my_first_package_msgs/bin'
[1.225s] Level 1:colcon.colcon_core.environment:checking '/home/shcho/ros2_study/src/install/my_first_package_msgs/lib/pkgconfig/my_first_package_msgs.pc'
[1.226s] Level 1:colcon.colcon_core.environment:checking '/home/shcho/ros2_study/src/install/my_first_package_msgs/lib/python3.10/site-packages'
[1.226s] Level 1:colcon.colcon_core.environment:checking '/home/shcho/ros2_study/src/install/my_first_package_msgs/bin'
[1.226s] INFO:colcon.colcon_core.shell:Creating package script '/home/shcho/ros2_study/src/install/my_first_package_msgs/share/my_first_package_msgs/package.ps1'
[1.227s] INFO:colcon.colcon_core.shell:Creating package descriptor '/home/shcho/ros2_study/src/install/my_first_package_msgs/share/my_first_package_msgs/package.dsv'
[1.227s] INFO:colcon.colcon_core.shell:Creating package script '/home/shcho/ros2_study/src/install/my_first_package_msgs/share/my_first_package_msgs/package.sh'
[1.228s] INFO:colcon.colcon_core.shell:Creating package script '/home/shcho/ros2_study/src/install/my_first_package_msgs/share/my_first_package_msgs/package.bash'
[1.228s] INFO:colcon.colcon_core.shell:Creating package script '/home/shcho/ros2_study/src/install/my_first_package_msgs/share/my_first_package_msgs/package.zsh'
[1.229s] Level 1:colcon.colcon_core.environment:create_file_with_runtime_dependencies(/home/shcho/ros2_study/src/install/my_first_package_msgs/share/colcon-core/packages/my_first_package_msgs)
[1.230s] DEBUG:colcon.colcon_parallel_executor.executor.parallel:closing loop
[1.230s] DEBUG:colcon.colcon_parallel_executor.executor.parallel:loop closed
[1.230s] DEBUG:colcon.colcon_parallel_executor.executor.parallel:run_until_complete finished with '0'
[1.230s] DEBUG:colcon.colcon_core.event_reactor:joining thread
[1.238s] INFO:colcon.colcon_core.plugin_system:Skipping extension 'colcon_notification.desktop_notification.terminal_notifier': Not used on non-Darwin systems
[1.248s] INFO:colcon.colcon_core.plugin_system:Skipping extension 'colcon_notification.desktop_notification.win32': Not used on non-Windows systems
[1.248s] INFO:colcon.colcon_notification.desktop_notification:Sending desktop notification using 'notify2'
[1.273s] DEBUG:colcon.colcon_core.event_reactor:joined thread
[1.274s] INFO:colcon.colcon_core.shell:Creating prefix script '/home/shcho/ros2_study/src/install/local_setup.ps1'
[1.274s] INFO:colcon.colcon_core.shell:Creating prefix util module '/home/shcho/ros2_study/src/install/_local_setup_util_ps1.py'
[1.277s] INFO:colcon.colcon_core.shell:Creating prefix chain script '/home/shcho/ros2_study/src/install/setup.ps1'
[1.282s] INFO:colcon.colcon_core.shell:Creating prefix script '/home/shcho/ros2_study/src/install/local_setup.sh'
[1.283s] INFO:colcon.colcon_core.shell:Creating prefix util module '/home/shcho/ros2_study/src/install/_local_setup_util_sh.py'
[1.285s] INFO:colcon.colcon_core.shell:Creating prefix chain script '/home/shcho/ros2_study/src/install/setup.sh'
[1.295s] INFO:colcon.colcon_core.shell:Creating prefix script '/home/shcho/ros2_study/src/install/local_setup.bash'
[1.296s] INFO:colcon.colcon_core.shell:Creating prefix chain script '/home/shcho/ros2_study/src/install/setup.bash'
[1.297s] INFO:colcon.colcon_core.shell:Creating prefix script '/home/shcho/ros2_study/src/install/local_setup.zsh'
[1.298s] INFO:colcon.colcon_core.shell:Creating prefix chain script '/home/shcho/ros2_study/src/install/setup.zsh'
