[0.475s] Invoking command in '/home/shcho/ros2_study/src/my_first_package': PYTHONPATH=/home/shcho/ros2_study/build/my_first_package/prefix_override:/usr/lib/python3/dist-packages/colcon_core/task/python/colcon_distutils_commands:/home/shcho/ros2_study/install/my_first_package/lib/python3.10/site-packages:${PYTHONPATH} /usr/bin/python3 -W ignore:setup.py install is deprecated -W ignore:easy_install command is deprecated setup.py egg_info --egg-base ../../build/my_first_package build --build-base /home/shcho/ros2_study/build/my_first_package/build install --record /home/shcho/ros2_study/build/my_first_package/install.log --single-version-externally-managed install_data
[0.851s] running egg_info
[0.852s] writing ../../build/my_first_package/my_first_package.egg-info/PKG-INFO
[0.853s] writing dependency_links to ../../build/my_first_package/my_first_package.egg-info/dependency_links.txt
[0.853s] writing entry points to ../../build/my_first_package/my_first_package.egg-info/entry_points.txt
[0.853s] writing requirements to ../../build/my_first_package/my_first_package.egg-info/requires.txt
[0.854s] writing top-level names to ../../build/my_first_package/my_first_package.egg-info/top_level.txt
[0.855s] reading manifest file '../../build/my_first_package/my_first_package.egg-info/SOURCES.txt'
[0.856s] writing manifest file '../../build/my_first_package/my_first_package.egg-info/SOURCES.txt'
[0.856s] running build
[0.856s] running build_py
[0.856s] copying my_first_package/turtle_cmd_and_pose.py -> /home/shcho/ros2_study/build/my_first_package/build/lib/my_first_package
[0.857s] running install
[0.857s] running install_lib
[0.857s] copying /home/shcho/ros2_study/build/my_first_package/build/lib/my_first_package/turtle_cmd_and_pose.py -> /home/shcho/ros2_study/install/my_first_package/lib/python3.10/site-packages/my_first_package
[0.859s] byte-compiling /home/shcho/ros2_study/install/my_first_package/lib/python3.10/site-packages/my_first_package/turtle_cmd_and_pose.py to turtle_cmd_and_pose.cpython-310.pyc
[0.859s] running install_data
[0.859s] running install_egg_info
[0.860s] removing '/home/shcho/ros2_study/install/my_first_package/lib/python3.10/site-packages/my_first_package-0.0.0-py3.10.egg-info' (and everything under it)
[0.860s] Copying ../../build/my_first_package/my_first_package.egg-info to /home/shcho/ros2_study/install/my_first_package/lib/python3.10/site-packages/my_first_package-0.0.0-py3.10.egg-info
[0.862s] running install_scripts
[0.873s] Installing my_custom_publisher script to /home/shcho/ros2_study/install/my_first_package/lib/my_first_package
[0.874s] Installing my_first_node script to /home/shcho/ros2_study/install/my_first_package/lib/my_first_package
[0.875s] Installing my_publisher script to /home/shcho/ros2_study/install/my_first_package/lib/my_first_package
[0.875s] Installing my_subscriber script to /home/shcho/ros2_study/install/my_first_package/lib/my_first_package
[0.875s] Installing turtle_cmd_and_pose script to /home/shcho/ros2_study/install/my_first_package/lib/my_first_package
[0.876s] writing list of installed files to '/home/shcho/ros2_study/build/my_first_package/install.log'
[0.894s] Invoked command in '/home/shcho/ros2_study/src/my_first_package' returned '0': PYTHONPATH=/home/shcho/ros2_study/build/my_first_package/prefix_override:/usr/lib/python3/dist-packages/colcon_core/task/python/colcon_distutils_commands:/home/shcho/ros2_study/install/my_first_package/lib/python3.10/site-packages:${PYTHONPATH} /usr/bin/python3 -W ignore:setup.py install is deprecated -W ignore:easy_install command is deprecated setup.py egg_info --egg-base ../../build/my_first_package build --build-base /home/shcho/ros2_study/build/my_first_package/build install --record /home/shcho/ros2_study/build/my_first_package/install.log --single-version-externally-managed install_data
