[0.176s] Invoking command in '/home/shcho/ros2_study/build/my_first_package_msgs': CMAKE_PREFIX_PATH=${CMAKE_PREFIX_PATH}:/home/shcho/ros2_study/install/my_first_package:/opt/ros/humble /usr/bin/cmake --build /home/shcho/ros2_study/build/my_first_package_msgs -- -j2 -l2
[0.331s] [  3%] Built target my_first_package_msgs__cpp
[0.334s] [ 12%] Built target my_first_package_msgs__rosidl_generator_c
[0.368s] [ 22%] Built target my_first_package_msgs__rosidl_typesupport_introspection_cpp
[0.397s] [ 22%] Built target ament_cmake_python_copy_my_first_package_msgs
[0.419s] [ 32%] Built target my_first_package_msgs__rosidl_typesupport_fastrtps_c
[0.429s] [ 41%] Built target my_first_package_msgs__rosidl_typesupport_cpp
[0.454s] [ 51%] Built target my_first_package_msgs__rosidl_typesupport_c
[0.455s] [ 61%] Built target my_first_package_msgs__rosidl_typesupport_introspection_c
[0.505s] [ 70%] Built target my_first_package_msgs__rosidl_typesupport_fastrtps_cpp
[0.537s] [ 70%] Built target my_first_package_msgs
[0.582s] [ 74%] Built target my_first_package_msgs__py
[0.613s] [ 80%] Built target my_first_package_msgs__rosidl_generator_py
[0.638s] [ 87%] Built target my_first_package_msgs__rosidl_typesupport_fastrtps_c__pyext
[0.662s] [ 93%] Built target my_first_package_msgs__rosidl_typesupport_introspection_c__pyext
[0.695s] [100%] Built target my_first_package_msgs__rosidl_typesupport_c__pyext
[0.722s] running egg_info
[0.723s] writing my_first_package_msgs.egg-info/PKG-INFO
[0.723s] writing dependency_links to my_first_package_msgs.egg-info/dependency_links.txt
[0.723s] writing top-level names to my_first_package_msgs.egg-info/top_level.txt
[0.736s] reading manifest file 'my_first_package_msgs.egg-info/SOURCES.txt'
[0.736s] writing manifest file 'my_first_package_msgs.egg-info/SOURCES.txt'
[0.743s] [100%] Built target ament_cmake_python_build_my_first_package_msgs_egg
[0.753s] Invoked command in '/home/shcho/ros2_study/build/my_first_package_msgs' returned '0': CMAKE_PREFIX_PATH=${CMAKE_PREFIX_PATH}:/home/shcho/ros2_study/install/my_first_package:/opt/ros/humble /usr/bin/cmake --build /home/shcho/ros2_study/build/my_first_package_msgs -- -j2 -l2
[0.767s] Invoking command in '/home/shcho/ros2_study/build/my_first_package_msgs': CMAKE_PREFIX_PATH=${CMAKE_PREFIX_PATH}:/home/shcho/ros2_study/install/my_first_package:/opt/ros/humble /usr/bin/cmake --install /home/shcho/ros2_study/build/my_first_package_msgs
[0.775s] -- Install configuration: ""
[0.777s] -- Up-to-date: /home/shcho/ros2_study/install/my_first_package_msgs/share/ament_index/resource_index/rosidl_interfaces/my_first_package_msgs
[0.777s] -- Up-to-date: /home/shcho/ros2_study/install/my_first_package_msgs/include/my_first_package_msgs/my_first_package_msgs
[0.777s] -- Up-to-date: /home/shcho/ros2_study/install/my_first_package_msgs/include/my_first_package_msgs/my_first_package_msgs/srv
[0.777s] -- Up-to-date: /home/shcho/ros2_study/install/my_first_package_msgs/include/my_first_package_msgs/my_first_package_msgs/srv/detail
[0.777s] -- Up-to-date: /home/shcho/ros2_study/install/my_first_package_msgs/include/my_first_package_msgs/my_first_package_msgs/srv/detail/multi_spawn__type_support.h
[0.777s] -- Up-to-date: /home/shcho/ros2_study/install/my_first_package_msgs/include/my_first_package_msgs/my_first_package_msgs/srv/detail/multi_spawn__struct.h
[0.778s] -- Up-to-date: /home/shcho/ros2_study/install/my_first_package_msgs/include/my_first_package_msgs/my_first_package_msgs/srv/detail/multi_spawn__functions.c
[0.778s] -- Up-to-date: /home/shcho/ros2_study/install/my_first_package_msgs/include/my_first_package_msgs/my_first_package_msgs/srv/detail/multi_spawn__functions.h
[0.778s] -- Up-to-date: /home/shcho/ros2_study/install/my_first_package_msgs/include/my_first_package_msgs/my_first_package_msgs/srv/multi_spawn.h
[0.778s] -- Up-to-date: /home/shcho/ros2_study/install/my_first_package_msgs/include/my_first_package_msgs/my_first_package_msgs/msg
[0.778s] -- Up-to-date: /home/shcho/ros2_study/install/my_first_package_msgs/include/my_first_package_msgs/my_first_package_msgs/msg/detail
[0.778s] -- Up-to-date: /home/shcho/ros2_study/install/my_first_package_msgs/include/my_first_package_msgs/my_first_package_msgs/msg/detail/cmd_and_pose_vel__type_support.h
[0.778s] -- Up-to-date: /home/shcho/ros2_study/install/my_first_package_msgs/include/my_first_package_msgs/my_first_package_msgs/msg/detail/cmd_and_pose_vel__functions.h
[0.778s] -- Up-to-date: /home/shcho/ros2_study/install/my_first_package_msgs/include/my_first_package_msgs/my_first_package_msgs/msg/detail/cmd_and_pose_vel__functions.c
[0.778s] -- Up-to-date: /home/shcho/ros2_study/install/my_first_package_msgs/include/my_first_package_msgs/my_first_package_msgs/msg/detail/cmd_and_pose_vel__struct.h
[0.778s] -- Up-to-date: /home/shcho/ros2_study/install/my_first_package_msgs/include/my_first_package_msgs/my_first_package_msgs/msg/cmd_and_pose_vel.h
[0.778s] -- Up-to-date: /home/shcho/ros2_study/install/my_first_package_msgs/include/my_first_package_msgs/my_first_package_msgs/msg/rosidl_generator_c__visibility_control.h
[0.780s] -- Up-to-date: /home/shcho/ros2_study/install/my_first_package_msgs/share/my_first_package_msgs/environment/library_path.sh
[0.781s] -- Up-to-date: /home/shcho/ros2_study/install/my_first_package_msgs/share/my_first_package_msgs/environment/library_path.dsv
[0.781s] -- Up-to-date: /home/shcho/ros2_study/install/my_first_package_msgs/lib/libmy_first_package_msgs__rosidl_generator_c.so
[0.781s] -- Up-to-date: /home/shcho/ros2_study/install/my_first_package_msgs/include/my_first_package_msgs/my_first_package_msgs
[0.781s] -- Up-to-date: /home/shcho/ros2_study/install/my_first_package_msgs/include/my_first_package_msgs/my_first_package_msgs/srv
[0.781s] -- Up-to-date: /home/shcho/ros2_study/install/my_first_package_msgs/include/my_first_package_msgs/my_first_package_msgs/srv/detail
[0.781s] -- Up-to-date: /home/shcho/ros2_study/install/my_first_package_msgs/include/my_first_package_msgs/my_first_package_msgs/srv/detail/multi_spawn__rosidl_typesupport_fastrtps_c.h
[0.781s] -- Up-to-date: /home/shcho/ros2_study/install/my_first_package_msgs/include/my_first_package_msgs/my_first_package_msgs/msg
[0.781s] -- Up-to-date: /home/shcho/ros2_study/install/my_first_package_msgs/include/my_first_package_msgs/my_first_package_msgs/msg/detail
[0.781s] -- Up-to-date: /home/shcho/ros2_study/install/my_first_package_msgs/include/my_first_package_msgs/my_first_package_msgs/msg/detail/cmd_and_pose_vel__rosidl_typesupport_fastrtps_c.h
[0.781s] -- Up-to-date: /home/shcho/ros2_study/install/my_first_package_msgs/include/my_first_package_msgs/my_first_package_msgs/msg/rosidl_typesupport_fastrtps_c__visibility_control.h
[0.781s] -- Up-to-date: /home/shcho/ros2_study/install/my_first_package_msgs/lib/libmy_first_package_msgs__rosidl_typesupport_fastrtps_c.so
[0.781s] -- Up-to-date: /home/shcho/ros2_study/install/my_first_package_msgs/include/my_first_package_msgs/my_first_package_msgs
[0.781s] -- Up-to-date: /home/shcho/ros2_study/install/my_first_package_msgs/include/my_first_package_msgs/my_first_package_msgs/srv
[0.781s] -- Up-to-date: /home/shcho/ros2_study/install/my_first_package_msgs/include/my_first_package_msgs/my_first_package_msgs/srv/detail
[0.781s] -- Up-to-date: /home/shcho/ros2_study/install/my_first_package_msgs/include/my_first_package_msgs/my_first_package_msgs/srv/detail/multi_spawn__type_support.c
[0.781s] -- Up-to-date: /home/shcho/ros2_study/install/my_first_package_msgs/include/my_first_package_msgs/my_first_package_msgs/srv/detail/multi_spawn__rosidl_typesupport_introspection_c.h
[0.781s] -- Up-to-date: /home/shcho/ros2_study/install/my_first_package_msgs/include/my_first_package_msgs/my_first_package_msgs/msg
[0.781s] -- Up-to-date: /home/shcho/ros2_study/install/my_first_package_msgs/include/my_first_package_msgs/my_first_package_msgs/msg/detail
[0.781s] -- Up-to-date: /home/shcho/ros2_study/install/my_first_package_msgs/include/my_first_package_msgs/my_first_package_msgs/msg/detail/cmd_and_pose_vel__type_support.c
[0.781s] -- Up-to-date: /home/shcho/ros2_study/install/my_first_package_msgs/include/my_first_package_msgs/my_first_package_msgs/msg/detail/cmd_and_pose_vel__rosidl_typesupport_introspection_c.h
[0.781s] -- Up-to-date: /home/shcho/ros2_study/install/my_first_package_msgs/include/my_first_package_msgs/my_first_package_msgs/msg/rosidl_typesupport_introspection_c__visibility_control.h
[0.781s] -- Up-to-date: /home/shcho/ros2_study/install/my_first_package_msgs/lib/libmy_first_package_msgs__rosidl_typesupport_introspection_c.so
[0.781s] -- Up-to-date: /home/shcho/ros2_study/install/my_first_package_msgs/lib/libmy_first_package_msgs__rosidl_typesupport_c.so
[0.781s] -- Up-to-date: /home/shcho/ros2_study/install/my_first_package_msgs/include/my_first_package_msgs/my_first_package_msgs
[0.781s] -- Up-to-date: /home/shcho/ros2_study/install/my_first_package_msgs/include/my_first_package_msgs/my_first_package_msgs/srv
[0.781s] -- Up-to-date: /home/shcho/ros2_study/install/my_first_package_msgs/include/my_first_package_msgs/my_first_package_msgs/srv/detail
[0.781s] -- Up-to-date: /home/shcho/ros2_study/install/my_first_package_msgs/include/my_first_package_msgs/my_first_package_msgs/srv/detail/multi_spawn__struct.hpp
[0.781s] -- Up-to-date: /home/shcho/ros2_study/install/my_first_package_msgs/include/my_first_package_msgs/my_first_package_msgs/srv/detail/multi_spawn__builder.hpp
[0.781s] -- Up-to-date: /home/shcho/ros2_study/install/my_first_package_msgs/include/my_first_package_msgs/my_first_package_msgs/srv/detail/multi_spawn__traits.hpp
[0.781s] -- Up-to-date: /home/shcho/ros2_study/install/my_first_package_msgs/include/my_first_package_msgs/my_first_package_msgs/srv/detail/multi_spawn__type_support.hpp
[0.781s] -- Up-to-date: /home/shcho/ros2_study/install/my_first_package_msgs/include/my_first_package_msgs/my_first_package_msgs/srv/multi_spawn.hpp
[0.781s] -- Up-to-date: /home/shcho/ros2_study/install/my_first_package_msgs/include/my_first_package_msgs/my_first_package_msgs/msg
[0.781s] -- Up-to-date: /home/shcho/ros2_study/install/my_first_package_msgs/include/my_first_package_msgs/my_first_package_msgs/msg/detail
[0.781s] -- Up-to-date: /home/shcho/ros2_study/install/my_first_package_msgs/include/my_first_package_msgs/my_first_package_msgs/msg/detail/cmd_and_pose_vel__type_support.hpp
[0.781s] -- Up-to-date: /home/shcho/ros2_study/install/my_first_package_msgs/include/my_first_package_msgs/my_first_package_msgs/msg/detail/cmd_and_pose_vel__struct.hpp
[0.781s] -- Up-to-date: /home/shcho/ros2_study/install/my_first_package_msgs/include/my_first_package_msgs/my_first_package_msgs/msg/detail/cmd_and_pose_vel__builder.hpp
[0.781s] -- Up-to-date: /home/shcho/ros2_study/install/my_first_package_msgs/include/my_first_package_msgs/my_first_package_msgs/msg/detail/cmd_and_pose_vel__traits.hpp
[0.782s] -- Up-to-date: /home/shcho/ros2_study/install/my_first_package_msgs/include/my_first_package_msgs/my_first_package_msgs/msg/cmd_and_pose_vel.hpp
[0.782s] -- Up-to-date: /home/shcho/ros2_study/install/my_first_package_msgs/include/my_first_package_msgs/my_first_package_msgs/msg/rosidl_generator_cpp__visibility_control.hpp
[0.782s] -- Up-to-date: /home/shcho/ros2_study/install/my_first_package_msgs/include/my_first_package_msgs/my_first_package_msgs
[0.782s] -- Up-to-date: /home/shcho/ros2_study/install/my_first_package_msgs/include/my_first_package_msgs/my_first_package_msgs/srv
[0.782s] -- Up-to-date: /home/shcho/ros2_study/install/my_first_package_msgs/include/my_first_package_msgs/my_first_package_msgs/srv/detail
[0.782s] -- Up-to-date: /home/shcho/ros2_study/install/my_first_package_msgs/include/my_first_package_msgs/my_first_package_msgs/srv/detail/multi_spawn__rosidl_typesupport_fastrtps_cpp.hpp
[0.782s] -- Up-to-date: /home/shcho/ros2_study/install/my_first_package_msgs/include/my_first_package_msgs/my_first_package_msgs/srv/detail/dds_fastrtps
[0.782s] -- Up-to-date: /home/shcho/ros2_study/install/my_first_package_msgs/include/my_first_package_msgs/my_first_package_msgs/msg
[0.782s] -- Up-to-date: /home/shcho/ros2_study/install/my_first_package_msgs/include/my_first_package_msgs/my_first_package_msgs/msg/detail
[0.782s] -- Up-to-date: /home/shcho/ros2_study/install/my_first_package_msgs/include/my_first_package_msgs/my_first_package_msgs/msg/detail/dds_fastrtps
[0.782s] -- Up-to-date: /home/shcho/ros2_study/install/my_first_package_msgs/include/my_first_package_msgs/my_first_package_msgs/msg/detail/cmd_and_pose_vel__rosidl_typesupport_fastrtps_cpp.hpp
[0.782s] -- Up-to-date: /home/shcho/ros2_study/install/my_first_package_msgs/include/my_first_package_msgs/my_first_package_msgs/msg/rosidl_typesupport_fastrtps_cpp__visibility_control.h
[0.783s] -- Up-to-date: /home/shcho/ros2_study/install/my_first_package_msgs/lib/libmy_first_package_msgs__rosidl_typesupport_fastrtps_cpp.so
[0.783s] -- Up-to-date: /home/shcho/ros2_study/install/my_first_package_msgs/include/my_first_package_msgs/my_first_package_msgs
[0.783s] -- Up-to-date: /home/shcho/ros2_study/install/my_first_package_msgs/include/my_first_package_msgs/my_first_package_msgs/srv
[0.783s] -- Up-to-date: /home/shcho/ros2_study/install/my_first_package_msgs/include/my_first_package_msgs/my_first_package_msgs/srv/detail
[0.783s] -- Up-to-date: /home/shcho/ros2_study/install/my_first_package_msgs/include/my_first_package_msgs/my_first_package_msgs/srv/detail/multi_spawn__rosidl_typesupport_introspection_cpp.hpp
[0.783s] -- Up-to-date: /home/shcho/ros2_study/install/my_first_package_msgs/include/my_first_package_msgs/my_first_package_msgs/srv/detail/multi_spawn__type_support.cpp
[0.783s] -- Up-to-date: /home/shcho/ros2_study/install/my_first_package_msgs/include/my_first_package_msgs/my_first_package_msgs/msg
[0.783s] -- Up-to-date: /home/shcho/ros2_study/install/my_first_package_msgs/include/my_first_package_msgs/my_first_package_msgs/msg/detail
[0.783s] -- Up-to-date: /home/shcho/ros2_study/install/my_first_package_msgs/include/my_first_package_msgs/my_first_package_msgs/msg/detail/cmd_and_pose_vel__rosidl_typesupport_introspection_cpp.hpp
[0.783s] -- Up-to-date: /home/shcho/ros2_study/install/my_first_package_msgs/include/my_first_package_msgs/my_first_package_msgs/msg/detail/cmd_and_pose_vel__type_support.cpp
[0.783s] -- Up-to-date: /home/shcho/ros2_study/install/my_first_package_msgs/lib/libmy_first_package_msgs__rosidl_typesupport_introspection_cpp.so
[0.783s] -- Up-to-date: /home/shcho/ros2_study/install/my_first_package_msgs/lib/libmy_first_package_msgs__rosidl_typesupport_cpp.so
[0.784s] -- Up-to-date: /home/shcho/ros2_study/install/my_first_package_msgs/share/my_first_package_msgs/environment/pythonpath.sh
[0.784s] -- Up-to-date: /home/shcho/ros2_study/install/my_first_package_msgs/share/my_first_package_msgs/environment/pythonpath.dsv
[0.784s] -- Up-to-date: /home/shcho/ros2_study/install/my_first_package_msgs/local/lib/python3.10/dist-packages/my_first_package_msgs-0.0.0-py3.10.egg-info
[0.784s] -- Installing: /home/shcho/ros2_study/install/my_first_package_msgs/local/lib/python3.10/dist-packages/my_first_package_msgs-0.0.0-py3.10.egg-info/dependency_links.txt
[0.784s] -- Installing: /home/shcho/ros2_study/install/my_first_package_msgs/local/lib/python3.10/dist-packages/my_first_package_msgs-0.0.0-py3.10.egg-info/top_level.txt
[0.784s] -- Installing: /home/shcho/ros2_study/install/my_first_package_msgs/local/lib/python3.10/dist-packages/my_first_package_msgs-0.0.0-py3.10.egg-info/PKG-INFO
[0.784s] -- Installing: /home/shcho/ros2_study/install/my_first_package_msgs/local/lib/python3.10/dist-packages/my_first_package_msgs-0.0.0-py3.10.egg-info/SOURCES.txt
[0.784s] -- Up-to-date: /home/shcho/ros2_study/install/my_first_package_msgs/local/lib/python3.10/dist-packages/my_first_package_msgs
[0.784s] -- Up-to-date: /home/shcho/ros2_study/install/my_first_package_msgs/local/lib/python3.10/dist-packages/my_first_package_msgs/my_first_package_msgs_s__rosidl_typesupport_introspection_c.cpython-310-x86_64-linux-gnu.so
[0.784s] -- Up-to-date: /home/shcho/ros2_study/install/my_first_package_msgs/local/lib/python3.10/dist-packages/my_first_package_msgs/srv
[0.785s] -- Up-to-date: /home/shcho/ros2_study/install/my_first_package_msgs/local/lib/python3.10/dist-packages/my_first_package_msgs/srv/_multi_spawn_s.c
[0.785s] -- Up-to-date: /home/shcho/ros2_study/install/my_first_package_msgs/local/lib/python3.10/dist-packages/my_first_package_msgs/srv/_multi_spawn.py
[0.785s] -- Up-to-date: /home/shcho/ros2_study/install/my_first_package_msgs/local/lib/python3.10/dist-packages/my_first_package_msgs/srv/__init__.py
[0.785s] -- Up-to-date: /home/shcho/ros2_study/install/my_first_package_msgs/local/lib/python3.10/dist-packages/my_first_package_msgs/my_first_package_msgs_s__rosidl_typesupport_fastrtps_c.cpython-310-x86_64-linux-gnu.so
[0.785s] -- Up-to-date: /home/shcho/ros2_study/install/my_first_package_msgs/local/lib/python3.10/dist-packages/my_first_package_msgs/msg
[0.785s] -- Up-to-date: /home/shcho/ros2_study/install/my_first_package_msgs/local/lib/python3.10/dist-packages/my_first_package_msgs/msg/_cmd_and_pose_vel_s.c
[0.785s] -- Up-to-date: /home/shcho/ros2_study/install/my_first_package_msgs/local/lib/python3.10/dist-packages/my_first_package_msgs/msg/_cmd_and_pose_vel.py
[0.785s] -- Up-to-date: /home/shcho/ros2_study/install/my_first_package_msgs/local/lib/python3.10/dist-packages/my_first_package_msgs/msg/__init__.py
[0.785s] -- Up-to-date: /home/shcho/ros2_study/install/my_first_package_msgs/local/lib/python3.10/dist-packages/my_first_package_msgs/_my_first_package_msgs_s.ep.rosidl_typesupport_fastrtps_c.c
[0.785s] -- Up-to-date: /home/shcho/ros2_study/install/my_first_package_msgs/local/lib/python3.10/dist-packages/my_first_package_msgs/libmy_first_package_msgs__rosidl_generator_py.so
[0.785s] -- Up-to-date: /home/shcho/ros2_study/install/my_first_package_msgs/local/lib/python3.10/dist-packages/my_first_package_msgs/_my_first_package_msgs_s.ep.rosidl_typesupport_c.c
[0.785s] -- Up-to-date: /home/shcho/ros2_study/install/my_first_package_msgs/local/lib/python3.10/dist-packages/my_first_package_msgs/__init__.py
[0.785s] -- Up-to-date: /home/shcho/ros2_study/install/my_first_package_msgs/local/lib/python3.10/dist-packages/my_first_package_msgs/_my_first_package_msgs_s.ep.rosidl_typesupport_introspection_c.c
[0.786s] -- Up-to-date: /home/shcho/ros2_study/install/my_first_package_msgs/local/lib/python3.10/dist-packages/my_first_package_msgs/my_first_package_msgs_s__rosidl_typesupport_c.cpython-310-x86_64-linux-gnu.so
[0.812s] Listing '/home/shcho/ros2_study/install/my_first_package_msgs/local/lib/python3.10/dist-packages/my_first_package_msgs'...
[0.812s] Listing '/home/shcho/ros2_study/install/my_first_package_msgs/local/lib/python3.10/dist-packages/my_first_package_msgs/msg'...
[0.812s] Listing '/home/shcho/ros2_study/install/my_first_package_msgs/local/lib/python3.10/dist-packages/my_first_package_msgs/srv'...
[0.813s] -- Up-to-date: /home/shcho/ros2_study/install/my_first_package_msgs/local/lib/python3.10/dist-packages/my_first_package_msgs/my_first_package_msgs_s__rosidl_typesupport_fastrtps_c.cpython-310-x86_64-linux-gnu.so
[0.813s] -- Up-to-date: /home/shcho/ros2_study/install/my_first_package_msgs/local/lib/python3.10/dist-packages/my_first_package_msgs/my_first_package_msgs_s__rosidl_typesupport_introspection_c.cpython-310-x86_64-linux-gnu.so
[0.813s] -- Up-to-date: /home/shcho/ros2_study/install/my_first_package_msgs/local/lib/python3.10/dist-packages/my_first_package_msgs/my_first_package_msgs_s__rosidl_typesupport_c.cpython-310-x86_64-linux-gnu.so
[0.813s] -- Up-to-date: /home/shcho/ros2_study/install/my_first_package_msgs/lib/libmy_first_package_msgs__rosidl_generator_py.so
[0.814s] -- Up-to-date: /home/shcho/ros2_study/install/my_first_package_msgs/share/my_first_package_msgs/srv/MultiSpawn.idl
[0.814s] -- Up-to-date: /home/shcho/ros2_study/install/my_first_package_msgs/share/my_first_package_msgs/srv/MultiSpawn.srv
[0.814s] -- Up-to-date: /home/shcho/ros2_study/install/my_first_package_msgs/share/my_first_package_msgs/srv/MultiSpawn_Request.msg
[0.814s] -- Up-to-date: /home/shcho/ros2_study/install/my_first_package_msgs/share/my_first_package_msgs/srv/MultiSpawn_Response.msg
[0.814s] -- Up-to-date: /home/shcho/ros2_study/install/my_first_package_msgs/share/ament_index/resource_index/package_run_dependencies/my_first_package_msgs
[0.814s] -- Up-to-date: /home/shcho/ros2_study/install/my_first_package_msgs/share/ament_index/resource_index/parent_prefix_path/my_first_package_msgs
[0.814s] -- Up-to-date: /home/shcho/ros2_study/install/my_first_package_msgs/share/my_first_package_msgs/environment/ament_prefix_path.sh
[0.814s] -- Up-to-date: /home/shcho/ros2_study/install/my_first_package_msgs/share/my_first_package_msgs/environment/ament_prefix_path.dsv
[0.814s] -- Up-to-date: /home/shcho/ros2_study/install/my_first_package_msgs/share/my_first_package_msgs/environment/path.sh
[0.814s] -- Up-to-date: /home/shcho/ros2_study/install/my_first_package_msgs/share/my_first_package_msgs/environment/path.dsv
[0.814s] -- Up-to-date: /home/shcho/ros2_study/install/my_first_package_msgs/share/my_first_package_msgs/local_setup.bash
[0.814s] -- Up-to-date: /home/shcho/ros2_study/install/my_first_package_msgs/share/my_first_package_msgs/local_setup.sh
[0.814s] -- Up-to-date: /home/shcho/ros2_study/install/my_first_package_msgs/share/my_first_package_msgs/local_setup.zsh
[0.815s] -- Up-to-date: /home/shcho/ros2_study/install/my_first_package_msgs/share/my_first_package_msgs/local_setup.dsv
[0.815s] -- Installing: /home/shcho/ros2_study/install/my_first_package_msgs/share/my_first_package_msgs/package.dsv
[0.815s] -- Up-to-date: /home/shcho/ros2_study/install/my_first_package_msgs/share/ament_index/resource_index/packages/my_first_package_msgs
[0.816s] -- Up-to-date: /home/shcho/ros2_study/install/my_first_package_msgs/share/my_first_package_msgs/cmake/export_my_first_package_msgs__rosidl_generator_cExport.cmake
[0.816s] -- Up-to-date: /home/shcho/ros2_study/install/my_first_package_msgs/share/my_first_package_msgs/cmake/export_my_first_package_msgs__rosidl_generator_cExport-noconfig.cmake
[0.817s] -- Up-to-date: /home/shcho/ros2_study/install/my_first_package_msgs/share/my_first_package_msgs/cmake/export_my_first_package_msgs__rosidl_typesupport_fastrtps_cExport.cmake
[0.817s] -- Up-to-date: /home/shcho/ros2_study/install/my_first_package_msgs/share/my_first_package_msgs/cmake/export_my_first_package_msgs__rosidl_typesupport_fastrtps_cExport-noconfig.cmake
[0.818s] -- Up-to-date: /home/shcho/ros2_study/install/my_first_package_msgs/share/my_first_package_msgs/cmake/my_first_package_msgs__rosidl_typesupport_introspection_cExport.cmake
[0.818s] -- Up-to-date: /home/shcho/ros2_study/install/my_first_package_msgs/share/my_first_package_msgs/cmake/my_first_package_msgs__rosidl_typesupport_introspection_cExport-noconfig.cmake
[0.819s] -- Up-to-date: /home/shcho/ros2_study/install/my_first_package_msgs/share/my_first_package_msgs/cmake/my_first_package_msgs__rosidl_typesupport_cExport.cmake
[0.819s] -- Up-to-date: /home/shcho/ros2_study/install/my_first_package_msgs/share/my_first_package_msgs/cmake/my_first_package_msgs__rosidl_typesupport_cExport-noconfig.cmake
[0.820s] -- Up-to-date: /home/shcho/ros2_study/install/my_first_package_msgs/share/my_first_package_msgs/cmake/export_my_first_package_msgs__rosidl_generator_cppExport.cmake
[0.821s] -- Up-to-date: /home/shcho/ros2_study/install/my_first_package_msgs/share/my_first_package_msgs/cmake/export_my_first_package_msgs__rosidl_typesupport_fastrtps_cppExport.cmake
[0.821s] -- Up-to-date: /home/shcho/ros2_study/install/my_first_package_msgs/share/my_first_package_msgs/cmake/export_my_first_package_msgs__rosidl_typesupport_fastrtps_cppExport-noconfig.cmake
[0.821s] -- Up-to-date: /home/shcho/ros2_study/install/my_first_package_msgs/share/my_first_package_msgs/cmake/my_first_package_msgs__rosidl_typesupport_introspection_cppExport.cmake
[0.821s] -- Up-to-date: /home/shcho/ros2_study/install/my_first_package_msgs/share/my_first_package_msgs/cmake/my_first_package_msgs__rosidl_typesupport_introspection_cppExport-noconfig.cmake
[0.822s] -- Up-to-date: /home/shcho/ros2_study/install/my_first_package_msgs/share/my_first_package_msgs/cmake/my_first_package_msgs__rosidl_typesupport_cppExport.cmake
[0.822s] -- Up-to-date: /home/shcho/ros2_study/install/my_first_package_msgs/share/my_first_package_msgs/cmake/my_first_package_msgs__rosidl_typesupport_cppExport-noconfig.cmake
[0.823s] -- Up-to-date: /home/shcho/ros2_study/install/my_first_package_msgs/share/my_first_package_msgs/cmake/export_my_first_package_msgs__rosidl_generator_pyExport.cmake
[0.823s] -- Up-to-date: /home/shcho/ros2_study/install/my_first_package_msgs/share/my_first_package_msgs/cmake/export_my_first_package_msgs__rosidl_generator_pyExport-noconfig.cmake
[0.823s] -- Up-to-date: /home/shcho/ros2_study/install/my_first_package_msgs/share/my_first_package_msgs/cmake/rosidl_cmake-extras.cmake
[0.823s] -- Up-to-date: /home/shcho/ros2_study/install/my_first_package_msgs/share/my_first_package_msgs/cmake/ament_cmake_export_include_directories-extras.cmake
[0.823s] -- Up-to-date: /home/shcho/ros2_study/install/my_first_package_msgs/share/my_first_package_msgs/cmake/ament_cmake_export_libraries-extras.cmake
[0.823s] -- Up-to-date: /home/shcho/ros2_study/install/my_first_package_msgs/share/my_first_package_msgs/cmake/ament_cmake_export_targets-extras.cmake
[0.824s] -- Up-to-date: /home/shcho/ros2_study/install/my_first_package_msgs/share/my_first_package_msgs/cmake/rosidl_cmake_export_typesupport_targets-extras.cmake
[0.824s] -- Up-to-date: /home/shcho/ros2_study/install/my_first_package_msgs/share/my_first_package_msgs/cmake/ament_cmake_export_dependencies-extras.cmake
[0.824s] -- Up-to-date: /home/shcho/ros2_study/install/my_first_package_msgs/share/my_first_package_msgs/cmake/rosidl_cmake_export_typesupport_libraries-extras.cmake
[0.824s] -- Up-to-date: /home/shcho/ros2_study/install/my_first_package_msgs/share/my_first_package_msgs/cmake/my_first_package_msgsConfig.cmake
[0.824s] -- Up-to-date: /home/shcho/ros2_study/install/my_first_package_msgs/share/my_first_package_msgs/cmake/my_first_package_msgsConfig-version.cmake
[0.824s] -- Up-to-date: /home/shcho/ros2_study/install/my_first_package_msgs/share/my_first_package_msgs/package.xml
[0.826s] Invoked command in '/home/shcho/ros2_study/build/my_first_package_msgs' returned '0': CMAKE_PREFIX_PATH=${CMAKE_PREFIX_PATH}:/home/shcho/ros2_study/install/my_first_package:/opt/ros/humble /usr/bin/cmake --install /home/shcho/ros2_study/build/my_first_package_msgs
