[0.019s] Invoking command in '/home/shcho/ros2_study/build/my_first_package_msgs': CMAKE_PREFIX_PATH=${CMAKE_PREFIX_PATH}:/home/shcho/ros2_study/install/my_first_package:/opt/ros/humble /usr/bin/cmake --build /home/shcho/ros2_study/build/my_first_package_msgs -- -j2 -l2
[0.079s] -- Found ament_cmake: 1.3.12 (/opt/ros/humble/share/ament_cmake/cmake)
[0.301s] -- Found rosidl_default_generators: 1.2.0 (/opt/ros/humble/share/rosidl_default_generators/cmake)
[0.301s] -- Using all available rosidl_typesupport_c: rosidl_typesupport_fastrtps_c;rosidl_typesupport_introspection_c
[0.301s] -- Found rosidl_adapter: 3.1.7 (/opt/ros/humble/share/rosidl_adapter/cmake)
[0.356s] -- Using all available rosidl_typesupport_cpp: rosidl_typesupport_fastrtps_cpp;rosidl_typesupport_introspection_cpp
[0.786s] -- Found ament_cmake_ros: 0.10.0 (/opt/ros/humble/share/ament_cmake_ros/cmake)
[0.931s] -- Using all available rosidl_typesupport_c: rosidl_typesupport_fastrtps_c;rosidl_typesupport_introspection_c
[1.089s] -- Using all available rosidl_typesupport_cpp: rosidl_typesupport_fastrtps_cpp;rosidl_typesupport_introspection_cpp
[1.105s] -- Found python_cmake_module: 0.10.0 (/opt/ros/humble/share/python_cmake_module/cmake)
[1.121s] -- Using PYTHON_EXECUTABLE: /usr/bin/python3
[1.121s] -- Using PYTHON_INCLUDE_DIRS: /usr/include/python3.10
[1.121s] -- Using PYTHON_LIBRARIES: /usr/lib/x86_64-linux-gnu/libpython3.10.so
[1.131s] -- Found ament_lint_auto: 0.12.14 (/opt/ros/humble/share/ament_lint_auto/cmake)
[1.136s] -- Added test 'lint_cmake' to check CMake code style
[1.136s] -- Added test 'xmllint' to check XML markup files
[1.136s] -- Configuring done
[1.191s] -- Generating done
[1.204s] -- Build files have been written to: /home/shcho/ros2_study/build/my_first_package_msgs
[1.224s] [  3%] [34m[1mGenerating C code for ROS interfaces[0m
[1.244s] [  6%] [34m[1mGenerating C++ code for ROS interfaces[0m
[1.462s] [  9%] [32mBuilding C object CMakeFiles/my_first_package_msgs__rosidl_generator_c.dir/rosidl_generator_c/my_first_package_msgs/srv/detail/multi_spawn__functions.c.o[0m
[1.464s] [  9%] Built target my_first_package_msgs__cpp
[1.510s] [  9%] Built target ament_cmake_python_copy_my_first_package_msgs
[1.520s] [ 12%] [34m[1mGenerating C++ introspection for ROS interfaces[0m
[1.549s] [ 16%] [32m[1mLinking C shared library libmy_first_package_msgs__rosidl_generator_c.so[0m
[1.586s] [ 16%] Built target my_first_package_msgs__rosidl_generator_c
[1.594s] [ 19%] [34m[1mGenerating C++ type support dispatch for ROS interfaces[0m
[1.698s] [ 22%] [32mBuilding CXX object CMakeFiles/my_first_package_msgs__rosidl_typesupport_introspection_cpp.dir/rosidl_typesupport_introspection_cpp/my_first_package_msgs/srv/detail/multi_spawn__type_support.cpp.o[0m
[1.771s] [ 25%] [32mBuilding CXX object CMakeFiles/my_first_package_msgs__rosidl_typesupport_cpp.dir/rosidl_typesupport_cpp/my_first_package_msgs/srv/multi_spawn__type_support.cpp.o[0m
[1.954s] [ 29%] [32m[1mLinking CXX shared library libmy_first_package_msgs__rosidl_typesupport_cpp.so[0m
[1.996s] [ 29%] Built target my_first_package_msgs__rosidl_typesupport_cpp
[2.006s] [ 32%] [34m[1mGenerating C type support for eProsima Fast-RTPS[0m
[2.069s] [ 35%] [32m[1mLinking CXX shared library libmy_first_package_msgs__rosidl_typesupport_introspection_cpp.so[0m
[2.165s] [ 35%] Built target my_first_package_msgs__rosidl_typesupport_introspection_cpp
[2.180s] [ 38%] [34m[1mGenerating C introspection for ROS interfaces[0m
[2.200s] [ 41%] [32mBuilding CXX object CMakeFiles/my_first_package_msgs__rosidl_typesupport_fastrtps_c.dir/rosidl_typesupport_fastrtps_c/my_first_package_msgs/srv/detail/multi_spawn__type_support_c.cpp.o[0m
[2.353s] [ 45%] [32mBuilding C object CMakeFiles/my_first_package_msgs__rosidl_typesupport_introspection_c.dir/rosidl_typesupport_introspection_c/my_first_package_msgs/srv/detail/multi_spawn__type_support.c.o[0m
[2.407s] [ 48%] [32m[1mLinking C shared library libmy_first_package_msgs__rosidl_typesupport_introspection_c.so[0m
[2.438s] [ 48%] Built target my_first_package_msgs__rosidl_typesupport_introspection_c
[2.441s] [ 51%] [32m[1mLinking CXX shared library libmy_first_package_msgs__rosidl_typesupport_fastrtps_c.so[0m
[2.456s] [ 54%] [34m[1mGenerating C type support dispatch for ROS interfaces[0m
[2.518s] [ 54%] Built target my_first_package_msgs__rosidl_typesupport_fastrtps_c
[2.530s] [ 58%] [34m[1mGenerating C++ type support for eProsima Fast-RTPS[0m
[2.626s] [ 61%] [32mBuilding CXX object CMakeFiles/my_first_package_msgs__rosidl_typesupport_c.dir/rosidl_typesupport_c/my_first_package_msgs/srv/multi_spawn__type_support.cpp.o[0m
[2.654s] [ 64%] [32m[1mLinking CXX shared library libmy_first_package_msgs__rosidl_typesupport_c.so[0m
[2.688s] [ 64%] Built target my_first_package_msgs__rosidl_typesupport_c
[2.725s] [ 67%] [32mBuilding CXX object CMakeFiles/my_first_package_msgs__rosidl_typesupport_fastrtps_cpp.dir/rosidl_typesupport_fastrtps_cpp/my_first_package_msgs/srv/detail/dds_fastrtps/multi_spawn__type_support.cpp.o[0m
[2.850s] running egg_info
[2.860s] writing my_first_package_msgs.egg-info/PKG-INFO
[2.860s] writing dependency_links to my_first_package_msgs.egg-info/dependency_links.txt
[2.860s] writing top-level names to my_first_package_msgs.egg-info/top_level.txt
[2.860s] reading manifest file 'my_first_package_msgs.egg-info/SOURCES.txt'
[2.860s] writing manifest file 'my_first_package_msgs.egg-info/SOURCES.txt'
[2.886s] [ 67%] Built target ament_cmake_python_build_my_first_package_msgs_egg
[2.981s] [ 70%] [32m[1mLinking CXX shared library libmy_first_package_msgs__rosidl_typesupport_fastrtps_cpp.so[0m
[3.030s] [ 70%] Built target my_first_package_msgs__rosidl_typesupport_fastrtps_cpp
[3.066s] [ 70%] Built target my_first_package_msgs
[3.087s] [ 74%] [34m[1mGenerating Python code for ROS interfaces[0m
[3.322s] [ 74%] Built target my_first_package_msgs__py
[3.340s] [ 77%] [32mBuilding C object CMakeFiles/my_first_package_msgs__rosidl_generator_py.dir/rosidl_generator_py/my_first_package_msgs/srv/_multi_spawn_s.c.o[0m
[3.495s] [ 80%] [32m[1mLinking C shared library rosidl_generator_py/my_first_package_msgs/libmy_first_package_msgs__rosidl_generator_py.so[0m
[3.520s] [ 80%] Built target my_first_package_msgs__rosidl_generator_py
[3.533s] [35m[1mConsolidate compiler generated dependencies of target my_first_package_msgs__rosidl_typesupport_introspection_c__pyext[0m
[3.533s] [35m[1mConsolidate compiler generated dependencies of target my_first_package_msgs__rosidl_typesupport_fastrtps_c__pyext[0m
[3.556s] [ 83%] [32mBuilding C object CMakeFiles/my_first_package_msgs__rosidl_typesupport_introspection_c__pyext.dir/rosidl_generator_py/my_first_package_msgs/_my_first_package_msgs_s.ep.rosidl_typesupport_introspection_c.c.o[0m
[3.557s] [ 87%] [32mBuilding C object CMakeFiles/my_first_package_msgs__rosidl_typesupport_fastrtps_c__pyext.dir/rosidl_generator_py/my_first_package_msgs/_my_first_package_msgs_s.ep.rosidl_typesupport_fastrtps_c.c.o[0m
[3.677s] [ 90%] [32m[1mLinking C shared library rosidl_generator_py/my_first_package_msgs/my_first_package_msgs_s__rosidl_typesupport_introspection_c.cpython-310-x86_64-linux-gnu.so[0m
[3.681s] [ 93%] [32m[1mLinking C shared library rosidl_generator_py/my_first_package_msgs/my_first_package_msgs_s__rosidl_typesupport_fastrtps_c.cpython-310-x86_64-linux-gnu.so[0m
[3.728s] [ 93%] Built target my_first_package_msgs__rosidl_typesupport_fastrtps_c__pyext
[3.734s] [ 93%] Built target my_first_package_msgs__rosidl_typesupport_introspection_c__pyext
[3.747s] [35m[1mConsolidate compiler generated dependencies of target my_first_package_msgs__rosidl_typesupport_c__pyext[0m
[3.776s] [ 96%] [32mBuilding C object CMakeFiles/my_first_package_msgs__rosidl_typesupport_c__pyext.dir/rosidl_generator_py/my_first_package_msgs/_my_first_package_msgs_s.ep.rosidl_typesupport_c.c.o[0m
[3.840s] [100%] [32m[1mLinking C shared library rosidl_generator_py/my_first_package_msgs/my_first_package_msgs_s__rosidl_typesupport_c.cpython-310-x86_64-linux-gnu.so[0m
[3.913s] [100%] Built target my_first_package_msgs__rosidl_typesupport_c__pyext
[3.931s] Invoked command in '/home/shcho/ros2_study/build/my_first_package_msgs' returned '0': CMAKE_PREFIX_PATH=${CMAKE_PREFIX_PATH}:/home/shcho/ros2_study/install/my_first_package:/opt/ros/humble /usr/bin/cmake --build /home/shcho/ros2_study/build/my_first_package_msgs -- -j2 -l2
[3.942s] Invoking command in '/home/shcho/ros2_study/build/my_first_package_msgs': CMAKE_PREFIX_PATH=${CMAKE_PREFIX_PATH}:/home/shcho/ros2_study/install/my_first_package:/opt/ros/humble /usr/bin/cmake --install /home/shcho/ros2_study/build/my_first_package_msgs
[3.952s] -- Install configuration: ""
[3.953s] -- Installing: /home/shcho/ros2_study/install/my_first_package_msgs/share/ament_index/resource_index/rosidl_interfaces/my_first_package_msgs
[3.953s] -- Up-to-date: /home/shcho/ros2_study/install/my_first_package_msgs/include/my_first_package_msgs/my_first_package_msgs
[3.953s] -- Installing: /home/shcho/ros2_study/install/my_first_package_msgs/include/my_first_package_msgs/my_first_package_msgs/srv
[3.953s] -- Installing: /home/shcho/ros2_study/install/my_first_package_msgs/include/my_first_package_msgs/my_first_package_msgs/srv/detail
[3.953s] -- Installing: /home/shcho/ros2_study/install/my_first_package_msgs/include/my_first_package_msgs/my_first_package_msgs/srv/detail/multi_spawn__type_support.h
[3.953s] -- Installing: /home/shcho/ros2_study/install/my_first_package_msgs/include/my_first_package_msgs/my_first_package_msgs/srv/detail/multi_spawn__struct.h
[3.953s] -- Installing: /home/shcho/ros2_study/install/my_first_package_msgs/include/my_first_package_msgs/my_first_package_msgs/srv/detail/multi_spawn__functions.c
[3.953s] -- Installing: /home/shcho/ros2_study/install/my_first_package_msgs/include/my_first_package_msgs/my_first_package_msgs/srv/detail/multi_spawn__functions.h
[3.953s] -- Installing: /home/shcho/ros2_study/install/my_first_package_msgs/include/my_first_package_msgs/my_first_package_msgs/srv/multi_spawn.h
[3.953s] -- Up-to-date: /home/shcho/ros2_study/install/my_first_package_msgs/include/my_first_package_msgs/my_first_package_msgs/msg
[3.953s] -- Up-to-date: /home/shcho/ros2_study/install/my_first_package_msgs/include/my_first_package_msgs/my_first_package_msgs/msg/detail
[3.953s] -- Up-to-date: /home/shcho/ros2_study/install/my_first_package_msgs/include/my_first_package_msgs/my_first_package_msgs/msg/detail/cmd_and_pose_vel__type_support.h
[3.953s] -- Up-to-date: /home/shcho/ros2_study/install/my_first_package_msgs/include/my_first_package_msgs/my_first_package_msgs/msg/detail/cmd_and_pose_vel__functions.h
[3.953s] -- Up-to-date: /home/shcho/ros2_study/install/my_first_package_msgs/include/my_first_package_msgs/my_first_package_msgs/msg/detail/cmd_and_pose_vel__functions.c
[3.953s] -- Up-to-date: /home/shcho/ros2_study/install/my_first_package_msgs/include/my_first_package_msgs/my_first_package_msgs/msg/detail/cmd_and_pose_vel__struct.h
[3.953s] -- Up-to-date: /home/shcho/ros2_study/install/my_first_package_msgs/include/my_first_package_msgs/my_first_package_msgs/msg/cmd_and_pose_vel.h
[3.953s] -- Up-to-date: /home/shcho/ros2_study/install/my_first_package_msgs/include/my_first_package_msgs/my_first_package_msgs/msg/rosidl_generator_c__visibility_control.h
[3.953s] -- Up-to-date: /home/shcho/ros2_study/install/my_first_package_msgs/share/my_first_package_msgs/environment/library_path.sh
[3.953s] -- Installing: /home/shcho/ros2_study/install/my_first_package_msgs/share/my_first_package_msgs/environment/library_path.dsv
[3.953s] -- Installing: /home/shcho/ros2_study/install/my_first_package_msgs/lib/libmy_first_package_msgs__rosidl_generator_c.so
[3.953s] -- Set runtime path of "/home/shcho/ros2_study/install/my_first_package_msgs/lib/libmy_first_package_msgs__rosidl_generator_c.so" to ""
[3.953s] -- Up-to-date: /home/shcho/ros2_study/install/my_first_package_msgs/include/my_first_package_msgs/my_first_package_msgs
[3.953s] -- Up-to-date: /home/shcho/ros2_study/install/my_first_package_msgs/include/my_first_package_msgs/my_first_package_msgs/srv
[3.953s] -- Up-to-date: /home/shcho/ros2_study/install/my_first_package_msgs/include/my_first_package_msgs/my_first_package_msgs/srv/detail
[3.953s] -- Installing: /home/shcho/ros2_study/install/my_first_package_msgs/include/my_first_package_msgs/my_first_package_msgs/srv/detail/multi_spawn__rosidl_typesupport_fastrtps_c.h
[3.953s] -- Up-to-date: /home/shcho/ros2_study/install/my_first_package_msgs/include/my_first_package_msgs/my_first_package_msgs/msg
[3.953s] -- Up-to-date: /home/shcho/ros2_study/install/my_first_package_msgs/include/my_first_package_msgs/my_first_package_msgs/msg/detail
[3.953s] -- Up-to-date: /home/shcho/ros2_study/install/my_first_package_msgs/include/my_first_package_msgs/my_first_package_msgs/msg/detail/cmd_and_pose_vel__rosidl_typesupport_fastrtps_c.h
[3.953s] -- Up-to-date: /home/shcho/ros2_study/install/my_first_package_msgs/include/my_first_package_msgs/my_first_package_msgs/msg/rosidl_typesupport_fastrtps_c__visibility_control.h
[3.953s] -- Installing: /home/shcho/ros2_study/install/my_first_package_msgs/lib/libmy_first_package_msgs__rosidl_typesupport_fastrtps_c.so
[3.953s] -- Set runtime path of "/home/shcho/ros2_study/install/my_first_package_msgs/lib/libmy_first_package_msgs__rosidl_typesupport_fastrtps_c.so" to ""
[3.953s] -- Up-to-date: /home/shcho/ros2_study/install/my_first_package_msgs/include/my_first_package_msgs/my_first_package_msgs
[3.953s] -- Up-to-date: /home/shcho/ros2_study/install/my_first_package_msgs/include/my_first_package_msgs/my_first_package_msgs/srv
[3.953s] -- Up-to-date: /home/shcho/ros2_study/install/my_first_package_msgs/include/my_first_package_msgs/my_first_package_msgs/srv/detail
[3.953s] -- Installing: /home/shcho/ros2_study/install/my_first_package_msgs/include/my_first_package_msgs/my_first_package_msgs/srv/detail/multi_spawn__type_support.c
[3.953s] -- Installing: /home/shcho/ros2_study/install/my_first_package_msgs/include/my_first_package_msgs/my_first_package_msgs/srv/detail/multi_spawn__rosidl_typesupport_introspection_c.h
[3.953s] -- Up-to-date: /home/shcho/ros2_study/install/my_first_package_msgs/include/my_first_package_msgs/my_first_package_msgs/msg
[3.953s] -- Up-to-date: /home/shcho/ros2_study/install/my_first_package_msgs/include/my_first_package_msgs/my_first_package_msgs/msg/detail
[3.953s] -- Up-to-date: /home/shcho/ros2_study/install/my_first_package_msgs/include/my_first_package_msgs/my_first_package_msgs/msg/detail/cmd_and_pose_vel__type_support.c
[3.953s] -- Up-to-date: /home/shcho/ros2_study/install/my_first_package_msgs/include/my_first_package_msgs/my_first_package_msgs/msg/detail/cmd_and_pose_vel__rosidl_typesupport_introspection_c.h
[3.953s] -- Up-to-date: /home/shcho/ros2_study/install/my_first_package_msgs/include/my_first_package_msgs/my_first_package_msgs/msg/rosidl_typesupport_introspection_c__visibility_control.h
[3.953s] -- Installing: /home/shcho/ros2_study/install/my_first_package_msgs/lib/libmy_first_package_msgs__rosidl_typesupport_introspection_c.so
[3.954s] -- Set runtime path of "/home/shcho/ros2_study/install/my_first_package_msgs/lib/libmy_first_package_msgs__rosidl_typesupport_introspection_c.so" to ""
[3.954s] -- Installing: /home/shcho/ros2_study/install/my_first_package_msgs/lib/libmy_first_package_msgs__rosidl_typesupport_c.so
[3.954s] -- Set runtime path of "/home/shcho/ros2_study/install/my_first_package_msgs/lib/libmy_first_package_msgs__rosidl_typesupport_c.so" to ""
[3.954s] -- Up-to-date: /home/shcho/ros2_study/install/my_first_package_msgs/include/my_first_package_msgs/my_first_package_msgs
[3.954s] -- Up-to-date: /home/shcho/ros2_study/install/my_first_package_msgs/include/my_first_package_msgs/my_first_package_msgs/srv
[3.954s] -- Up-to-date: /home/shcho/ros2_study/install/my_first_package_msgs/include/my_first_package_msgs/my_first_package_msgs/srv/detail
[3.954s] -- Installing: /home/shcho/ros2_study/install/my_first_package_msgs/include/my_first_package_msgs/my_first_package_msgs/srv/detail/multi_spawn__struct.hpp
[3.954s] -- Installing: /home/shcho/ros2_study/install/my_first_package_msgs/include/my_first_package_msgs/my_first_package_msgs/srv/detail/multi_spawn__builder.hpp
[3.954s] -- Installing: /home/shcho/ros2_study/install/my_first_package_msgs/include/my_first_package_msgs/my_first_package_msgs/srv/detail/multi_spawn__traits.hpp
[3.954s] -- Installing: /home/shcho/ros2_study/install/my_first_package_msgs/include/my_first_package_msgs/my_first_package_msgs/srv/detail/multi_spawn__type_support.hpp
[3.954s] -- Installing: /home/shcho/ros2_study/install/my_first_package_msgs/include/my_first_package_msgs/my_first_package_msgs/srv/multi_spawn.hpp
[3.954s] -- Up-to-date: /home/shcho/ros2_study/install/my_first_package_msgs/include/my_first_package_msgs/my_first_package_msgs/msg
[3.954s] -- Up-to-date: /home/shcho/ros2_study/install/my_first_package_msgs/include/my_first_package_msgs/my_first_package_msgs/msg/detail
[3.954s] -- Up-to-date: /home/shcho/ros2_study/install/my_first_package_msgs/include/my_first_package_msgs/my_first_package_msgs/msg/detail/cmd_and_pose_vel__type_support.hpp
[3.954s] -- Up-to-date: /home/shcho/ros2_study/install/my_first_package_msgs/include/my_first_package_msgs/my_first_package_msgs/msg/detail/cmd_and_pose_vel__struct.hpp
[3.954s] -- Up-to-date: /home/shcho/ros2_study/install/my_first_package_msgs/include/my_first_package_msgs/my_first_package_msgs/msg/detail/cmd_and_pose_vel__builder.hpp
[3.954s] -- Up-to-date: /home/shcho/ros2_study/install/my_first_package_msgs/include/my_first_package_msgs/my_first_package_msgs/msg/detail/cmd_and_pose_vel__traits.hpp
[3.954s] -- Up-to-date: /home/shcho/ros2_study/install/my_first_package_msgs/include/my_first_package_msgs/my_first_package_msgs/msg/cmd_and_pose_vel.hpp
[3.954s] -- Up-to-date: /home/shcho/ros2_study/install/my_first_package_msgs/include/my_first_package_msgs/my_first_package_msgs/msg/rosidl_generator_cpp__visibility_control.hpp
[3.954s] -- Up-to-date: /home/shcho/ros2_study/install/my_first_package_msgs/include/my_first_package_msgs/my_first_package_msgs
[3.954s] -- Up-to-date: /home/shcho/ros2_study/install/my_first_package_msgs/include/my_first_package_msgs/my_first_package_msgs/srv
[3.954s] -- Up-to-date: /home/shcho/ros2_study/install/my_first_package_msgs/include/my_first_package_msgs/my_first_package_msgs/srv/detail
[3.954s] -- Installing: /home/shcho/ros2_study/install/my_first_package_msgs/include/my_first_package_msgs/my_first_package_msgs/srv/detail/multi_spawn__rosidl_typesupport_fastrtps_cpp.hpp
[3.954s] -- Installing: /home/shcho/ros2_study/install/my_first_package_msgs/include/my_first_package_msgs/my_first_package_msgs/srv/detail/dds_fastrtps
[3.954s] -- Up-to-date: /home/shcho/ros2_study/install/my_first_package_msgs/include/my_first_package_msgs/my_first_package_msgs/msg
[3.954s] -- Up-to-date: /home/shcho/ros2_study/install/my_first_package_msgs/include/my_first_package_msgs/my_first_package_msgs/msg/detail
[3.954s] -- Up-to-date: /home/shcho/ros2_study/install/my_first_package_msgs/include/my_first_package_msgs/my_first_package_msgs/msg/detail/dds_fastrtps
[3.954s] -- Up-to-date: /home/shcho/ros2_study/install/my_first_package_msgs/include/my_first_package_msgs/my_first_package_msgs/msg/detail/cmd_and_pose_vel__rosidl_typesupport_fastrtps_cpp.hpp
[3.954s] -- Up-to-date: /home/shcho/ros2_study/install/my_first_package_msgs/include/my_first_package_msgs/my_first_package_msgs/msg/rosidl_typesupport_fastrtps_cpp__visibility_control.h
[3.954s] -- Installing: /home/shcho/ros2_study/install/my_first_package_msgs/lib/libmy_first_package_msgs__rosidl_typesupport_fastrtps_cpp.so
[3.954s] -- Set runtime path of "/home/shcho/ros2_study/install/my_first_package_msgs/lib/libmy_first_package_msgs__rosidl_typesupport_fastrtps_cpp.so" to ""
[3.954s] -- Up-to-date: /home/shcho/ros2_study/install/my_first_package_msgs/include/my_first_package_msgs/my_first_package_msgs
[3.954s] -- Up-to-date: /home/shcho/ros2_study/install/my_first_package_msgs/include/my_first_package_msgs/my_first_package_msgs/srv
[3.954s] -- Up-to-date: /home/shcho/ros2_study/install/my_first_package_msgs/include/my_first_package_msgs/my_first_package_msgs/srv/detail
[3.954s] -- Installing: /home/shcho/ros2_study/install/my_first_package_msgs/include/my_first_package_msgs/my_first_package_msgs/srv/detail/multi_spawn__rosidl_typesupport_introspection_cpp.hpp
[3.954s] -- Installing: /home/shcho/ros2_study/install/my_first_package_msgs/include/my_first_package_msgs/my_first_package_msgs/srv/detail/multi_spawn__type_support.cpp
[3.954s] -- Up-to-date: /home/shcho/ros2_study/install/my_first_package_msgs/include/my_first_package_msgs/my_first_package_msgs/msg
[3.954s] -- Up-to-date: /home/shcho/ros2_study/install/my_first_package_msgs/include/my_first_package_msgs/my_first_package_msgs/msg/detail
[3.954s] -- Up-to-date: /home/shcho/ros2_study/install/my_first_package_msgs/include/my_first_package_msgs/my_first_package_msgs/msg/detail/cmd_and_pose_vel__rosidl_typesupport_introspection_cpp.hpp
[3.954s] -- Up-to-date: /home/shcho/ros2_study/install/my_first_package_msgs/include/my_first_package_msgs/my_first_package_msgs/msg/detail/cmd_and_pose_vel__type_support.cpp
[3.954s] -- Installing: /home/shcho/ros2_study/install/my_first_package_msgs/lib/libmy_first_package_msgs__rosidl_typesupport_introspection_cpp.so
[3.955s] -- Set runtime path of "/home/shcho/ros2_study/install/my_first_package_msgs/lib/libmy_first_package_msgs__rosidl_typesupport_introspection_cpp.so" to ""
[3.955s] -- Installing: /home/shcho/ros2_study/install/my_first_package_msgs/lib/libmy_first_package_msgs__rosidl_typesupport_cpp.so
[3.955s] -- Set runtime path of "/home/shcho/ros2_study/install/my_first_package_msgs/lib/libmy_first_package_msgs__rosidl_typesupport_cpp.so" to ""
[3.955s] -- Up-to-date: /home/shcho/ros2_study/install/my_first_package_msgs/share/my_first_package_msgs/environment/pythonpath.sh
[3.955s] -- Installing: /home/shcho/ros2_study/install/my_first_package_msgs/share/my_first_package_msgs/environment/pythonpath.dsv
[3.955s] -- Up-to-date: /home/shcho/ros2_study/install/my_first_package_msgs/local/lib/python3.10/dist-packages/my_first_package_msgs-0.0.0-py3.10.egg-info
[3.955s] -- Installing: /home/shcho/ros2_study/install/my_first_package_msgs/local/lib/python3.10/dist-packages/my_first_package_msgs-0.0.0-py3.10.egg-info/dependency_links.txt
[3.955s] -- Installing: /home/shcho/ros2_study/install/my_first_package_msgs/local/lib/python3.10/dist-packages/my_first_package_msgs-0.0.0-py3.10.egg-info/top_level.txt
[3.955s] -- Installing: /home/shcho/ros2_study/install/my_first_package_msgs/local/lib/python3.10/dist-packages/my_first_package_msgs-0.0.0-py3.10.egg-info/PKG-INFO
[3.955s] -- Installing: /home/shcho/ros2_study/install/my_first_package_msgs/local/lib/python3.10/dist-packages/my_first_package_msgs-0.0.0-py3.10.egg-info/SOURCES.txt
[3.955s] -- Up-to-date: /home/shcho/ros2_study/install/my_first_package_msgs/local/lib/python3.10/dist-packages/my_first_package_msgs
[3.955s] -- Installing: /home/shcho/ros2_study/install/my_first_package_msgs/local/lib/python3.10/dist-packages/my_first_package_msgs/my_first_package_msgs_s__rosidl_typesupport_introspection_c.cpython-310-x86_64-linux-gnu.so
[3.955s] -- Installing: /home/shcho/ros2_study/install/my_first_package_msgs/local/lib/python3.10/dist-packages/my_first_package_msgs/srv
[3.955s] -- Installing: /home/shcho/ros2_study/install/my_first_package_msgs/local/lib/python3.10/dist-packages/my_first_package_msgs/srv/_multi_spawn_s.c
[3.955s] -- Installing: /home/shcho/ros2_study/install/my_first_package_msgs/local/lib/python3.10/dist-packages/my_first_package_msgs/srv/_multi_spawn.py
[3.955s] -- Installing: /home/shcho/ros2_study/install/my_first_package_msgs/local/lib/python3.10/dist-packages/my_first_package_msgs/srv/__init__.py
[3.956s] -- Installing: /home/shcho/ros2_study/install/my_first_package_msgs/local/lib/python3.10/dist-packages/my_first_package_msgs/my_first_package_msgs_s__rosidl_typesupport_fastrtps_c.cpython-310-x86_64-linux-gnu.so
[3.956s] -- Up-to-date: /home/shcho/ros2_study/install/my_first_package_msgs/local/lib/python3.10/dist-packages/my_first_package_msgs/msg
[3.956s] -- Up-to-date: /home/shcho/ros2_study/install/my_first_package_msgs/local/lib/python3.10/dist-packages/my_first_package_msgs/msg/_cmd_and_pose_vel_s.c
[3.956s] -- Up-to-date: /home/shcho/ros2_study/install/my_first_package_msgs/local/lib/python3.10/dist-packages/my_first_package_msgs/msg/_cmd_and_pose_vel.py
[3.956s] -- Up-to-date: /home/shcho/ros2_study/install/my_first_package_msgs/local/lib/python3.10/dist-packages/my_first_package_msgs/msg/__init__.py
[3.956s] -- Installing: /home/shcho/ros2_study/install/my_first_package_msgs/local/lib/python3.10/dist-packages/my_first_package_msgs/_my_first_package_msgs_s.ep.rosidl_typesupport_fastrtps_c.c
[3.956s] -- Installing: /home/shcho/ros2_study/install/my_first_package_msgs/local/lib/python3.10/dist-packages/my_first_package_msgs/libmy_first_package_msgs__rosidl_generator_py.so
[3.957s] -- Installing: /home/shcho/ros2_study/install/my_first_package_msgs/local/lib/python3.10/dist-packages/my_first_package_msgs/_my_first_package_msgs_s.ep.rosidl_typesupport_c.c
[3.957s] -- Installing: /home/shcho/ros2_study/install/my_first_package_msgs/local/lib/python3.10/dist-packages/my_first_package_msgs/__init__.py
[3.957s] -- Installing: /home/shcho/ros2_study/install/my_first_package_msgs/local/lib/python3.10/dist-packages/my_first_package_msgs/_my_first_package_msgs_s.ep.rosidl_typesupport_introspection_c.c
[3.957s] -- Installing: /home/shcho/ros2_study/install/my_first_package_msgs/local/lib/python3.10/dist-packages/my_first_package_msgs/my_first_package_msgs_s__rosidl_typesupport_c.cpython-310-x86_64-linux-gnu.so
[3.993s] Listing '/home/shcho/ros2_study/install/my_first_package_msgs/local/lib/python3.10/dist-packages/my_first_package_msgs'...
[3.994s] Compiling '/home/shcho/ros2_study/install/my_first_package_msgs/local/lib/python3.10/dist-packages/my_first_package_msgs/__init__.py'...
[3.994s] Listing '/home/shcho/ros2_study/install/my_first_package_msgs/local/lib/python3.10/dist-packages/my_first_package_msgs/msg'...
[3.995s] Listing '/home/shcho/ros2_study/install/my_first_package_msgs/local/lib/python3.10/dist-packages/my_first_package_msgs/srv'...
[3.995s] Compiling '/home/shcho/ros2_study/install/my_first_package_msgs/local/lib/python3.10/dist-packages/my_first_package_msgs/srv/__init__.py'...
[3.995s] Compiling '/home/shcho/ros2_study/install/my_first_package_msgs/local/lib/python3.10/dist-packages/my_first_package_msgs/srv/_multi_spawn.py'...
[3.997s] -- Installing: /home/shcho/ros2_study/install/my_first_package_msgs/local/lib/python3.10/dist-packages/my_first_package_msgs/my_first_package_msgs_s__rosidl_typesupport_fastrtps_c.cpython-310-x86_64-linux-gnu.so
[3.998s] -- Set runtime path of "/home/shcho/ros2_study/install/my_first_package_msgs/local/lib/python3.10/dist-packages/my_first_package_msgs/my_first_package_msgs_s__rosidl_typesupport_fastrtps_c.cpython-310-x86_64-linux-gnu.so" to ""
[3.998s] -- Installing: /home/shcho/ros2_study/install/my_first_package_msgs/local/lib/python3.10/dist-packages/my_first_package_msgs/my_first_package_msgs_s__rosidl_typesupport_introspection_c.cpython-310-x86_64-linux-gnu.so
[3.998s] -- Set runtime path of "/home/shcho/ros2_study/install/my_first_package_msgs/local/lib/python3.10/dist-packages/my_first_package_msgs/my_first_package_msgs_s__rosidl_typesupport_introspection_c.cpython-310-x86_64-linux-gnu.so" to ""
[3.998s] -- Installing: /home/shcho/ros2_study/install/my_first_package_msgs/local/lib/python3.10/dist-packages/my_first_package_msgs/my_first_package_msgs_s__rosidl_typesupport_c.cpython-310-x86_64-linux-gnu.so
[3.998s] -- Set runtime path of "/home/shcho/ros2_study/install/my_first_package_msgs/local/lib/python3.10/dist-packages/my_first_package_msgs/my_first_package_msgs_s__rosidl_typesupport_c.cpython-310-x86_64-linux-gnu.so" to ""
[3.999s] -- Installing: /home/shcho/ros2_study/install/my_first_package_msgs/lib/libmy_first_package_msgs__rosidl_generator_py.so
[3.999s] -- Set runtime path of "/home/shcho/ros2_study/install/my_first_package_msgs/lib/libmy_first_package_msgs__rosidl_generator_py.so" to ""
[3.999s] -- Installing: /home/shcho/ros2_study/install/my_first_package_msgs/share/my_first_package_msgs/srv/MultiSpawn.idl
[3.999s] -- Installing: /home/shcho/ros2_study/install/my_first_package_msgs/share/my_first_package_msgs/srv/MultiSpawn.srv
[3.999s] -- Installing: /home/shcho/ros2_study/install/my_first_package_msgs/share/my_first_package_msgs/srv/MultiSpawn_Request.msg
[3.999s] -- Installing: /home/shcho/ros2_study/install/my_first_package_msgs/share/my_first_package_msgs/srv/MultiSpawn_Response.msg
[3.999s] -- Up-to-date: /home/shcho/ros2_study/install/my_first_package_msgs/share/ament_index/resource_index/package_run_dependencies/my_first_package_msgs
[3.999s] -- Up-to-date: /home/shcho/ros2_study/install/my_first_package_msgs/share/ament_index/resource_index/parent_prefix_path/my_first_package_msgs
[4.000s] -- Up-to-date: /home/shcho/ros2_study/install/my_first_package_msgs/share/my_first_package_msgs/environment/ament_prefix_path.sh
[4.000s] -- Installing: /home/shcho/ros2_study/install/my_first_package_msgs/share/my_first_package_msgs/environment/ament_prefix_path.dsv
[4.000s] -- Up-to-date: /home/shcho/ros2_study/install/my_first_package_msgs/share/my_first_package_msgs/environment/path.sh
[4.000s] -- Installing: /home/shcho/ros2_study/install/my_first_package_msgs/share/my_first_package_msgs/environment/path.dsv
[4.000s] -- Up-to-date: /home/shcho/ros2_study/install/my_first_package_msgs/share/my_first_package_msgs/local_setup.bash
[4.000s] -- Up-to-date: /home/shcho/ros2_study/install/my_first_package_msgs/share/my_first_package_msgs/local_setup.sh
[4.000s] -- Up-to-date: /home/shcho/ros2_study/install/my_first_package_msgs/share/my_first_package_msgs/local_setup.zsh
[4.000s] -- Installing: /home/shcho/ros2_study/install/my_first_package_msgs/share/my_first_package_msgs/local_setup.dsv
[4.000s] -- Installing: /home/shcho/ros2_study/install/my_first_package_msgs/share/my_first_package_msgs/package.dsv
[4.000s] -- Up-to-date: /home/shcho/ros2_study/install/my_first_package_msgs/share/ament_index/resource_index/packages/my_first_package_msgs
[4.001s] -- Up-to-date: /home/shcho/ros2_study/install/my_first_package_msgs/share/my_first_package_msgs/cmake/export_my_first_package_msgs__rosidl_generator_cExport.cmake
[4.001s] -- Up-to-date: /home/shcho/ros2_study/install/my_first_package_msgs/share/my_first_package_msgs/cmake/export_my_first_package_msgs__rosidl_generator_cExport-noconfig.cmake
[4.001s] -- Up-to-date: /home/shcho/ros2_study/install/my_first_package_msgs/share/my_first_package_msgs/cmake/export_my_first_package_msgs__rosidl_typesupport_fastrtps_cExport.cmake
[4.001s] -- Up-to-date: /home/shcho/ros2_study/install/my_first_package_msgs/share/my_first_package_msgs/cmake/export_my_first_package_msgs__rosidl_typesupport_fastrtps_cExport-noconfig.cmake
[4.001s] -- Up-to-date: /home/shcho/ros2_study/install/my_first_package_msgs/share/my_first_package_msgs/cmake/my_first_package_msgs__rosidl_typesupport_introspection_cExport.cmake
[4.001s] -- Up-to-date: /home/shcho/ros2_study/install/my_first_package_msgs/share/my_first_package_msgs/cmake/my_first_package_msgs__rosidl_typesupport_introspection_cExport-noconfig.cmake
[4.001s] -- Up-to-date: /home/shcho/ros2_study/install/my_first_package_msgs/share/my_first_package_msgs/cmake/my_first_package_msgs__rosidl_typesupport_cExport.cmake
[4.001s] -- Up-to-date: /home/shcho/ros2_study/install/my_first_package_msgs/share/my_first_package_msgs/cmake/my_first_package_msgs__rosidl_typesupport_cExport-noconfig.cmake
[4.001s] -- Up-to-date: /home/shcho/ros2_study/install/my_first_package_msgs/share/my_first_package_msgs/cmake/export_my_first_package_msgs__rosidl_generator_cppExport.cmake
[4.001s] -- Up-to-date: /home/shcho/ros2_study/install/my_first_package_msgs/share/my_first_package_msgs/cmake/export_my_first_package_msgs__rosidl_typesupport_fastrtps_cppExport.cmake
[4.002s] -- Up-to-date: /home/shcho/ros2_study/install/my_first_package_msgs/share/my_first_package_msgs/cmake/export_my_first_package_msgs__rosidl_typesupport_fastrtps_cppExport-noconfig.cmake
[4.002s] -- Up-to-date: /home/shcho/ros2_study/install/my_first_package_msgs/share/my_first_package_msgs/cmake/my_first_package_msgs__rosidl_typesupport_introspection_cppExport.cmake
[4.002s] -- Up-to-date: /home/shcho/ros2_study/install/my_first_package_msgs/share/my_first_package_msgs/cmake/my_first_package_msgs__rosidl_typesupport_introspection_cppExport-noconfig.cmake
[4.002s] -- Up-to-date: /home/shcho/ros2_study/install/my_first_package_msgs/share/my_first_package_msgs/cmake/my_first_package_msgs__rosidl_typesupport_cppExport.cmake
[4.002s] -- Up-to-date: /home/shcho/ros2_study/install/my_first_package_msgs/share/my_first_package_msgs/cmake/my_first_package_msgs__rosidl_typesupport_cppExport-noconfig.cmake
[4.002s] -- Up-to-date: /home/shcho/ros2_study/install/my_first_package_msgs/share/my_first_package_msgs/cmake/export_my_first_package_msgs__rosidl_generator_pyExport.cmake
[4.002s] -- Up-to-date: /home/shcho/ros2_study/install/my_first_package_msgs/share/my_first_package_msgs/cmake/export_my_first_package_msgs__rosidl_generator_pyExport-noconfig.cmake
[4.002s] -- Installing: /home/shcho/ros2_study/install/my_first_package_msgs/share/my_first_package_msgs/cmake/rosidl_cmake-extras.cmake
[4.002s] -- Up-to-date: /home/shcho/ros2_study/install/my_first_package_msgs/share/my_first_package_msgs/cmake/ament_cmake_export_include_directories-extras.cmake
[4.002s] -- Up-to-date: /home/shcho/ros2_study/install/my_first_package_msgs/share/my_first_package_msgs/cmake/ament_cmake_export_libraries-extras.cmake
[4.002s] -- Up-to-date: /home/shcho/ros2_study/install/my_first_package_msgs/share/my_first_package_msgs/cmake/ament_cmake_export_targets-extras.cmake
[4.003s] -- Up-to-date: /home/shcho/ros2_study/install/my_first_package_msgs/share/my_first_package_msgs/cmake/rosidl_cmake_export_typesupport_targets-extras.cmake
[4.003s] -- Up-to-date: /home/shcho/ros2_study/install/my_first_package_msgs/share/my_first_package_msgs/cmake/ament_cmake_export_dependencies-extras.cmake
[4.003s] -- Up-to-date: /home/shcho/ros2_study/install/my_first_package_msgs/share/my_first_package_msgs/cmake/rosidl_cmake_export_typesupport_libraries-extras.cmake
[4.003s] -- Up-to-date: /home/shcho/ros2_study/install/my_first_package_msgs/share/my_first_package_msgs/cmake/my_first_package_msgsConfig.cmake
[4.003s] -- Up-to-date: /home/shcho/ros2_study/install/my_first_package_msgs/share/my_first_package_msgs/cmake/my_first_package_msgsConfig-version.cmake
[4.003s] -- Up-to-date: /home/shcho/ros2_study/install/my_first_package_msgs/share/my_first_package_msgs/package.xml
[4.024s] Invoked command in '/home/shcho/ros2_study/build/my_first_package_msgs' returned '0': CMAKE_PREFIX_PATH=${CMAKE_PREFIX_PATH}:/home/shcho/ros2_study/install/my_first_package:/opt/ros/humble /usr/bin/cmake --install /home/shcho/ros2_study/build/my_first_package_msgs
