[0.726s] Invoking command in '/home/shcho/ros2_study/src/my_first_package': PYTHONPATH=/home/shcho/ros2_study/build/my_first_package/prefix_override:/usr/lib/python3/dist-packages/colcon_core/task/python/colcon_distutils_commands:/home/shcho/ros2_study/install/my_first_package/lib/python3.10/site-packages:${PYTHONPATH} /usr/bin/python3 -W ignore:setup.py install is deprecated -W ignore:easy_install command is deprecated setup.py egg_info --egg-base ../../build/my_first_package build --build-base /home/shcho/ros2_study/build/my_first_package/build install --record /home/shcho/ros2_study/build/my_first_package/install.log --single-version-externally-managed install_data
[0.894s] running egg_info
[0.894s] writing ../../build/my_first_package/my_first_package.egg-info/PKG-INFO
[0.894s] writing dependency_links to ../../build/my_first_package/my_first_package.egg-info/dependency_links.txt
[0.895s] writing entry points to ../../build/my_first_package/my_first_package.egg-info/entry_points.txt
[0.895s] writing requirements to ../../build/my_first_package/my_first_package.egg-info/requires.txt
[0.895s] writing top-level names to ../../build/my_first_package/my_first_package.egg-info/top_level.txt
[0.895s] reading manifest file '../../build/my_first_package/my_first_package.egg-info/SOURCES.txt'
[0.895s] writing manifest file '../../build/my_first_package/my_first_package.egg-info/SOURCES.txt'
[0.895s] running build
[0.896s] running build_py
[0.896s] running install
[0.896s] running install_lib
[0.898s] running install_data
[0.898s] running install_egg_info
[0.903s] removing '/home/shcho/ros2_study/install/my_first_package/lib/python3.10/site-packages/my_first_package-0.0.0-py3.10.egg-info' (and everything under it)
[0.903s] Copying ../../build/my_first_package/my_first_package.egg-info to /home/shcho/ros2_study/install/my_first_package/lib/python3.10/site-packages/my_first_package-0.0.0-py3.10.egg-info
[0.904s] running install_scripts
[0.919s] Installing dist_turtle_action_server script to /home/shcho/ros2_study/install/my_first_package/lib/my_first_package
[0.919s] Installing my_custom_publisher script to /home/shcho/ros2_study/install/my_first_package/lib/my_first_package
[0.920s] Installing my_first_node script to /home/shcho/ros2_study/install/my_first_package/lib/my_first_package
[0.920s] Installing my_multi_thread script to /home/shcho/ros2_study/install/my_first_package/lib/my_first_package
[0.920s] Installing my_publisher script to /home/shcho/ros2_study/install/my_first_package/lib/my_first_package
[0.921s] Installing my_service_server script to /home/shcho/ros2_study/install/my_first_package/lib/my_first_package
[0.921s] Installing my_subscriber script to /home/shcho/ros2_study/install/my_first_package/lib/my_first_package
[0.921s] Installing turtle_cmd_and_pose script to /home/shcho/ros2_study/install/my_first_package/lib/my_first_package
[0.922s] writing list of installed files to '/home/shcho/ros2_study/build/my_first_package/install.log'
[0.936s] Invoked command in '/home/shcho/ros2_study/src/my_first_package' returned '0': PYTHONPATH=/home/shcho/ros2_study/build/my_first_package/prefix_override:/usr/lib/python3/dist-packages/colcon_core/task/python/colcon_distutils_commands:/home/shcho/ros2_study/install/my_first_package/lib/python3.10/site-packages:${PYTHONPATH} /usr/bin/python3 -W ignore:setup.py install is deprecated -W ignore:easy_install command is deprecated setup.py egg_info --egg-base ../../build/my_first_package build --build-base /home/shcho/ros2_study/build/my_first_package/build install --record /home/shcho/ros2_study/build/my_first_package/install.log --single-version-externally-managed install_data
