[0.571s] Invoking command in '/home/shcho/ros2_study/src/my_first_package': PYTHONPATH=/home/shcho/ros2_study/build/my_first_package/prefix_override:/usr/lib/python3/dist-packages/colcon_core/task/python/colcon_distutils_commands:/home/shcho/ros2_study/install/my_first_package/lib/python3.10/site-packages:${PYTHONPATH} /usr/bin/python3 -W ignore:setup.py install is deprecated -W ignore:easy_install command is deprecated setup.py egg_info --egg-base ../../build/my_first_package build --build-base /home/shcho/ros2_study/build/my_first_package/build install --record /home/shcho/ros2_study/build/my_first_package/install.log --single-version-externally-managed install_data
[0.774s] running egg_info
[0.778s] writing ../../build/my_first_package/my_first_package.egg-info/PKG-INFO
[0.779s] writing dependency_links to ../../build/my_first_package/my_first_package.egg-info/dependency_links.txt
[0.779s] writing entry points to ../../build/my_first_package/my_first_package.egg-info/entry_points.txt
[0.779s] writing requirements to ../../build/my_first_package/my_first_package.egg-info/requires.txt
[0.779s] writing top-level names to ../../build/my_first_package/my_first_package.egg-info/top_level.txt
[0.796s] reading manifest file '../../build/my_first_package/my_first_package.egg-info/SOURCES.txt'
[0.797s] writing manifest file '../../build/my_first_package/my_first_package.egg-info/SOURCES.txt'
[0.797s] running build
[0.797s] running build_py
[0.798s] copying my_first_package/dist_turtle_action_server.py -> /home/shcho/ros2_study/build/my_first_package/build/lib/my_first_package
[0.798s] running install
[0.798s] running install_lib
[0.799s] copying /home/shcho/ros2_study/build/my_first_package/build/lib/my_first_package/dist_turtle_action_server.py -> /home/shcho/ros2_study/install/my_first_package/lib/python3.10/site-packages/my_first_package
[0.800s] byte-compiling /home/shcho/ros2_study/install/my_first_package/lib/python3.10/site-packages/my_first_package/dist_turtle_action_server.py to dist_turtle_action_server.cpython-310.pyc
[0.800s] running install_data
[0.800s] running install_egg_info
[0.800s] removing '/home/shcho/ros2_study/install/my_first_package/lib/python3.10/site-packages/my_first_package-0.0.0-py3.10.egg-info' (and everything under it)
[0.800s] Copying ../../build/my_first_package/my_first_package.egg-info to /home/shcho/ros2_study/install/my_first_package/lib/python3.10/site-packages/my_first_package-0.0.0-py3.10.egg-info
[0.800s] running install_scripts
[0.800s] Installing dist_turtle_action_server script to /home/shcho/ros2_study/install/my_first_package/lib/my_first_package
[0.801s] Installing my_custom_publisher script to /home/shcho/ros2_study/install/my_first_package/lib/my_first_package
[0.801s] Installing my_first_node script to /home/shcho/ros2_study/install/my_first_package/lib/my_first_package
[0.802s] Installing my_publisher script to /home/shcho/ros2_study/install/my_first_package/lib/my_first_package
[0.802s] Installing my_service_server script to /home/shcho/ros2_study/install/my_first_package/lib/my_first_package
[0.802s] Installing my_subscriber script to /home/shcho/ros2_study/install/my_first_package/lib/my_first_package
[0.803s] Installing turtle_cmd_and_pose script to /home/shcho/ros2_study/install/my_first_package/lib/my_first_package
[0.803s] writing list of installed files to '/home/shcho/ros2_study/build/my_first_package/install.log'
[0.828s] Invoked command in '/home/shcho/ros2_study/src/my_first_package' returned '0': PYTHONPATH=/home/shcho/ros2_study/build/my_first_package/prefix_override:/usr/lib/python3/dist-packages/colcon_core/task/python/colcon_distutils_commands:/home/shcho/ros2_study/install/my_first_package/lib/python3.10/site-packages:${PYTHONPATH} /usr/bin/python3 -W ignore:setup.py install is deprecated -W ignore:easy_install command is deprecated setup.py egg_info --egg-base ../../build/my_first_package build --build-base /home/shcho/ros2_study/build/my_first_package/build install --record /home/shcho/ros2_study/build/my_first_package/install.log --single-version-externally-managed install_data
