[0.322s] DEBUG:colcon:Command line arguments: ['/usr/bin/colcon', 'build']
[0.322s] DEBUG:colcon:Parsed command line arguments: Namespace(log_base=None, log_level=None, verb_name='build', build_base='build', install_base='install', merge_install=False, symlink_install=False, test_result_base=None, continue_on_error=False, executor='parallel', parallel_workers=2, event_handlers=None, ignore_user_meta=False, metas=['./colcon.meta'], base_paths=['.'], packages_ignore=None, packages_ignore_regex=None, paths=None, packages_up_to=None, packages_up_to_regex=None, packages_above=None, packages_above_and_dependencies=None, packages_above_depth=None, packages_select_by_dep=None, packages_skip_by_dep=None, packages_skip_up_to=None, packages_select_build_failed=False, packages_skip_build_finished=False, packages_select_test_failures=False, packages_skip_test_passed=False, packages_select=None, packages_skip=None, packages_select_regex=None, packages_skip_regex=None, packages_start=None, packages_end=None, allow_overriding=[], cmake_args=None, cmake_target=None, cmake_target_skip_unavailable=False, cmake_clean_cache=False, cmake_clean_first=False, cmake_force_configure=False, ament_cmake_args=None, catkin_cmake_args=None, catkin_skip_building_tests=False, mixin_files=None, mixin=None, verb_parser=<colcon_mixin.mixin.mixin_argument.MixinArgumentDecorator object at 0x7b6063388520>, verb_extension=<colcon_core.verb.build.BuildVerb object at 0x7b606334fe20>, main=<bound method BuildVerb.main of <colcon_core.verb.build.BuildVerb object at 0x7b606334fe20>>, mixin_verb=('build',))
[0.705s] Level 1:colcon.colcon_core.package_discovery:discover_packages(colcon_meta) check parameters
[0.705s] Level 1:colcon.colcon_core.package_discovery:discover_packages(recursive) check parameters
[0.705s] Level 1:colcon.colcon_core.package_discovery:discover_packages(ignore) check parameters
[0.705s] Level 1:colcon.colcon_core.package_discovery:discover_packages(path) check parameters
[0.705s] Level 1:colcon.colcon_core.package_discovery:discover_packages(colcon_meta) discover
[0.705s] Level 1:colcon.colcon_core.package_discovery:discover_packages(recursive) discover
[0.705s] INFO:colcon.colcon_core.package_discovery:Crawling recursively for packages in '/home/shcho/ros2_study'
[0.705s] Level 1:colcon.colcon_core.package_identification:_identify(.) by extensions ['ignore', 'ignore_ament_install']
[0.706s] Level 1:colcon.colcon_core.package_identification:_identify(.) by extension 'ignore'
[0.706s] Level 1:colcon.colcon_core.package_identification:_identify(.) by extension 'ignore_ament_install'
[0.706s] Level 1:colcon.colcon_core.package_identification:_identify(.) by extensions ['colcon_pkg']
[0.706s] Level 1:colcon.colcon_core.package_identification:_identify(.) by extension 'colcon_pkg'
[0.706s] Level 1:colcon.colcon_core.package_identification:_identify(.) by extensions ['colcon_meta']
[0.706s] Level 1:colcon.colcon_core.package_identification:_identify(.) by extension 'colcon_meta'
[0.706s] Level 1:colcon.colcon_core.package_identification:_identify(.) by extensions ['ros']
[0.706s] Level 1:colcon.colcon_core.package_identification:_identify(.) by extension 'ros'
[0.737s] Level 1:colcon.colcon_core.package_identification:_identify(.) by extensions ['cmake', 'python']
[0.737s] Level 1:colcon.colcon_core.package_identification:_identify(.) by extension 'cmake'
[0.737s] Level 1:colcon.colcon_core.package_identification:_identify(.) by extension 'python'
[0.737s] Level 1:colcon.colcon_core.package_identification:_identify(.) by extensions ['python_setup_py']
[0.737s] Level 1:colcon.colcon_core.package_identification:_identify(.) by extension 'python_setup_py'
[0.737s] Level 1:colcon.colcon_core.package_identification:_identify(build) by extensions ['ignore', 'ignore_ament_install']
[0.737s] Level 1:colcon.colcon_core.package_identification:_identify(build) by extension 'ignore'
[0.737s] Level 1:colcon.colcon_core.package_identification:_identify(build) ignored
[0.737s] Level 1:colcon.colcon_core.package_identification:_identify(install) by extensions ['ignore', 'ignore_ament_install']
[0.738s] Level 1:colcon.colcon_core.package_identification:_identify(install) by extension 'ignore'
[0.738s] Level 1:colcon.colcon_core.package_identification:_identify(install) ignored
[0.738s] Level 1:colcon.colcon_core.package_identification:_identify(log) by extensions ['ignore', 'ignore_ament_install']
[0.738s] Level 1:colcon.colcon_core.package_identification:_identify(log) by extension 'ignore'
[0.738s] Level 1:colcon.colcon_core.package_identification:_identify(log) ignored
[0.738s] Level 1:colcon.colcon_core.package_identification:_identify(src) by extensions ['ignore', 'ignore_ament_install']
[0.738s] Level 1:colcon.colcon_core.package_identification:_identify(src) by extension 'ignore'
[0.738s] Level 1:colcon.colcon_core.package_identification:_identify(src) by extension 'ignore_ament_install'
[0.738s] Level 1:colcon.colcon_core.package_identification:_identify(src) by extensions ['colcon_pkg']
[0.738s] Level 1:colcon.colcon_core.package_identification:_identify(src) by extension 'colcon_pkg'
[0.738s] Level 1:colcon.colcon_core.package_identification:_identify(src) by extensions ['colcon_meta']
[0.738s] Level 1:colcon.colcon_core.package_identification:_identify(src) by extension 'colcon_meta'
[0.738s] Level 1:colcon.colcon_core.package_identification:_identify(src) by extensions ['ros']
[0.738s] Level 1:colcon.colcon_core.package_identification:_identify(src) by extension 'ros'
[0.738s] Level 1:colcon.colcon_core.package_identification:_identify(src) by extensions ['cmake', 'python']
[0.738s] Level 1:colcon.colcon_core.package_identification:_identify(src) by extension 'cmake'
[0.738s] Level 1:colcon.colcon_core.package_identification:_identify(src) by extension 'python'
[0.738s] Level 1:colcon.colcon_core.package_identification:_identify(src) by extensions ['python_setup_py']
[0.738s] Level 1:colcon.colcon_core.package_identification:_identify(src) by extension 'python_setup_py'
[0.738s] Level 1:colcon.colcon_core.package_identification:_identify(src/build) by extensions ['ignore', 'ignore_ament_install']
[0.738s] Level 1:colcon.colcon_core.package_identification:_identify(src/build) by extension 'ignore'
[0.738s] Level 1:colcon.colcon_core.package_identification:_identify(src/build) ignored
[0.738s] Level 1:colcon.colcon_core.package_identification:_identify(src/install) by extensions ['ignore', 'ignore_ament_install']
[0.739s] Level 1:colcon.colcon_core.package_identification:_identify(src/install) by extension 'ignore'
[0.739s] Level 1:colcon.colcon_core.package_identification:_identify(src/install) ignored
[0.739s] Level 1:colcon.colcon_core.package_identification:_identify(src/log) by extensions ['ignore', 'ignore_ament_install']
[0.739s] Level 1:colcon.colcon_core.package_identification:_identify(src/log) by extension 'ignore'
[0.739s] Level 1:colcon.colcon_core.package_identification:_identify(src/log) ignored
[0.739s] Level 1:colcon.colcon_core.package_identification:_identify(src/my_first_package) by extensions ['ignore', 'ignore_ament_install']
[0.739s] Level 1:colcon.colcon_core.package_identification:_identify(src/my_first_package) by extension 'ignore'
[0.739s] Level 1:colcon.colcon_core.package_identification:_identify(src/my_first_package) by extension 'ignore_ament_install'
[0.739s] Level 1:colcon.colcon_core.package_identification:_identify(src/my_first_package) by extensions ['colcon_pkg']
[0.739s] Level 1:colcon.colcon_core.package_identification:_identify(src/my_first_package) by extension 'colcon_pkg'
[0.739s] Level 1:colcon.colcon_core.package_identification:_identify(src/my_first_package) by extensions ['colcon_meta']
[0.739s] Level 1:colcon.colcon_core.package_identification:_identify(src/my_first_package) by extension 'colcon_meta'
[0.739s] Level 1:colcon.colcon_core.package_identification:_identify(src/my_first_package) by extensions ['ros']
[0.739s] Level 1:colcon.colcon_core.package_identification:_identify(src/my_first_package) by extension 'ros'
[0.742s] DEBUG:colcon.colcon_core.package_identification:Package 'src/my_first_package' with type 'ros.ament_python' and name 'my_first_package'
[0.742s] Level 1:colcon.colcon_core.package_identification:_identify(src/my_first_package_msgs) by extensions ['ignore', 'ignore_ament_install']
[0.742s] Level 1:colcon.colcon_core.package_identification:_identify(src/my_first_package_msgs) by extension 'ignore'
[0.743s] Level 1:colcon.colcon_core.package_identification:_identify(src/my_first_package_msgs) by extension 'ignore_ament_install'
[0.743s] Level 1:colcon.colcon_core.package_identification:_identify(src/my_first_package_msgs) by extensions ['colcon_pkg']
[0.743s] Level 1:colcon.colcon_core.package_identification:_identify(src/my_first_package_msgs) by extension 'colcon_pkg'
[0.743s] Level 1:colcon.colcon_core.package_identification:_identify(src/my_first_package_msgs) by extensions ['colcon_meta']
[0.743s] Level 1:colcon.colcon_core.package_identification:_identify(src/my_first_package_msgs) by extension 'colcon_meta'
[0.743s] Level 1:colcon.colcon_core.package_identification:_identify(src/my_first_package_msgs) by extensions ['ros']
[0.743s] Level 1:colcon.colcon_core.package_identification:_identify(src/my_first_package_msgs) by extension 'ros'
[0.743s] DEBUG:colcon.colcon_core.package_identification:Package 'src/my_first_package_msgs' with type 'ros.ament_cmake' and name 'my_first_package_msgs'
[0.743s] Level 1:colcon.colcon_core.package_discovery:discover_packages(recursive) using defaults
[0.743s] Level 1:colcon.colcon_core.package_discovery:discover_packages(ignore) discover
[0.743s] Level 1:colcon.colcon_core.package_discovery:discover_packages(ignore) using defaults
[0.743s] Level 1:colcon.colcon_core.package_discovery:discover_packages(path) discover
[0.743s] Level 1:colcon.colcon_core.package_discovery:discover_packages(path) using defaults
[0.771s] Level 1:colcon.colcon_core.package_discovery:discover_packages(prefix_path) check parameters
[0.771s] Level 1:colcon.colcon_core.package_discovery:discover_packages(prefix_path) discover
[0.775s] DEBUG:colcon.colcon_installed_package_information.package_discovery:Found 2 installed packages in /home/shcho/ros2_study/install
[0.776s] DEBUG:colcon.colcon_installed_package_information.package_discovery:Found 273 installed packages in /opt/ros/humble
[0.777s] Level 1:colcon.colcon_core.package_discovery:discover_packages(prefix_path) using defaults
[0.796s] Level 5:colcon.colcon_core.verb:set package 'my_first_package' build argument 'cmake_args' from command line to 'None'
[0.796s] Level 5:colcon.colcon_core.verb:set package 'my_first_package' build argument 'cmake_target' from command line to 'None'
[0.796s] Level 5:colcon.colcon_core.verb:set package 'my_first_package' build argument 'cmake_target_skip_unavailable' from command line to 'False'
[0.796s] Level 5:colcon.colcon_core.verb:set package 'my_first_package' build argument 'cmake_clean_cache' from command line to 'False'
[0.796s] Level 5:colcon.colcon_core.verb:set package 'my_first_package' build argument 'cmake_clean_first' from command line to 'False'
[0.796s] Level 5:colcon.colcon_core.verb:set package 'my_first_package' build argument 'cmake_force_configure' from command line to 'False'
[0.796s] Level 5:colcon.colcon_core.verb:set package 'my_first_package' build argument 'ament_cmake_args' from command line to 'None'
[0.796s] Level 5:colcon.colcon_core.verb:set package 'my_first_package' build argument 'catkin_cmake_args' from command line to 'None'
[0.796s] Level 5:colcon.colcon_core.verb:set package 'my_first_package' build argument 'catkin_skip_building_tests' from command line to 'False'
[0.796s] DEBUG:colcon.colcon_core.verb:Building package 'my_first_package' with the following arguments: {'ament_cmake_args': None, 'build_base': '/home/shcho/ros2_study/build/my_first_package', 'catkin_cmake_args': None, 'catkin_skip_building_tests': False, 'cmake_args': None, 'cmake_clean_cache': False, 'cmake_clean_first': False, 'cmake_force_configure': False, 'cmake_target': None, 'cmake_target_skip_unavailable': False, 'install_base': '/home/shcho/ros2_study/install/my_first_package', 'merge_install': False, 'path': '/home/shcho/ros2_study/src/my_first_package', 'symlink_install': False, 'test_result_base': None}
[0.797s] Level 5:colcon.colcon_core.verb:set package 'my_first_package_msgs' build argument 'cmake_args' from command line to 'None'
[0.797s] Level 5:colcon.colcon_core.verb:set package 'my_first_package_msgs' build argument 'cmake_target' from command line to 'None'
[0.797s] Level 5:colcon.colcon_core.verb:set package 'my_first_package_msgs' build argument 'cmake_target_skip_unavailable' from command line to 'False'
[0.797s] Level 5:colcon.colcon_core.verb:set package 'my_first_package_msgs' build argument 'cmake_clean_cache' from command line to 'False'
[0.797s] Level 5:colcon.colcon_core.verb:set package 'my_first_package_msgs' build argument 'cmake_clean_first' from command line to 'False'
[0.797s] Level 5:colcon.colcon_core.verb:set package 'my_first_package_msgs' build argument 'cmake_force_configure' from command line to 'False'
[0.797s] Level 5:colcon.colcon_core.verb:set package 'my_first_package_msgs' build argument 'ament_cmake_args' from command line to 'None'
[0.797s] Level 5:colcon.colcon_core.verb:set package 'my_first_package_msgs' build argument 'catkin_cmake_args' from command line to 'None'
[0.797s] Level 5:colcon.colcon_core.verb:set package 'my_first_package_msgs' build argument 'catkin_skip_building_tests' from command line to 'False'
[0.797s] DEBUG:colcon.colcon_core.verb:Building package 'my_first_package_msgs' with the following arguments: {'ament_cmake_args': None, 'build_base': '/home/shcho/ros2_study/build/my_first_package_msgs', 'catkin_cmake_args': None, 'catkin_skip_building_tests': False, 'cmake_args': None, 'cmake_clean_cache': False, 'cmake_clean_first': False, 'cmake_force_configure': False, 'cmake_target': None, 'cmake_target_skip_unavailable': False, 'install_base': '/home/shcho/ros2_study/install/my_first_package_msgs', 'merge_install': False, 'path': '/home/shcho/ros2_study/src/my_first_package_msgs', 'symlink_install': False, 'test_result_base': None}
[0.797s] INFO:colcon.colcon_core.executor:Executing jobs using 'parallel' executor
[0.799s] DEBUG:colcon.colcon_parallel_executor.executor.parallel:run_until_complete
[0.799s] INFO:colcon.colcon_ros.task.ament_python.build:Building ROS package in '/home/shcho/ros2_study/src/my_first_package' with build type 'ament_python'
[0.799s] Level 1:colcon.colcon_core.shell:create_environment_hook('my_first_package', 'ament_prefix_path')
[0.806s] INFO:colcon.colcon_core.plugin_system:Skipping extension 'colcon_core.shell.bat': Not used on non-Windows systems
[0.806s] INFO:colcon.colcon_core.shell:Creating environment hook '/home/shcho/ros2_study/install/my_first_package/share/my_first_package/hook/ament_prefix_path.ps1'
[0.807s] INFO:colcon.colcon_core.shell:Creating environment descriptor '/home/shcho/ros2_study/install/my_first_package/share/my_first_package/hook/ament_prefix_path.dsv'
[0.808s] INFO:colcon.colcon_core.shell:Creating environment hook '/home/shcho/ros2_study/install/my_first_package/share/my_first_package/hook/ament_prefix_path.sh'
[0.810s] INFO:colcon.colcon_core.shell:Skip shell extension 'powershell' for command environment: Not usable outside of PowerShell
[0.810s] DEBUG:colcon.colcon_core.shell:Skip shell extension 'dsv' for command environment
[0.814s] INFO:colcon.colcon_ros.task.ament_cmake.build:Building ROS package in '/home/shcho/ros2_study/src/my_first_package_msgs' with build type 'ament_cmake'
[0.814s] INFO:colcon.colcon_cmake.task.cmake.build:Building CMake package in '/home/shcho/ros2_study/src/my_first_package_msgs'
[0.814s] INFO:colcon.colcon_core.shell:Skip shell extension 'powershell' for command environment: Not usable outside of PowerShell
[0.814s] DEBUG:colcon.colcon_core.shell:Skip shell extension 'dsv' for command environment
[0.824s] DEBUG:colcon.colcon_core.event_handler.log_command:Invoking command in '/home/shcho/ros2_study/build/my_first_package_msgs': CMAKE_PREFIX_PATH=${CMAKE_PREFIX_PATH}:/home/shcho/ros2_study/install/my_first_package:/opt/ros/humble /usr/bin/cmake --build /home/shcho/ros2_study/build/my_first_package_msgs -- -j2 -l2
[1.107s] INFO:colcon.colcon_core.task.python.build:Building Python package in '/home/shcho/ros2_study/src/my_first_package'
[1.107s] INFO:colcon.colcon_core.shell:Skip shell extension 'powershell' for command environment: Not usable outside of PowerShell
[1.107s] DEBUG:colcon.colcon_core.shell:Skip shell extension 'dsv' for command environment
[1.550s] DEBUG:colcon.colcon_core.event_handler.log_command:Invoking command in '/home/shcho/ros2_study/src/my_first_package': PYTHONPATH=/home/shcho/ros2_study/build/my_first_package/prefix_override:/usr/lib/python3/dist-packages/colcon_core/task/python/colcon_distutils_commands:/home/shcho/ros2_study/install/my_first_package/lib/python3.10/site-packages:${PYTHONPATH} /usr/bin/python3 -W ignore:setup.py install is deprecated -W ignore:easy_install command is deprecated setup.py egg_info --egg-base ../../build/my_first_package build --build-base /home/shcho/ros2_study/build/my_first_package/build install --record /home/shcho/ros2_study/build/my_first_package/install.log --single-version-externally-managed install_data
[1.741s] DEBUG:colcon.colcon_core.event_handler.log_command:Invoked command in '/home/shcho/ros2_study/src/my_first_package' returned '0': PYTHONPATH=/home/shcho/ros2_study/build/my_first_package/prefix_override:/usr/lib/python3/dist-packages/colcon_core/task/python/colcon_distutils_commands:/home/shcho/ros2_study/install/my_first_package/lib/python3.10/site-packages:${PYTHONPATH} /usr/bin/python3 -W ignore:setup.py install is deprecated -W ignore:easy_install command is deprecated setup.py egg_info --egg-base ../../build/my_first_package build --build-base /home/shcho/ros2_study/build/my_first_package/build install --record /home/shcho/ros2_study/build/my_first_package/install.log --single-version-externally-managed install_data
[1.757s] Level 1:colcon.colcon_core.environment:checking '/home/shcho/ros2_study/install/my_first_package' for CMake module files
[1.758s] Level 1:colcon.colcon_core.environment:checking '/home/shcho/ros2_study/install/my_first_package' for CMake config files
[1.758s] Level 1:colcon.colcon_core.environment:checking '/home/shcho/ros2_study/install/my_first_package/lib'
[1.760s] Level 1:colcon.colcon_core.environment:checking '/home/shcho/ros2_study/install/my_first_package/bin'
[1.760s] Level 1:colcon.colcon_core.environment:checking '/home/shcho/ros2_study/install/my_first_package/lib/pkgconfig/my_first_package.pc'
[1.762s] Level 1:colcon.colcon_core.environment:checking '/home/shcho/ros2_study/install/my_first_package/lib/python3.10/site-packages'
[1.762s] Level 1:colcon.colcon_core.shell:create_environment_hook('my_first_package', 'pythonpath')
[1.762s] INFO:colcon.colcon_core.shell:Creating environment hook '/home/shcho/ros2_study/install/my_first_package/share/my_first_package/hook/pythonpath.ps1'
[1.763s] INFO:colcon.colcon_core.shell:Creating environment descriptor '/home/shcho/ros2_study/install/my_first_package/share/my_first_package/hook/pythonpath.dsv'
[1.763s] INFO:colcon.colcon_core.shell:Creating environment hook '/home/shcho/ros2_study/install/my_first_package/share/my_first_package/hook/pythonpath.sh'
[1.764s] Level 1:colcon.colcon_core.environment:checking '/home/shcho/ros2_study/install/my_first_package/bin'
[1.764s] Level 1:colcon.colcon_core.environment:create_environment_scripts_only(my_first_package)
[1.765s] INFO:colcon.colcon_core.shell:Creating package script '/home/shcho/ros2_study/install/my_first_package/share/my_first_package/package.ps1'
[1.766s] INFO:colcon.colcon_core.shell:Creating package descriptor '/home/shcho/ros2_study/install/my_first_package/share/my_first_package/package.dsv'
[1.766s] INFO:colcon.colcon_core.shell:Creating package script '/home/shcho/ros2_study/install/my_first_package/share/my_first_package/package.sh'
[1.767s] INFO:colcon.colcon_core.shell:Creating package script '/home/shcho/ros2_study/install/my_first_package/share/my_first_package/package.bash'
[1.769s] INFO:colcon.colcon_core.shell:Creating package script '/home/shcho/ros2_study/install/my_first_package/share/my_first_package/package.zsh'
[1.770s] Level 1:colcon.colcon_core.environment:create_file_with_runtime_dependencies(/home/shcho/ros2_study/install/my_first_package/share/colcon-core/packages/my_first_package)
[7.410s] DEBUG:colcon.colcon_core.event_handler.log_command:Invoked command in '/home/shcho/ros2_study/build/my_first_package_msgs' returned '0': CMAKE_PREFIX_PATH=${CMAKE_PREFIX_PATH}:/home/shcho/ros2_study/install/my_first_package:/opt/ros/humble /usr/bin/cmake --build /home/shcho/ros2_study/build/my_first_package_msgs -- -j2 -l2
[7.420s] DEBUG:colcon.colcon_core.event_handler.log_command:Invoking command in '/home/shcho/ros2_study/build/my_first_package_msgs': CMAKE_PREFIX_PATH=${CMAKE_PREFIX_PATH}:/home/shcho/ros2_study/install/my_first_package:/opt/ros/humble /usr/bin/cmake --install /home/shcho/ros2_study/build/my_first_package_msgs
[7.495s] Level 1:colcon.colcon_core.environment:create_environment_scripts_only(my_first_package_msgs)
[7.495s] Level 1:colcon.colcon_core.environment:checking '/home/shcho/ros2_study/install/my_first_package_msgs' for CMake module files
[7.496s] Level 1:colcon.colcon_core.environment:checking '/home/shcho/ros2_study/install/my_first_package_msgs' for CMake config files
[7.497s] Level 1:colcon.colcon_core.shell:create_environment_hook('my_first_package_msgs', 'cmake_prefix_path')
[7.497s] INFO:colcon.colcon_core.shell:Creating environment hook '/home/shcho/ros2_study/install/my_first_package_msgs/share/my_first_package_msgs/hook/cmake_prefix_path.ps1'
[7.498s] DEBUG:colcon.colcon_core.event_handler.log_command:Invoked command in '/home/shcho/ros2_study/build/my_first_package_msgs' returned '0': CMAKE_PREFIX_PATH=${CMAKE_PREFIX_PATH}:/home/shcho/ros2_study/install/my_first_package:/opt/ros/humble /usr/bin/cmake --install /home/shcho/ros2_study/build/my_first_package_msgs
[7.498s] INFO:colcon.colcon_core.shell:Creating environment descriptor '/home/shcho/ros2_study/install/my_first_package_msgs/share/my_first_package_msgs/hook/cmake_prefix_path.dsv'
[7.498s] INFO:colcon.colcon_core.shell:Creating environment hook '/home/shcho/ros2_study/install/my_first_package_msgs/share/my_first_package_msgs/hook/cmake_prefix_path.sh'
[7.499s] Level 1:colcon.colcon_core.environment:checking '/home/shcho/ros2_study/install/my_first_package_msgs/lib'
[7.499s] Level 1:colcon.colcon_core.shell:create_environment_hook('my_first_package_msgs', 'ld_library_path_lib')
[7.499s] INFO:colcon.colcon_core.shell:Creating environment hook '/home/shcho/ros2_study/install/my_first_package_msgs/share/my_first_package_msgs/hook/ld_library_path_lib.ps1'
[7.500s] INFO:colcon.colcon_core.shell:Creating environment descriptor '/home/shcho/ros2_study/install/my_first_package_msgs/share/my_first_package_msgs/hook/ld_library_path_lib.dsv'
[7.500s] INFO:colcon.colcon_core.shell:Creating environment hook '/home/shcho/ros2_study/install/my_first_package_msgs/share/my_first_package_msgs/hook/ld_library_path_lib.sh'
[7.500s] Level 1:colcon.colcon_core.environment:checking '/home/shcho/ros2_study/install/my_first_package_msgs/bin'
[7.501s] Level 1:colcon.colcon_core.environment:checking '/home/shcho/ros2_study/install/my_first_package_msgs/lib/pkgconfig/my_first_package_msgs.pc'
[7.501s] Level 1:colcon.colcon_core.environment:checking '/home/shcho/ros2_study/install/my_first_package_msgs/lib/python3.10/site-packages'
[7.501s] Level 1:colcon.colcon_core.environment:checking '/home/shcho/ros2_study/install/my_first_package_msgs/bin'
[7.501s] INFO:colcon.colcon_core.shell:Creating package script '/home/shcho/ros2_study/install/my_first_package_msgs/share/my_first_package_msgs/package.ps1'
[7.502s] INFO:colcon.colcon_core.shell:Creating package descriptor '/home/shcho/ros2_study/install/my_first_package_msgs/share/my_first_package_msgs/package.dsv'
[7.502s] INFO:colcon.colcon_core.shell:Creating package script '/home/shcho/ros2_study/install/my_first_package_msgs/share/my_first_package_msgs/package.sh'
[7.503s] INFO:colcon.colcon_core.shell:Creating package script '/home/shcho/ros2_study/install/my_first_package_msgs/share/my_first_package_msgs/package.bash'
[7.503s] INFO:colcon.colcon_core.shell:Creating package script '/home/shcho/ros2_study/install/my_first_package_msgs/share/my_first_package_msgs/package.zsh'
[7.504s] Level 1:colcon.colcon_core.environment:create_file_with_runtime_dependencies(/home/shcho/ros2_study/install/my_first_package_msgs/share/colcon-core/packages/my_first_package_msgs)
[7.504s] Level 1:colcon.colcon_core.environment:create_environment_scripts_only(my_first_package_msgs)
[7.504s] Level 1:colcon.colcon_core.environment:checking '/home/shcho/ros2_study/install/my_first_package_msgs' for CMake module files
[7.505s] Level 1:colcon.colcon_core.environment:checking '/home/shcho/ros2_study/install/my_first_package_msgs' for CMake config files
[7.505s] Level 1:colcon.colcon_core.shell:create_environment_hook('my_first_package_msgs', 'cmake_prefix_path')
[7.505s] INFO:colcon.colcon_core.shell:Creating environment hook '/home/shcho/ros2_study/install/my_first_package_msgs/share/my_first_package_msgs/hook/cmake_prefix_path.ps1'
[7.506s] INFO:colcon.colcon_core.shell:Creating environment descriptor '/home/shcho/ros2_study/install/my_first_package_msgs/share/my_first_package_msgs/hook/cmake_prefix_path.dsv'
[7.506s] INFO:colcon.colcon_core.shell:Creating environment hook '/home/shcho/ros2_study/install/my_first_package_msgs/share/my_first_package_msgs/hook/cmake_prefix_path.sh'
[7.507s] Level 1:colcon.colcon_core.environment:checking '/home/shcho/ros2_study/install/my_first_package_msgs/lib'
[7.507s] Level 1:colcon.colcon_core.shell:create_environment_hook('my_first_package_msgs', 'ld_library_path_lib')
[7.507s] INFO:colcon.colcon_core.shell:Creating environment hook '/home/shcho/ros2_study/install/my_first_package_msgs/share/my_first_package_msgs/hook/ld_library_path_lib.ps1'
[7.507s] INFO:colcon.colcon_core.shell:Creating environment descriptor '/home/shcho/ros2_study/install/my_first_package_msgs/share/my_first_package_msgs/hook/ld_library_path_lib.dsv'
[7.508s] INFO:colcon.colcon_core.shell:Creating environment hook '/home/shcho/ros2_study/install/my_first_package_msgs/share/my_first_package_msgs/hook/ld_library_path_lib.sh'
[7.508s] Level 1:colcon.colcon_core.environment:checking '/home/shcho/ros2_study/install/my_first_package_msgs/bin'
[7.508s] Level 1:colcon.colcon_core.environment:checking '/home/shcho/ros2_study/install/my_first_package_msgs/lib/pkgconfig/my_first_package_msgs.pc'
[7.508s] Level 1:colcon.colcon_core.environment:checking '/home/shcho/ros2_study/install/my_first_package_msgs/lib/python3.10/site-packages'
[7.509s] Level 1:colcon.colcon_core.environment:checking '/home/shcho/ros2_study/install/my_first_package_msgs/bin'
[7.509s] INFO:colcon.colcon_core.shell:Creating package script '/home/shcho/ros2_study/install/my_first_package_msgs/share/my_first_package_msgs/package.ps1'
[7.509s] INFO:colcon.colcon_core.shell:Creating package descriptor '/home/shcho/ros2_study/install/my_first_package_msgs/share/my_first_package_msgs/package.dsv'
[7.510s] INFO:colcon.colcon_core.shell:Creating package script '/home/shcho/ros2_study/install/my_first_package_msgs/share/my_first_package_msgs/package.sh'
[7.510s] INFO:colcon.colcon_core.shell:Creating package script '/home/shcho/ros2_study/install/my_first_package_msgs/share/my_first_package_msgs/package.bash'
[7.511s] INFO:colcon.colcon_core.shell:Creating package script '/home/shcho/ros2_study/install/my_first_package_msgs/share/my_first_package_msgs/package.zsh'
[7.511s] Level 1:colcon.colcon_core.environment:create_file_with_runtime_dependencies(/home/shcho/ros2_study/install/my_first_package_msgs/share/colcon-core/packages/my_first_package_msgs)
[7.512s] DEBUG:colcon.colcon_parallel_executor.executor.parallel:closing loop
[7.512s] DEBUG:colcon.colcon_parallel_executor.executor.parallel:loop closed
[7.512s] DEBUG:colcon.colcon_parallel_executor.executor.parallel:run_until_complete finished with '0'
[7.512s] DEBUG:colcon.colcon_core.event_reactor:joining thread
[7.531s] INFO:colcon.colcon_core.plugin_system:Skipping extension 'colcon_notification.desktop_notification.terminal_notifier': Not used on non-Darwin systems
[7.531s] INFO:colcon.colcon_core.plugin_system:Skipping extension 'colcon_notification.desktop_notification.win32': Not used on non-Windows systems
[7.531s] INFO:colcon.colcon_notification.desktop_notification:Sending desktop notification using 'notify2'
[7.560s] DEBUG:colcon.colcon_core.event_reactor:joined thread
[7.560s] INFO:colcon.colcon_core.shell:Creating prefix script '/home/shcho/ros2_study/install/local_setup.ps1'
[7.561s] INFO:colcon.colcon_core.shell:Creating prefix util module '/home/shcho/ros2_study/install/_local_setup_util_ps1.py'
[7.563s] INFO:colcon.colcon_core.shell:Creating prefix chain script '/home/shcho/ros2_study/install/setup.ps1'
[7.564s] INFO:colcon.colcon_core.shell:Creating prefix script '/home/shcho/ros2_study/install/local_setup.sh'
[7.565s] INFO:colcon.colcon_core.shell:Creating prefix util module '/home/shcho/ros2_study/install/_local_setup_util_sh.py'
[7.566s] INFO:colcon.colcon_core.shell:Creating prefix chain script '/home/shcho/ros2_study/install/setup.sh'
[7.570s] INFO:colcon.colcon_core.shell:Creating prefix script '/home/shcho/ros2_study/install/local_setup.bash'
[7.570s] INFO:colcon.colcon_core.shell:Creating prefix chain script '/home/shcho/ros2_study/install/setup.bash'
[7.580s] INFO:colcon.colcon_core.shell:Creating prefix script '/home/shcho/ros2_study/install/local_setup.zsh'
[7.581s] INFO:colcon.colcon_core.shell:Creating prefix chain script '/home/shcho/ros2_study/install/setup.zsh'
