[0.205s] Invoking command in '/home/shcho/ros2_study/build/my_first_package_msgs': CMAKE_PREFIX_PATH=${CMAKE_PREFIX_PATH}:/home/shcho/ros2_study/install/my_first_package:/opt/ros/humble /usr/bin/cmake --build /home/shcho/ros2_study/build/my_first_package_msgs -- -j2 -l2
[0.295s] [35m[1mConsolidate compiler generated dependencies of target my_first_package_msgs__rosidl_generator_c[0m
[0.304s] [  2%] Built target my_first_package_msgs__cpp
[0.315s] [ 12%] Built target my_first_package_msgs__rosidl_generator_c
[0.334s] [35m[1mConsolidate compiler generated dependencies of target my_first_package_msgs__rosidl_typesupport_cpp[0m
[0.355s] [ 12%] Built target ament_cmake_python_copy_my_first_package_msgs
[0.382s] [35m[1mConsolidate compiler generated dependencies of target my_first_package_msgs__rosidl_typesupport_fastrtps_c[0m
[0.386s] [ 23%] Built target my_first_package_msgs__rosidl_typesupport_cpp
[0.410s] [35m[1mConsolidate compiler generated dependencies of target my_first_package_msgs__rosidl_typesupport_introspection_c[0m
[0.448s] [ 34%] Built target my_first_package_msgs__rosidl_typesupport_fastrtps_c
[0.448s] [ 44%] Built target my_first_package_msgs__rosidl_typesupport_introspection_c
[0.483s] [35m[1mConsolidate compiler generated dependencies of target my_first_package_msgs__rosidl_typesupport_c[0m
[0.500s] [35m[1mConsolidate compiler generated dependencies of target my_first_package_msgs__rosidl_typesupport_fastrtps_cpp[0m
[0.504s] [ 55%] Built target my_first_package_msgs__rosidl_typesupport_c
[0.522s] [ 65%] Built target my_first_package_msgs__rosidl_typesupport_fastrtps_cpp
[0.525s] [35m[1mConsolidate compiler generated dependencies of target my_first_package_msgs__rosidl_typesupport_introspection_cpp[0m
[0.581s] [ 76%] Built target my_first_package_msgs__rosidl_typesupport_introspection_cpp
[0.684s] [ 76%] Built target my_first_package_msgs
[0.736s] [ 78%] Built target my_first_package_msgs__py
[0.759s] [35m[1mConsolidate compiler generated dependencies of target my_first_package_msgs__rosidl_generator_py[0m
[0.795s] [ 87%] Built target my_first_package_msgs__rosidl_generator_py
[0.824s] running egg_info
[0.824s] writing my_first_package_msgs.egg-info/PKG-INFO
[0.827s] writing dependency_links to my_first_package_msgs.egg-info/dependency_links.txt
[0.832s] writing top-level names to my_first_package_msgs.egg-info/top_level.txt
[0.832s] reading manifest file 'my_first_package_msgs.egg-info/SOURCES.txt'
[0.832s] writing manifest file 'my_first_package_msgs.egg-info/SOURCES.txt'
[0.847s] [35m[1mConsolidate compiler generated dependencies of target my_first_package_msgs__rosidl_typesupport_fastrtps_c__pyext[0m
[0.866s] [ 87%] Built target ament_cmake_python_build_my_first_package_msgs_egg
[0.892s] [35m[1mConsolidate compiler generated dependencies of target my_first_package_msgs__rosidl_typesupport_introspection_c__pyext[0m
[0.895s] [ 91%] Built target my_first_package_msgs__rosidl_typesupport_fastrtps_c__pyext
[0.913s] [ 95%] Built target my_first_package_msgs__rosidl_typesupport_introspection_c__pyext
[0.922s] [35m[1mConsolidate compiler generated dependencies of target my_first_package_msgs__rosidl_typesupport_c__pyext[0m
[0.941s] [100%] Built target my_first_package_msgs__rosidl_typesupport_c__pyext
[0.955s] Invoked command in '/home/shcho/ros2_study/build/my_first_package_msgs' returned '0': CMAKE_PREFIX_PATH=${CMAKE_PREFIX_PATH}:/home/shcho/ros2_study/install/my_first_package:/opt/ros/humble /usr/bin/cmake --build /home/shcho/ros2_study/build/my_first_package_msgs -- -j2 -l2
[0.963s] Invoking command in '/home/shcho/ros2_study/build/my_first_package_msgs': CMAKE_PREFIX_PATH=${CMAKE_PREFIX_PATH}:/home/shcho/ros2_study/install/my_first_package:/opt/ros/humble /usr/bin/cmake --install /home/shcho/ros2_study/build/my_first_package_msgs
[0.970s] -- Install configuration: ""
[0.970s] -- Up-to-date: /home/shcho/ros2_study/install/my_first_package_msgs/share/ament_index/resource_index/rosidl_interfaces/my_first_package_msgs
[0.970s] -- Up-to-date: /home/shcho/ros2_study/install/my_first_package_msgs/include/my_first_package_msgs/my_first_package_msgs
[0.971s] -- Up-to-date: /home/shcho/ros2_study/install/my_first_package_msgs/include/my_first_package_msgs/my_first_package_msgs/srv
[0.971s] -- Up-to-date: /home/shcho/ros2_study/install/my_first_package_msgs/include/my_first_package_msgs/my_first_package_msgs/srv/detail
[0.971s] -- Up-to-date: /home/shcho/ros2_study/install/my_first_package_msgs/include/my_first_package_msgs/my_first_package_msgs/srv/detail/multi_spawn__type_support.h
[0.971s] -- Up-to-date: /home/shcho/ros2_study/install/my_first_package_msgs/include/my_first_package_msgs/my_first_package_msgs/srv/detail/multi_spawn__struct.h
[0.971s] -- Up-to-date: /home/shcho/ros2_study/install/my_first_package_msgs/include/my_first_package_msgs/my_first_package_msgs/srv/detail/multi_spawn__functions.c
[0.971s] -- Up-to-date: /home/shcho/ros2_study/install/my_first_package_msgs/include/my_first_package_msgs/my_first_package_msgs/srv/detail/multi_spawn__functions.h
[0.971s] -- Up-to-date: /home/shcho/ros2_study/install/my_first_package_msgs/include/my_first_package_msgs/my_first_package_msgs/srv/multi_spawn.h
[0.971s] -- Up-to-date: /home/shcho/ros2_study/install/my_first_package_msgs/include/my_first_package_msgs/my_first_package_msgs/msg
[0.971s] -- Up-to-date: /home/shcho/ros2_study/install/my_first_package_msgs/include/my_first_package_msgs/my_first_package_msgs/msg/detail
[0.971s] -- Up-to-date: /home/shcho/ros2_study/install/my_first_package_msgs/include/my_first_package_msgs/my_first_package_msgs/msg/detail/cmd_and_pose_vel__type_support.h
[0.971s] -- Up-to-date: /home/shcho/ros2_study/install/my_first_package_msgs/include/my_first_package_msgs/my_first_package_msgs/msg/detail/cmd_and_pose_vel__functions.h
[0.971s] -- Up-to-date: /home/shcho/ros2_study/install/my_first_package_msgs/include/my_first_package_msgs/my_first_package_msgs/msg/detail/cmd_and_pose_vel__functions.c
[0.971s] -- Up-to-date: /home/shcho/ros2_study/install/my_first_package_msgs/include/my_first_package_msgs/my_first_package_msgs/msg/detail/cmd_and_pose_vel__struct.h
[0.971s] -- Up-to-date: /home/shcho/ros2_study/install/my_first_package_msgs/include/my_first_package_msgs/my_first_package_msgs/msg/cmd_and_pose_vel.h
[0.971s] -- Up-to-date: /home/shcho/ros2_study/install/my_first_package_msgs/include/my_first_package_msgs/my_first_package_msgs/msg/rosidl_generator_c__visibility_control.h
[0.971s] -- Up-to-date: /home/shcho/ros2_study/install/my_first_package_msgs/include/my_first_package_msgs/my_first_package_msgs/action
[0.971s] -- Up-to-date: /home/shcho/ros2_study/install/my_first_package_msgs/include/my_first_package_msgs/my_first_package_msgs/action/dist_turtle.h
[0.971s] -- Up-to-date: /home/shcho/ros2_study/install/my_first_package_msgs/include/my_first_package_msgs/my_first_package_msgs/action/detail
[0.971s] -- Up-to-date: /home/shcho/ros2_study/install/my_first_package_msgs/include/my_first_package_msgs/my_first_package_msgs/action/detail/dist_turtle__type_support.h
[0.972s] -- Up-to-date: /home/shcho/ros2_study/install/my_first_package_msgs/include/my_first_package_msgs/my_first_package_msgs/action/detail/dist_turtle__functions.h
[0.972s] -- Up-to-date: /home/shcho/ros2_study/install/my_first_package_msgs/include/my_first_package_msgs/my_first_package_msgs/action/detail/dist_turtle__struct.h
[0.972s] -- Up-to-date: /home/shcho/ros2_study/install/my_first_package_msgs/include/my_first_package_msgs/my_first_package_msgs/action/detail/dist_turtle__functions.c
[0.972s] -- Up-to-date: /home/shcho/ros2_study/install/my_first_package_msgs/share/my_first_package_msgs/environment/library_path.sh
[0.972s] -- Up-to-date: /home/shcho/ros2_study/install/my_first_package_msgs/share/my_first_package_msgs/environment/library_path.dsv
[0.972s] -- Up-to-date: /home/shcho/ros2_study/install/my_first_package_msgs/lib/libmy_first_package_msgs__rosidl_generator_c.so
[0.973s] -- Up-to-date: /home/shcho/ros2_study/install/my_first_package_msgs/include/my_first_package_msgs/my_first_package_msgs
[0.973s] -- Up-to-date: /home/shcho/ros2_study/install/my_first_package_msgs/include/my_first_package_msgs/my_first_package_msgs/srv
[0.973s] -- Up-to-date: /home/shcho/ros2_study/install/my_first_package_msgs/include/my_first_package_msgs/my_first_package_msgs/srv/detail
[0.973s] -- Up-to-date: /home/shcho/ros2_study/install/my_first_package_msgs/include/my_first_package_msgs/my_first_package_msgs/srv/detail/multi_spawn__rosidl_typesupport_fastrtps_c.h
[0.973s] -- Up-to-date: /home/shcho/ros2_study/install/my_first_package_msgs/include/my_first_package_msgs/my_first_package_msgs/msg
[0.973s] -- Up-to-date: /home/shcho/ros2_study/install/my_first_package_msgs/include/my_first_package_msgs/my_first_package_msgs/msg/detail
[0.973s] -- Up-to-date: /home/shcho/ros2_study/install/my_first_package_msgs/include/my_first_package_msgs/my_first_package_msgs/msg/detail/cmd_and_pose_vel__rosidl_typesupport_fastrtps_c.h
[0.973s] -- Up-to-date: /home/shcho/ros2_study/install/my_first_package_msgs/include/my_first_package_msgs/my_first_package_msgs/msg/rosidl_typesupport_fastrtps_c__visibility_control.h
[0.973s] -- Up-to-date: /home/shcho/ros2_study/install/my_first_package_msgs/include/my_first_package_msgs/my_first_package_msgs/action
[0.973s] -- Up-to-date: /home/shcho/ros2_study/install/my_first_package_msgs/include/my_first_package_msgs/my_first_package_msgs/action/detail
[0.973s] -- Up-to-date: /home/shcho/ros2_study/install/my_first_package_msgs/include/my_first_package_msgs/my_first_package_msgs/action/detail/dist_turtle__rosidl_typesupport_fastrtps_c.h
[0.974s] -- Up-to-date: /home/shcho/ros2_study/install/my_first_package_msgs/lib/libmy_first_package_msgs__rosidl_typesupport_fastrtps_c.so
[0.974s] -- Up-to-date: /home/shcho/ros2_study/install/my_first_package_msgs/include/my_first_package_msgs/my_first_package_msgs
[0.974s] -- Up-to-date: /home/shcho/ros2_study/install/my_first_package_msgs/include/my_first_package_msgs/my_first_package_msgs/srv
[0.974s] -- Up-to-date: /home/shcho/ros2_study/install/my_first_package_msgs/include/my_first_package_msgs/my_first_package_msgs/srv/detail
[0.974s] -- Up-to-date: /home/shcho/ros2_study/install/my_first_package_msgs/include/my_first_package_msgs/my_first_package_msgs/srv/detail/multi_spawn__type_support.c
[0.974s] -- Up-to-date: /home/shcho/ros2_study/install/my_first_package_msgs/include/my_first_package_msgs/my_first_package_msgs/srv/detail/multi_spawn__rosidl_typesupport_introspection_c.h
[0.974s] -- Up-to-date: /home/shcho/ros2_study/install/my_first_package_msgs/include/my_first_package_msgs/my_first_package_msgs/msg
[0.976s] -- Up-to-date: /home/shcho/ros2_study/install/my_first_package_msgs/include/my_first_package_msgs/my_first_package_msgs/msg/detail
[0.976s] -- Up-to-date: /home/shcho/ros2_study/install/my_first_package_msgs/include/my_first_package_msgs/my_first_package_msgs/msg/detail/cmd_and_pose_vel__type_support.c
[0.976s] -- Up-to-date: /home/shcho/ros2_study/install/my_first_package_msgs/include/my_first_package_msgs/my_first_package_msgs/msg/detail/cmd_and_pose_vel__rosidl_typesupport_introspection_c.h
[0.976s] -- Up-to-date: /home/shcho/ros2_study/install/my_first_package_msgs/include/my_first_package_msgs/my_first_package_msgs/msg/rosidl_typesupport_introspection_c__visibility_control.h
[0.976s] -- Up-to-date: /home/shcho/ros2_study/install/my_first_package_msgs/include/my_first_package_msgs/my_first_package_msgs/action
[0.977s] -- Up-to-date: /home/shcho/ros2_study/install/my_first_package_msgs/include/my_first_package_msgs/my_first_package_msgs/action/detail
[0.977s] -- Up-to-date: /home/shcho/ros2_study/install/my_first_package_msgs/include/my_first_package_msgs/my_first_package_msgs/action/detail/dist_turtle__rosidl_typesupport_introspection_c.h
[0.977s] -- Up-to-date: /home/shcho/ros2_study/install/my_first_package_msgs/include/my_first_package_msgs/my_first_package_msgs/action/detail/dist_turtle__type_support.c
[0.977s] -- Up-to-date: /home/shcho/ros2_study/install/my_first_package_msgs/lib/libmy_first_package_msgs__rosidl_typesupport_introspection_c.so
[0.977s] -- Up-to-date: /home/shcho/ros2_study/install/my_first_package_msgs/lib/libmy_first_package_msgs__rosidl_typesupport_c.so
[0.977s] -- Up-to-date: /home/shcho/ros2_study/install/my_first_package_msgs/include/my_first_package_msgs/my_first_package_msgs
[0.977s] -- Up-to-date: /home/shcho/ros2_study/install/my_first_package_msgs/include/my_first_package_msgs/my_first_package_msgs/srv
[0.977s] -- Up-to-date: /home/shcho/ros2_study/install/my_first_package_msgs/include/my_first_package_msgs/my_first_package_msgs/srv/detail
[0.978s] -- Up-to-date: /home/shcho/ros2_study/install/my_first_package_msgs/include/my_first_package_msgs/my_first_package_msgs/srv/detail/multi_spawn__struct.hpp
[0.978s] -- Up-to-date: /home/shcho/ros2_study/install/my_first_package_msgs/include/my_first_package_msgs/my_first_package_msgs/srv/detail/multi_spawn__builder.hpp
[0.978s] -- Up-to-date: /home/shcho/ros2_study/install/my_first_package_msgs/include/my_first_package_msgs/my_first_package_msgs/srv/detail/multi_spawn__traits.hpp
[0.978s] -- Up-to-date: /home/shcho/ros2_study/install/my_first_package_msgs/include/my_first_package_msgs/my_first_package_msgs/srv/detail/multi_spawn__type_support.hpp
[0.978s] -- Up-to-date: /home/shcho/ros2_study/install/my_first_package_msgs/include/my_first_package_msgs/my_first_package_msgs/srv/multi_spawn.hpp
[0.978s] -- Up-to-date: /home/shcho/ros2_study/install/my_first_package_msgs/include/my_first_package_msgs/my_first_package_msgs/msg
[0.978s] -- Up-to-date: /home/shcho/ros2_study/install/my_first_package_msgs/include/my_first_package_msgs/my_first_package_msgs/msg/detail
[0.979s] -- Up-to-date: /home/shcho/ros2_study/install/my_first_package_msgs/include/my_first_package_msgs/my_first_package_msgs/msg/detail/cmd_and_pose_vel__type_support.hpp
[0.979s] -- Up-to-date: /home/shcho/ros2_study/install/my_first_package_msgs/include/my_first_package_msgs/my_first_package_msgs/msg/detail/cmd_and_pose_vel__struct.hpp
[0.979s] -- Up-to-date: /home/shcho/ros2_study/install/my_first_package_msgs/include/my_first_package_msgs/my_first_package_msgs/msg/detail/cmd_and_pose_vel__builder.hpp
[0.980s] -- Up-to-date: /home/shcho/ros2_study/install/my_first_package_msgs/include/my_first_package_msgs/my_first_package_msgs/msg/detail/cmd_and_pose_vel__traits.hpp
[0.980s] -- Up-to-date: /home/shcho/ros2_study/install/my_first_package_msgs/include/my_first_package_msgs/my_first_package_msgs/msg/cmd_and_pose_vel.hpp
[0.980s] -- Up-to-date: /home/shcho/ros2_study/install/my_first_package_msgs/include/my_first_package_msgs/my_first_package_msgs/msg/rosidl_generator_cpp__visibility_control.hpp
[0.980s] -- Up-to-date: /home/shcho/ros2_study/install/my_first_package_msgs/include/my_first_package_msgs/my_first_package_msgs/action
[0.980s] -- Up-to-date: /home/shcho/ros2_study/install/my_first_package_msgs/include/my_first_package_msgs/my_first_package_msgs/action/detail
[0.980s] -- Up-to-date: /home/shcho/ros2_study/install/my_first_package_msgs/include/my_first_package_msgs/my_first_package_msgs/action/detail/dist_turtle__traits.hpp
[0.980s] -- Up-to-date: /home/shcho/ros2_study/install/my_first_package_msgs/include/my_first_package_msgs/my_first_package_msgs/action/detail/dist_turtle__type_support.hpp
[0.980s] -- Up-to-date: /home/shcho/ros2_study/install/my_first_package_msgs/include/my_first_package_msgs/my_first_package_msgs/action/detail/dist_turtle__struct.hpp
[0.980s] -- Up-to-date: /home/shcho/ros2_study/install/my_first_package_msgs/include/my_first_package_msgs/my_first_package_msgs/action/detail/dist_turtle__builder.hpp
[0.980s] -- Up-to-date: /home/shcho/ros2_study/install/my_first_package_msgs/include/my_first_package_msgs/my_first_package_msgs/action/dist_turtle.hpp
[0.980s] -- Up-to-date: /home/shcho/ros2_study/install/my_first_package_msgs/include/my_first_package_msgs/my_first_package_msgs
[0.980s] -- Up-to-date: /home/shcho/ros2_study/install/my_first_package_msgs/include/my_first_package_msgs/my_first_package_msgs/srv
[0.980s] -- Up-to-date: /home/shcho/ros2_study/install/my_first_package_msgs/include/my_first_package_msgs/my_first_package_msgs/srv/detail
[0.981s] -- Up-to-date: /home/shcho/ros2_study/install/my_first_package_msgs/include/my_first_package_msgs/my_first_package_msgs/srv/detail/multi_spawn__rosidl_typesupport_fastrtps_cpp.hpp
[0.981s] -- Up-to-date: /home/shcho/ros2_study/install/my_first_package_msgs/include/my_first_package_msgs/my_first_package_msgs/srv/detail/dds_fastrtps
[0.981s] -- Up-to-date: /home/shcho/ros2_study/install/my_first_package_msgs/include/my_first_package_msgs/my_first_package_msgs/msg
[0.981s] -- Up-to-date: /home/shcho/ros2_study/install/my_first_package_msgs/include/my_first_package_msgs/my_first_package_msgs/msg/detail
[0.981s] -- Up-to-date: /home/shcho/ros2_study/install/my_first_package_msgs/include/my_first_package_msgs/my_first_package_msgs/msg/detail/dds_fastrtps
[0.981s] -- Up-to-date: /home/shcho/ros2_study/install/my_first_package_msgs/include/my_first_package_msgs/my_first_package_msgs/msg/detail/cmd_and_pose_vel__rosidl_typesupport_fastrtps_cpp.hpp
[0.981s] -- Up-to-date: /home/shcho/ros2_study/install/my_first_package_msgs/include/my_first_package_msgs/my_first_package_msgs/msg/rosidl_typesupport_fastrtps_cpp__visibility_control.h
[0.981s] -- Up-to-date: /home/shcho/ros2_study/install/my_first_package_msgs/include/my_first_package_msgs/my_first_package_msgs/action
[0.981s] -- Up-to-date: /home/shcho/ros2_study/install/my_first_package_msgs/include/my_first_package_msgs/my_first_package_msgs/action/detail
[0.981s] -- Up-to-date: /home/shcho/ros2_study/install/my_first_package_msgs/include/my_first_package_msgs/my_first_package_msgs/action/detail/dds_fastrtps
[0.981s] -- Up-to-date: /home/shcho/ros2_study/install/my_first_package_msgs/include/my_first_package_msgs/my_first_package_msgs/action/detail/dist_turtle__rosidl_typesupport_fastrtps_cpp.hpp
[0.981s] -- Up-to-date: /home/shcho/ros2_study/install/my_first_package_msgs/lib/libmy_first_package_msgs__rosidl_typesupport_fastrtps_cpp.so
[0.981s] -- Up-to-date: /home/shcho/ros2_study/install/my_first_package_msgs/include/my_first_package_msgs/my_first_package_msgs
[0.981s] -- Up-to-date: /home/shcho/ros2_study/install/my_first_package_msgs/include/my_first_package_msgs/my_first_package_msgs/srv
[0.981s] -- Up-to-date: /home/shcho/ros2_study/install/my_first_package_msgs/include/my_first_package_msgs/my_first_package_msgs/srv/detail
[0.981s] -- Up-to-date: /home/shcho/ros2_study/install/my_first_package_msgs/include/my_first_package_msgs/my_first_package_msgs/srv/detail/multi_spawn__rosidl_typesupport_introspection_cpp.hpp
[0.981s] -- Up-to-date: /home/shcho/ros2_study/install/my_first_package_msgs/include/my_first_package_msgs/my_first_package_msgs/srv/detail/multi_spawn__type_support.cpp
[0.981s] -- Up-to-date: /home/shcho/ros2_study/install/my_first_package_msgs/include/my_first_package_msgs/my_first_package_msgs/msg
[0.981s] -- Up-to-date: /home/shcho/ros2_study/install/my_first_package_msgs/include/my_first_package_msgs/my_first_package_msgs/msg/detail
[0.981s] -- Up-to-date: /home/shcho/ros2_study/install/my_first_package_msgs/include/my_first_package_msgs/my_first_package_msgs/msg/detail/cmd_and_pose_vel__rosidl_typesupport_introspection_cpp.hpp
[0.981s] -- Up-to-date: /home/shcho/ros2_study/install/my_first_package_msgs/include/my_first_package_msgs/my_first_package_msgs/msg/detail/cmd_and_pose_vel__type_support.cpp
[0.981s] -- Up-to-date: /home/shcho/ros2_study/install/my_first_package_msgs/include/my_first_package_msgs/my_first_package_msgs/action
[0.981s] -- Up-to-date: /home/shcho/ros2_study/install/my_first_package_msgs/include/my_first_package_msgs/my_first_package_msgs/action/detail
[0.981s] -- Up-to-date: /home/shcho/ros2_study/install/my_first_package_msgs/include/my_first_package_msgs/my_first_package_msgs/action/detail/dist_turtle__type_support.cpp
[0.981s] -- Up-to-date: /home/shcho/ros2_study/install/my_first_package_msgs/include/my_first_package_msgs/my_first_package_msgs/action/detail/dist_turtle__rosidl_typesupport_introspection_cpp.hpp
[0.981s] -- Up-to-date: /home/shcho/ros2_study/install/my_first_package_msgs/lib/libmy_first_package_msgs__rosidl_typesupport_introspection_cpp.so
[0.981s] -- Up-to-date: /home/shcho/ros2_study/install/my_first_package_msgs/lib/libmy_first_package_msgs__rosidl_typesupport_cpp.so
[0.981s] -- Up-to-date: /home/shcho/ros2_study/install/my_first_package_msgs/share/my_first_package_msgs/environment/pythonpath.sh
[0.981s] -- Up-to-date: /home/shcho/ros2_study/install/my_first_package_msgs/share/my_first_package_msgs/environment/pythonpath.dsv
[0.981s] -- Up-to-date: /home/shcho/ros2_study/install/my_first_package_msgs/local/lib/python3.10/dist-packages/my_first_package_msgs-0.0.0-py3.10.egg-info
[0.981s] -- Installing: /home/shcho/ros2_study/install/my_first_package_msgs/local/lib/python3.10/dist-packages/my_first_package_msgs-0.0.0-py3.10.egg-info/dependency_links.txt
[0.981s] -- Installing: /home/shcho/ros2_study/install/my_first_package_msgs/local/lib/python3.10/dist-packages/my_first_package_msgs-0.0.0-py3.10.egg-info/top_level.txt
[0.981s] -- Installing: /home/shcho/ros2_study/install/my_first_package_msgs/local/lib/python3.10/dist-packages/my_first_package_msgs-0.0.0-py3.10.egg-info/PKG-INFO
[0.981s] -- Installing: /home/shcho/ros2_study/install/my_first_package_msgs/local/lib/python3.10/dist-packages/my_first_package_msgs-0.0.0-py3.10.egg-info/SOURCES.txt
[0.981s] -- Up-to-date: /home/shcho/ros2_study/install/my_first_package_msgs/local/lib/python3.10/dist-packages/my_first_package_msgs
[0.981s] -- Up-to-date: /home/shcho/ros2_study/install/my_first_package_msgs/local/lib/python3.10/dist-packages/my_first_package_msgs/my_first_package_msgs_s__rosidl_typesupport_introspection_c.cpython-310-x86_64-linux-gnu.so
[0.981s] -- Up-to-date: /home/shcho/ros2_study/install/my_first_package_msgs/local/lib/python3.10/dist-packages/my_first_package_msgs/srv
[0.981s] -- Up-to-date: /home/shcho/ros2_study/install/my_first_package_msgs/local/lib/python3.10/dist-packages/my_first_package_msgs/srv/_multi_spawn_s.c
[0.981s] -- Up-to-date: /home/shcho/ros2_study/install/my_first_package_msgs/local/lib/python3.10/dist-packages/my_first_package_msgs/srv/_multi_spawn.py
[0.981s] -- Up-to-date: /home/shcho/ros2_study/install/my_first_package_msgs/local/lib/python3.10/dist-packages/my_first_package_msgs/srv/__init__.py
[0.981s] -- Up-to-date: /home/shcho/ros2_study/install/my_first_package_msgs/local/lib/python3.10/dist-packages/my_first_package_msgs/my_first_package_msgs_s__rosidl_typesupport_fastrtps_c.cpython-310-x86_64-linux-gnu.so
[0.982s] -- Up-to-date: /home/shcho/ros2_study/install/my_first_package_msgs/local/lib/python3.10/dist-packages/my_first_package_msgs/msg
[0.982s] -- Up-to-date: /home/shcho/ros2_study/install/my_first_package_msgs/local/lib/python3.10/dist-packages/my_first_package_msgs/msg/_cmd_and_pose_vel_s.c
[0.982s] -- Up-to-date: /home/shcho/ros2_study/install/my_first_package_msgs/local/lib/python3.10/dist-packages/my_first_package_msgs/msg/_cmd_and_pose_vel.py
[0.982s] -- Up-to-date: /home/shcho/ros2_study/install/my_first_package_msgs/local/lib/python3.10/dist-packages/my_first_package_msgs/msg/__init__.py
[0.982s] -- Up-to-date: /home/shcho/ros2_study/install/my_first_package_msgs/local/lib/python3.10/dist-packages/my_first_package_msgs/_my_first_package_msgs_s.ep.rosidl_typesupport_fastrtps_c.c
[0.982s] -- Up-to-date: /home/shcho/ros2_study/install/my_first_package_msgs/local/lib/python3.10/dist-packages/my_first_package_msgs/libmy_first_package_msgs__rosidl_generator_py.so
[0.982s] -- Up-to-date: /home/shcho/ros2_study/install/my_first_package_msgs/local/lib/python3.10/dist-packages/my_first_package_msgs/action
[0.982s] -- Up-to-date: /home/shcho/ros2_study/install/my_first_package_msgs/local/lib/python3.10/dist-packages/my_first_package_msgs/action/_dist_turtle.py
[0.982s] -- Up-to-date: /home/shcho/ros2_study/install/my_first_package_msgs/local/lib/python3.10/dist-packages/my_first_package_msgs/action/_dist_turtle_s.c
[0.982s] -- Up-to-date: /home/shcho/ros2_study/install/my_first_package_msgs/local/lib/python3.10/dist-packages/my_first_package_msgs/action/__init__.py
[0.982s] -- Up-to-date: /home/shcho/ros2_study/install/my_first_package_msgs/local/lib/python3.10/dist-packages/my_first_package_msgs/_my_first_package_msgs_s.ep.rosidl_typesupport_c.c
[0.982s] -- Up-to-date: /home/shcho/ros2_study/install/my_first_package_msgs/local/lib/python3.10/dist-packages/my_first_package_msgs/__init__.py
[0.982s] -- Up-to-date: /home/shcho/ros2_study/install/my_first_package_msgs/local/lib/python3.10/dist-packages/my_first_package_msgs/_my_first_package_msgs_s.ep.rosidl_typesupport_introspection_c.c
[0.982s] -- Up-to-date: /home/shcho/ros2_study/install/my_first_package_msgs/local/lib/python3.10/dist-packages/my_first_package_msgs/my_first_package_msgs_s__rosidl_typesupport_c.cpython-310-x86_64-linux-gnu.so
[1.000s] Listing '/home/shcho/ros2_study/install/my_first_package_msgs/local/lib/python3.10/dist-packages/my_first_package_msgs'...
[1.000s] Listing '/home/shcho/ros2_study/install/my_first_package_msgs/local/lib/python3.10/dist-packages/my_first_package_msgs/action'...
[1.000s] Listing '/home/shcho/ros2_study/install/my_first_package_msgs/local/lib/python3.10/dist-packages/my_first_package_msgs/msg'...
[1.000s] Listing '/home/shcho/ros2_study/install/my_first_package_msgs/local/lib/python3.10/dist-packages/my_first_package_msgs/srv'...
[1.004s] -- Up-to-date: /home/shcho/ros2_study/install/my_first_package_msgs/local/lib/python3.10/dist-packages/my_first_package_msgs/my_first_package_msgs_s__rosidl_typesupport_fastrtps_c.cpython-310-x86_64-linux-gnu.so
[1.004s] -- Up-to-date: /home/shcho/ros2_study/install/my_first_package_msgs/local/lib/python3.10/dist-packages/my_first_package_msgs/my_first_package_msgs_s__rosidl_typesupport_introspection_c.cpython-310-x86_64-linux-gnu.so
[1.004s] -- Up-to-date: /home/shcho/ros2_study/install/my_first_package_msgs/local/lib/python3.10/dist-packages/my_first_package_msgs/my_first_package_msgs_s__rosidl_typesupport_c.cpython-310-x86_64-linux-gnu.so
[1.004s] -- Up-to-date: /home/shcho/ros2_study/install/my_first_package_msgs/lib/libmy_first_package_msgs__rosidl_generator_py.so
[1.004s] -- Up-to-date: /home/shcho/ros2_study/install/my_first_package_msgs/share/my_first_package_msgs/msg/CmdAndPoseVel.idl
[1.004s] -- Up-to-date: /home/shcho/ros2_study/install/my_first_package_msgs/share/my_first_package_msgs/srv/MultiSpawn.idl
[1.004s] -- Up-to-date: /home/shcho/ros2_study/install/my_first_package_msgs/share/my_first_package_msgs/action/DistTurtle.idl
[1.004s] -- Up-to-date: /home/shcho/ros2_study/install/my_first_package_msgs/share/my_first_package_msgs/msg/CmdAndPoseVel.msg
[1.004s] -- Up-to-date: /home/shcho/ros2_study/install/my_first_package_msgs/share/my_first_package_msgs/srv/MultiSpawn.srv
[1.004s] -- Up-to-date: /home/shcho/ros2_study/install/my_first_package_msgs/share/my_first_package_msgs/srv/MultiSpawn_Request.msg
[1.004s] -- Up-to-date: /home/shcho/ros2_study/install/my_first_package_msgs/share/my_first_package_msgs/srv/MultiSpawn_Response.msg
[1.004s] -- Up-to-date: /home/shcho/ros2_study/install/my_first_package_msgs/share/my_first_package_msgs/action/DistTurtle.action
[1.005s] -- Up-to-date: /home/shcho/ros2_study/install/my_first_package_msgs/share/ament_index/resource_index/package_run_dependencies/my_first_package_msgs
[1.005s] -- Up-to-date: /home/shcho/ros2_study/install/my_first_package_msgs/share/ament_index/resource_index/parent_prefix_path/my_first_package_msgs
[1.005s] -- Up-to-date: /home/shcho/ros2_study/install/my_first_package_msgs/share/my_first_package_msgs/environment/ament_prefix_path.sh
[1.005s] -- Up-to-date: /home/shcho/ros2_study/install/my_first_package_msgs/share/my_first_package_msgs/environment/ament_prefix_path.dsv
[1.005s] -- Up-to-date: /home/shcho/ros2_study/install/my_first_package_msgs/share/my_first_package_msgs/environment/path.sh
[1.005s] -- Up-to-date: /home/shcho/ros2_study/install/my_first_package_msgs/share/my_first_package_msgs/environment/path.dsv
[1.005s] -- Up-to-date: /home/shcho/ros2_study/install/my_first_package_msgs/share/my_first_package_msgs/local_setup.bash
[1.005s] -- Up-to-date: /home/shcho/ros2_study/install/my_first_package_msgs/share/my_first_package_msgs/local_setup.sh
[1.005s] -- Up-to-date: /home/shcho/ros2_study/install/my_first_package_msgs/share/my_first_package_msgs/local_setup.zsh
[1.005s] -- Up-to-date: /home/shcho/ros2_study/install/my_first_package_msgs/share/my_first_package_msgs/local_setup.dsv
[1.006s] -- Installing: /home/shcho/ros2_study/install/my_first_package_msgs/share/my_first_package_msgs/package.dsv
[1.006s] -- Up-to-date: /home/shcho/ros2_study/install/my_first_package_msgs/share/ament_index/resource_index/packages/my_first_package_msgs
[1.006s] -- Up-to-date: /home/shcho/ros2_study/install/my_first_package_msgs/share/my_first_package_msgs/cmake/export_my_first_package_msgs__rosidl_generator_cExport.cmake
[1.006s] -- Up-to-date: /home/shcho/ros2_study/install/my_first_package_msgs/share/my_first_package_msgs/cmake/export_my_first_package_msgs__rosidl_generator_cExport-noconfig.cmake
[1.006s] -- Up-to-date: /home/shcho/ros2_study/install/my_first_package_msgs/share/my_first_package_msgs/cmake/export_my_first_package_msgs__rosidl_typesupport_fastrtps_cExport.cmake
[1.006s] -- Up-to-date: /home/shcho/ros2_study/install/my_first_package_msgs/share/my_first_package_msgs/cmake/export_my_first_package_msgs__rosidl_typesupport_fastrtps_cExport-noconfig.cmake
[1.006s] -- Up-to-date: /home/shcho/ros2_study/install/my_first_package_msgs/share/my_first_package_msgs/cmake/my_first_package_msgs__rosidl_typesupport_introspection_cExport.cmake
[1.006s] -- Up-to-date: /home/shcho/ros2_study/install/my_first_package_msgs/share/my_first_package_msgs/cmake/my_first_package_msgs__rosidl_typesupport_introspection_cExport-noconfig.cmake
[1.006s] -- Up-to-date: /home/shcho/ros2_study/install/my_first_package_msgs/share/my_first_package_msgs/cmake/my_first_package_msgs__rosidl_typesupport_cExport.cmake
[1.006s] -- Up-to-date: /home/shcho/ros2_study/install/my_first_package_msgs/share/my_first_package_msgs/cmake/my_first_package_msgs__rosidl_typesupport_cExport-noconfig.cmake
[1.006s] -- Up-to-date: /home/shcho/ros2_study/install/my_first_package_msgs/share/my_first_package_msgs/cmake/export_my_first_package_msgs__rosidl_generator_cppExport.cmake
[1.006s] -- Up-to-date: /home/shcho/ros2_study/install/my_first_package_msgs/share/my_first_package_msgs/cmake/export_my_first_package_msgs__rosidl_typesupport_fastrtps_cppExport.cmake
[1.006s] -- Up-to-date: /home/shcho/ros2_study/install/my_first_package_msgs/share/my_first_package_msgs/cmake/export_my_first_package_msgs__rosidl_typesupport_fastrtps_cppExport-noconfig.cmake
[1.006s] -- Up-to-date: /home/shcho/ros2_study/install/my_first_package_msgs/share/my_first_package_msgs/cmake/my_first_package_msgs__rosidl_typesupport_introspection_cppExport.cmake
[1.006s] -- Up-to-date: /home/shcho/ros2_study/install/my_first_package_msgs/share/my_first_package_msgs/cmake/my_first_package_msgs__rosidl_typesupport_introspection_cppExport-noconfig.cmake
[1.006s] -- Up-to-date: /home/shcho/ros2_study/install/my_first_package_msgs/share/my_first_package_msgs/cmake/my_first_package_msgs__rosidl_typesupport_cppExport.cmake
[1.006s] -- Up-to-date: /home/shcho/ros2_study/install/my_first_package_msgs/share/my_first_package_msgs/cmake/my_first_package_msgs__rosidl_typesupport_cppExport-noconfig.cmake
[1.007s] -- Up-to-date: /home/shcho/ros2_study/install/my_first_package_msgs/share/my_first_package_msgs/cmake/export_my_first_package_msgs__rosidl_generator_pyExport.cmake
[1.007s] -- Up-to-date: /home/shcho/ros2_study/install/my_first_package_msgs/share/my_first_package_msgs/cmake/export_my_first_package_msgs__rosidl_generator_pyExport-noconfig.cmake
[1.007s] -- Up-to-date: /home/shcho/ros2_study/install/my_first_package_msgs/share/my_first_package_msgs/cmake/rosidl_cmake-extras.cmake
[1.007s] -- Up-to-date: /home/shcho/ros2_study/install/my_first_package_msgs/share/my_first_package_msgs/cmake/ament_cmake_export_dependencies-extras.cmake
[1.007s] -- Up-to-date: /home/shcho/ros2_study/install/my_first_package_msgs/share/my_first_package_msgs/cmake/ament_cmake_export_include_directories-extras.cmake
[1.007s] -- Up-to-date: /home/shcho/ros2_study/install/my_first_package_msgs/share/my_first_package_msgs/cmake/ament_cmake_export_libraries-extras.cmake
[1.007s] -- Up-to-date: /home/shcho/ros2_study/install/my_first_package_msgs/share/my_first_package_msgs/cmake/ament_cmake_export_targets-extras.cmake
[1.007s] -- Up-to-date: /home/shcho/ros2_study/install/my_first_package_msgs/share/my_first_package_msgs/cmake/rosidl_cmake_export_typesupport_targets-extras.cmake
[1.009s] -- Up-to-date: /home/shcho/ros2_study/install/my_first_package_msgs/share/my_first_package_msgs/cmake/rosidl_cmake_export_typesupport_libraries-extras.cmake
[1.009s] -- Up-to-date: /home/shcho/ros2_study/install/my_first_package_msgs/share/my_first_package_msgs/cmake/my_first_package_msgsConfig.cmake
[1.009s] -- Up-to-date: /home/shcho/ros2_study/install/my_first_package_msgs/share/my_first_package_msgs/cmake/my_first_package_msgsConfig-version.cmake
[1.009s] -- Up-to-date: /home/shcho/ros2_study/install/my_first_package_msgs/share/my_first_package_msgs/package.xml
[1.010s] Invoked command in '/home/shcho/ros2_study/build/my_first_package_msgs' returned '0': CMAKE_PREFIX_PATH=${CMAKE_PREFIX_PATH}:/home/shcho/ros2_study/install/my_first_package:/opt/ros/humble /usr/bin/cmake --install /home/shcho/ros2_study/build/my_first_package_msgs
