[0.955s] Invoking command in '/home/shcho/ros2_study/src/my_first_package': PYTHONPATH=/home/shcho/ros2_study/build/my_first_package/prefix_override:/usr/lib/python3/dist-packages/colcon_core/task/python/colcon_distutils_commands:/home/shcho/ros2_study/install/my_first_package/lib/python3.10/site-packages:${PYTHONPATH} /usr/bin/python3 -W ignore:setup.py install is deprecated -W ignore:easy_install command is deprecated setup.py egg_info --egg-base ../../build/my_first_package build --build-base /home/shcho/ros2_study/build/my_first_package/build install --record /home/shcho/ros2_study/build/my_first_package/install.log --single-version-externally-managed install_data
[1.096s] running egg_info
[1.098s] writing ../../build/my_first_package/my_first_package.egg-info/PKG-INFO
[1.102s] writing dependency_links to ../../build/my_first_package/my_first_package.egg-info/dependency_links.txt
[1.105s] writing entry points to ../../build/my_first_package/my_first_package.egg-info/entry_points.txt
[1.105s] writing requirements to ../../build/my_first_package/my_first_package.egg-info/requires.txt
[1.107s] writing top-level names to ../../build/my_first_package/my_first_package.egg-info/top_level.txt
[1.107s] reading manifest file '../../build/my_first_package/my_first_package.egg-info/SOURCES.txt'
[1.109s] writing manifest file '../../build/my_first_package/my_first_package.egg-info/SOURCES.txt'
[1.110s] running build
[1.110s] running build_py
[1.110s] running install
[1.110s] running install_lib
[1.112s] running install_data
[1.112s] running install_egg_info
[1.113s] removing '/home/shcho/ros2_study/install/my_first_package/lib/python3.10/site-packages/my_first_package-0.0.0-py3.10.egg-info' (and everything under it)
[1.113s] Copying ../../build/my_first_package/my_first_package.egg-info to /home/shcho/ros2_study/install/my_first_package/lib/python3.10/site-packages/my_first_package-0.0.0-py3.10.egg-info
[1.114s] running install_scripts
[1.126s] Installing my_custom_publisher script to /home/shcho/ros2_study/install/my_first_package/lib/my_first_package
[1.127s] Installing my_first_node script to /home/shcho/ros2_study/install/my_first_package/lib/my_first_package
[1.128s] Installing my_publisher script to /home/shcho/ros2_study/install/my_first_package/lib/my_first_package
[1.128s] Installing my_subscriber script to /home/shcho/ros2_study/install/my_first_package/lib/my_first_package
[1.128s] Installing turtle_cmd_and_pose script to /home/shcho/ros2_study/install/my_first_package/lib/my_first_package
[1.130s] writing list of installed files to '/home/shcho/ros2_study/build/my_first_package/install.log'
[1.158s] Invoked command in '/home/shcho/ros2_study/src/my_first_package' returned '0': PYTHONPATH=/home/shcho/ros2_study/build/my_first_package/prefix_override:/usr/lib/python3/dist-packages/colcon_core/task/python/colcon_distutils_commands:/home/shcho/ros2_study/install/my_first_package/lib/python3.10/site-packages:${PYTHONPATH} /usr/bin/python3 -W ignore:setup.py install is deprecated -W ignore:easy_install command is deprecated setup.py egg_info --egg-base ../../build/my_first_package build --build-base /home/shcho/ros2_study/build/my_first_package/build install --record /home/shcho/ros2_study/build/my_first_package/install.log --single-version-externally-managed install_data
