[0.211s] Invoking command in '/home/shcho/ros2_study/build/my_first_package_msgs': CMAKE_PREFIX_PATH=${CMAKE_PREFIX_PATH}:/home/shcho/ros2_study/install/my_first_package:/opt/ros/humble /usr/bin/cmake --build /home/shcho/ros2_study/build/my_first_package_msgs -- -j2 -l2
[0.304s] [  2%] Built target my_first_package_msgs__cpp
[0.329s] [ 12%] Built target my_first_package_msgs__rosidl_generator_c
[0.398s] [ 12%] Built target ament_cmake_python_copy_my_first_package_msgs
[0.403s] [ 23%] Built target my_first_package_msgs__rosidl_typesupport_cpp
[0.440s] [ 34%] Built target my_first_package_msgs__rosidl_typesupport_introspection_c
[0.482s] [ 44%] Built target my_first_package_msgs__rosidl_typesupport_fastrtps_c
[0.491s] [ 55%] Built target my_first_package_msgs__rosidl_typesupport_c
[0.538s] [ 65%] Built target my_first_package_msgs__rosidl_typesupport_fastrtps_cpp
[0.563s] [ 76%] Built target my_first_package_msgs__rosidl_typesupport_introspection_cpp
[0.609s] [ 76%] Built target my_first_package_msgs
[0.686s] [ 78%] Built target my_first_package_msgs__py
[0.731s] [ 87%] Built target my_first_package_msgs__rosidl_generator_py
[0.856s] running egg_info
[0.856s] writing my_first_package_msgs.egg-info/PKG-INFO
[0.856s] writing dependency_links to my_first_package_msgs.egg-info/dependency_links.txt
[0.859s] writing top-level names to my_first_package_msgs.egg-info/top_level.txt
[0.859s] reading manifest file 'my_first_package_msgs.egg-info/SOURCES.txt'
[0.859s] writing manifest file 'my_first_package_msgs.egg-info/SOURCES.txt'
[0.885s] [ 91%] Built target my_first_package_msgs__rosidl_typesupport_fastrtps_c__pyext
[0.889s] [ 91%] Built target ament_cmake_python_build_my_first_package_msgs_egg
[0.919s] [ 95%] Built target my_first_package_msgs__rosidl_typesupport_introspection_c__pyext
[1.058s] [100%] Built target my_first_package_msgs__rosidl_typesupport_c__pyext
[1.104s] Invoked command in '/home/shcho/ros2_study/build/my_first_package_msgs' returned '0': CMAKE_PREFIX_PATH=${CMAKE_PREFIX_PATH}:/home/shcho/ros2_study/install/my_first_package:/opt/ros/humble /usr/bin/cmake --build /home/shcho/ros2_study/build/my_first_package_msgs -- -j2 -l2
[1.109s] Invoking command in '/home/shcho/ros2_study/build/my_first_package_msgs': CMAKE_PREFIX_PATH=${CMAKE_PREFIX_PATH}:/home/shcho/ros2_study/install/my_first_package:/opt/ros/humble /usr/bin/cmake --install /home/shcho/ros2_study/build/my_first_package_msgs
[1.119s] -- Install configuration: ""
[1.124s] -- Up-to-date: /home/shcho/ros2_study/install/my_first_package_msgs/share/ament_index/resource_index/rosidl_interfaces/my_first_package_msgs
[1.124s] -- Up-to-date: /home/shcho/ros2_study/install/my_first_package_msgs/include/my_first_package_msgs/my_first_package_msgs
[1.124s] -- Up-to-date: /home/shcho/ros2_study/install/my_first_package_msgs/include/my_first_package_msgs/my_first_package_msgs/srv
[1.124s] -- Up-to-date: /home/shcho/ros2_study/install/my_first_package_msgs/include/my_first_package_msgs/my_first_package_msgs/srv/detail
[1.124s] -- Up-to-date: /home/shcho/ros2_study/install/my_first_package_msgs/include/my_first_package_msgs/my_first_package_msgs/srv/detail/multi_spawn__type_support.h
[1.124s] -- Up-to-date: /home/shcho/ros2_study/install/my_first_package_msgs/include/my_first_package_msgs/my_first_package_msgs/srv/detail/multi_spawn__struct.h
[1.124s] -- Up-to-date: /home/shcho/ros2_study/install/my_first_package_msgs/include/my_first_package_msgs/my_first_package_msgs/srv/detail/multi_spawn__functions.c
[1.124s] -- Up-to-date: /home/shcho/ros2_study/install/my_first_package_msgs/include/my_first_package_msgs/my_first_package_msgs/srv/detail/multi_spawn__functions.h
[1.124s] -- Up-to-date: /home/shcho/ros2_study/install/my_first_package_msgs/include/my_first_package_msgs/my_first_package_msgs/srv/multi_spawn.h
[1.124s] -- Up-to-date: /home/shcho/ros2_study/install/my_first_package_msgs/include/my_first_package_msgs/my_first_package_msgs/msg
[1.124s] -- Up-to-date: /home/shcho/ros2_study/install/my_first_package_msgs/include/my_first_package_msgs/my_first_package_msgs/msg/detail
[1.124s] -- Up-to-date: /home/shcho/ros2_study/install/my_first_package_msgs/include/my_first_package_msgs/my_first_package_msgs/msg/detail/cmd_and_pose_vel__type_support.h
[1.124s] -- Up-to-date: /home/shcho/ros2_study/install/my_first_package_msgs/include/my_first_package_msgs/my_first_package_msgs/msg/detail/cmd_and_pose_vel__functions.h
[1.124s] -- Up-to-date: /home/shcho/ros2_study/install/my_first_package_msgs/include/my_first_package_msgs/my_first_package_msgs/msg/detail/cmd_and_pose_vel__functions.c
[1.124s] -- Up-to-date: /home/shcho/ros2_study/install/my_first_package_msgs/include/my_first_package_msgs/my_first_package_msgs/msg/detail/cmd_and_pose_vel__struct.h
[1.124s] -- Up-to-date: /home/shcho/ros2_study/install/my_first_package_msgs/include/my_first_package_msgs/my_first_package_msgs/msg/cmd_and_pose_vel.h
[1.124s] -- Up-to-date: /home/shcho/ros2_study/install/my_first_package_msgs/include/my_first_package_msgs/my_first_package_msgs/msg/rosidl_generator_c__visibility_control.h
[1.124s] -- Up-to-date: /home/shcho/ros2_study/install/my_first_package_msgs/include/my_first_package_msgs/my_first_package_msgs/action
[1.124s] -- Up-to-date: /home/shcho/ros2_study/install/my_first_package_msgs/include/my_first_package_msgs/my_first_package_msgs/action/dist_turtle.h
[1.124s] -- Up-to-date: /home/shcho/ros2_study/install/my_first_package_msgs/include/my_first_package_msgs/my_first_package_msgs/action/detail
[1.124s] -- Up-to-date: /home/shcho/ros2_study/install/my_first_package_msgs/include/my_first_package_msgs/my_first_package_msgs/action/detail/dist_turtle__type_support.h
[1.124s] -- Up-to-date: /home/shcho/ros2_study/install/my_first_package_msgs/include/my_first_package_msgs/my_first_package_msgs/action/detail/dist_turtle__functions.h
[1.124s] -- Up-to-date: /home/shcho/ros2_study/install/my_first_package_msgs/include/my_first_package_msgs/my_first_package_msgs/action/detail/dist_turtle__struct.h
[1.124s] -- Up-to-date: /home/shcho/ros2_study/install/my_first_package_msgs/include/my_first_package_msgs/my_first_package_msgs/action/detail/dist_turtle__functions.c
[1.124s] -- Up-to-date: /home/shcho/ros2_study/install/my_first_package_msgs/share/my_first_package_msgs/environment/library_path.sh
[1.124s] -- Up-to-date: /home/shcho/ros2_study/install/my_first_package_msgs/share/my_first_package_msgs/environment/library_path.dsv
[1.124s] -- Up-to-date: /home/shcho/ros2_study/install/my_first_package_msgs/lib/libmy_first_package_msgs__rosidl_generator_c.so
[1.124s] -- Up-to-date: /home/shcho/ros2_study/install/my_first_package_msgs/include/my_first_package_msgs/my_first_package_msgs
[1.124s] -- Up-to-date: /home/shcho/ros2_study/install/my_first_package_msgs/include/my_first_package_msgs/my_first_package_msgs/srv
[1.124s] -- Up-to-date: /home/shcho/ros2_study/install/my_first_package_msgs/include/my_first_package_msgs/my_first_package_msgs/srv/detail
[1.125s] -- Up-to-date: /home/shcho/ros2_study/install/my_first_package_msgs/include/my_first_package_msgs/my_first_package_msgs/srv/detail/multi_spawn__rosidl_typesupport_fastrtps_c.h
[1.125s] -- Up-to-date: /home/shcho/ros2_study/install/my_first_package_msgs/include/my_first_package_msgs/my_first_package_msgs/msg
[1.125s] -- Up-to-date: /home/shcho/ros2_study/install/my_first_package_msgs/include/my_first_package_msgs/my_first_package_msgs/msg/detail
[1.125s] -- Up-to-date: /home/shcho/ros2_study/install/my_first_package_msgs/include/my_first_package_msgs/my_first_package_msgs/msg/detail/cmd_and_pose_vel__rosidl_typesupport_fastrtps_c.h
[1.125s] -- Up-to-date: /home/shcho/ros2_study/install/my_first_package_msgs/include/my_first_package_msgs/my_first_package_msgs/msg/rosidl_typesupport_fastrtps_c__visibility_control.h
[1.125s] -- Up-to-date: /home/shcho/ros2_study/install/my_first_package_msgs/include/my_first_package_msgs/my_first_package_msgs/action
[1.125s] -- Up-to-date: /home/shcho/ros2_study/install/my_first_package_msgs/include/my_first_package_msgs/my_first_package_msgs/action/detail
[1.125s] -- Up-to-date: /home/shcho/ros2_study/install/my_first_package_msgs/include/my_first_package_msgs/my_first_package_msgs/action/detail/dist_turtle__rosidl_typesupport_fastrtps_c.h
[1.125s] -- Up-to-date: /home/shcho/ros2_study/install/my_first_package_msgs/lib/libmy_first_package_msgs__rosidl_typesupport_fastrtps_c.so
[1.125s] -- Up-to-date: /home/shcho/ros2_study/install/my_first_package_msgs/include/my_first_package_msgs/my_first_package_msgs
[1.125s] -- Up-to-date: /home/shcho/ros2_study/install/my_first_package_msgs/include/my_first_package_msgs/my_first_package_msgs/srv
[1.125s] -- Up-to-date: /home/shcho/ros2_study/install/my_first_package_msgs/include/my_first_package_msgs/my_first_package_msgs/srv/detail
[1.125s] -- Up-to-date: /home/shcho/ros2_study/install/my_first_package_msgs/include/my_first_package_msgs/my_first_package_msgs/srv/detail/multi_spawn__type_support.c
[1.125s] -- Up-to-date: /home/shcho/ros2_study/install/my_first_package_msgs/include/my_first_package_msgs/my_first_package_msgs/srv/detail/multi_spawn__rosidl_typesupport_introspection_c.h
[1.125s] -- Up-to-date: /home/shcho/ros2_study/install/my_first_package_msgs/include/my_first_package_msgs/my_first_package_msgs/msg
[1.125s] -- Up-to-date: /home/shcho/ros2_study/install/my_first_package_msgs/include/my_first_package_msgs/my_first_package_msgs/msg/detail
[1.125s] -- Up-to-date: /home/shcho/ros2_study/install/my_first_package_msgs/include/my_first_package_msgs/my_first_package_msgs/msg/detail/cmd_and_pose_vel__type_support.c
[1.125s] -- Up-to-date: /home/shcho/ros2_study/install/my_first_package_msgs/include/my_first_package_msgs/my_first_package_msgs/msg/detail/cmd_and_pose_vel__rosidl_typesupport_introspection_c.h
[1.125s] -- Up-to-date: /home/shcho/ros2_study/install/my_first_package_msgs/include/my_first_package_msgs/my_first_package_msgs/msg/rosidl_typesupport_introspection_c__visibility_control.h
[1.125s] -- Up-to-date: /home/shcho/ros2_study/install/my_first_package_msgs/include/my_first_package_msgs/my_first_package_msgs/action
[1.125s] -- Up-to-date: /home/shcho/ros2_study/install/my_first_package_msgs/include/my_first_package_msgs/my_first_package_msgs/action/detail
[1.125s] -- Up-to-date: /home/shcho/ros2_study/install/my_first_package_msgs/include/my_first_package_msgs/my_first_package_msgs/action/detail/dist_turtle__rosidl_typesupport_introspection_c.h
[1.125s] -- Up-to-date: /home/shcho/ros2_study/install/my_first_package_msgs/include/my_first_package_msgs/my_first_package_msgs/action/detail/dist_turtle__type_support.c
[1.125s] -- Up-to-date: /home/shcho/ros2_study/install/my_first_package_msgs/lib/libmy_first_package_msgs__rosidl_typesupport_introspection_c.so
[1.125s] -- Up-to-date: /home/shcho/ros2_study/install/my_first_package_msgs/lib/libmy_first_package_msgs__rosidl_typesupport_c.so
[1.125s] -- Up-to-date: /home/shcho/ros2_study/install/my_first_package_msgs/include/my_first_package_msgs/my_first_package_msgs
[1.125s] -- Up-to-date: /home/shcho/ros2_study/install/my_first_package_msgs/include/my_first_package_msgs/my_first_package_msgs/srv
[1.125s] -- Up-to-date: /home/shcho/ros2_study/install/my_first_package_msgs/include/my_first_package_msgs/my_first_package_msgs/srv/detail
[1.125s] -- Up-to-date: /home/shcho/ros2_study/install/my_first_package_msgs/include/my_first_package_msgs/my_first_package_msgs/srv/detail/multi_spawn__struct.hpp
[1.125s] -- Up-to-date: /home/shcho/ros2_study/install/my_first_package_msgs/include/my_first_package_msgs/my_first_package_msgs/srv/detail/multi_spawn__builder.hpp
[1.125s] -- Up-to-date: /home/shcho/ros2_study/install/my_first_package_msgs/include/my_first_package_msgs/my_first_package_msgs/srv/detail/multi_spawn__traits.hpp
[1.125s] -- Up-to-date: /home/shcho/ros2_study/install/my_first_package_msgs/include/my_first_package_msgs/my_first_package_msgs/srv/detail/multi_spawn__type_support.hpp
[1.125s] -- Up-to-date: /home/shcho/ros2_study/install/my_first_package_msgs/include/my_first_package_msgs/my_first_package_msgs/srv/multi_spawn.hpp
[1.125s] -- Up-to-date: /home/shcho/ros2_study/install/my_first_package_msgs/include/my_first_package_msgs/my_first_package_msgs/msg
[1.125s] -- Up-to-date: /home/shcho/ros2_study/install/my_first_package_msgs/include/my_first_package_msgs/my_first_package_msgs/msg/detail
[1.125s] -- Up-to-date: /home/shcho/ros2_study/install/my_first_package_msgs/include/my_first_package_msgs/my_first_package_msgs/msg/detail/cmd_and_pose_vel__type_support.hpp
[1.125s] -- Up-to-date: /home/shcho/ros2_study/install/my_first_package_msgs/include/my_first_package_msgs/my_first_package_msgs/msg/detail/cmd_and_pose_vel__struct.hpp
[1.125s] -- Up-to-date: /home/shcho/ros2_study/install/my_first_package_msgs/include/my_first_package_msgs/my_first_package_msgs/msg/detail/cmd_and_pose_vel__builder.hpp
[1.125s] -- Up-to-date: /home/shcho/ros2_study/install/my_first_package_msgs/include/my_first_package_msgs/my_first_package_msgs/msg/detail/cmd_and_pose_vel__traits.hpp
[1.125s] -- Up-to-date: /home/shcho/ros2_study/install/my_first_package_msgs/include/my_first_package_msgs/my_first_package_msgs/msg/cmd_and_pose_vel.hpp
[1.125s] -- Up-to-date: /home/shcho/ros2_study/install/my_first_package_msgs/include/my_first_package_msgs/my_first_package_msgs/msg/rosidl_generator_cpp__visibility_control.hpp
[1.125s] -- Up-to-date: /home/shcho/ros2_study/install/my_first_package_msgs/include/my_first_package_msgs/my_first_package_msgs/action
[1.125s] -- Up-to-date: /home/shcho/ros2_study/install/my_first_package_msgs/include/my_first_package_msgs/my_first_package_msgs/action/detail
[1.125s] -- Up-to-date: /home/shcho/ros2_study/install/my_first_package_msgs/include/my_first_package_msgs/my_first_package_msgs/action/detail/dist_turtle__traits.hpp
[1.125s] -- Up-to-date: /home/shcho/ros2_study/install/my_first_package_msgs/include/my_first_package_msgs/my_first_package_msgs/action/detail/dist_turtle__type_support.hpp
[1.126s] -- Up-to-date: /home/shcho/ros2_study/install/my_first_package_msgs/include/my_first_package_msgs/my_first_package_msgs/action/detail/dist_turtle__struct.hpp
[1.126s] -- Up-to-date: /home/shcho/ros2_study/install/my_first_package_msgs/include/my_first_package_msgs/my_first_package_msgs/action/detail/dist_turtle__builder.hpp
[1.126s] -- Up-to-date: /home/shcho/ros2_study/install/my_first_package_msgs/include/my_first_package_msgs/my_first_package_msgs/action/dist_turtle.hpp
[1.126s] -- Up-to-date: /home/shcho/ros2_study/install/my_first_package_msgs/include/my_first_package_msgs/my_first_package_msgs
[1.126s] -- Up-to-date: /home/shcho/ros2_study/install/my_first_package_msgs/include/my_first_package_msgs/my_first_package_msgs/srv
[1.126s] -- Up-to-date: /home/shcho/ros2_study/install/my_first_package_msgs/include/my_first_package_msgs/my_first_package_msgs/srv/detail
[1.126s] -- Up-to-date: /home/shcho/ros2_study/install/my_first_package_msgs/include/my_first_package_msgs/my_first_package_msgs/srv/detail/multi_spawn__rosidl_typesupport_fastrtps_cpp.hpp
[1.126s] -- Up-to-date: /home/shcho/ros2_study/install/my_first_package_msgs/include/my_first_package_msgs/my_first_package_msgs/srv/detail/dds_fastrtps
[1.126s] -- Up-to-date: /home/shcho/ros2_study/install/my_first_package_msgs/include/my_first_package_msgs/my_first_package_msgs/msg
[1.126s] -- Up-to-date: /home/shcho/ros2_study/install/my_first_package_msgs/include/my_first_package_msgs/my_first_package_msgs/msg/detail
[1.126s] -- Up-to-date: /home/shcho/ros2_study/install/my_first_package_msgs/include/my_first_package_msgs/my_first_package_msgs/msg/detail/dds_fastrtps
[1.126s] -- Up-to-date: /home/shcho/ros2_study/install/my_first_package_msgs/include/my_first_package_msgs/my_first_package_msgs/msg/detail/cmd_and_pose_vel__rosidl_typesupport_fastrtps_cpp.hpp
[1.126s] -- Up-to-date: /home/shcho/ros2_study/install/my_first_package_msgs/include/my_first_package_msgs/my_first_package_msgs/msg/rosidl_typesupport_fastrtps_cpp__visibility_control.h
[1.126s] -- Up-to-date: /home/shcho/ros2_study/install/my_first_package_msgs/include/my_first_package_msgs/my_first_package_msgs/action
[1.126s] -- Up-to-date: /home/shcho/ros2_study/install/my_first_package_msgs/include/my_first_package_msgs/my_first_package_msgs/action/detail
[1.126s] -- Up-to-date: /home/shcho/ros2_study/install/my_first_package_msgs/include/my_first_package_msgs/my_first_package_msgs/action/detail/dds_fastrtps
[1.126s] -- Up-to-date: /home/shcho/ros2_study/install/my_first_package_msgs/include/my_first_package_msgs/my_first_package_msgs/action/detail/dist_turtle__rosidl_typesupport_fastrtps_cpp.hpp
[1.126s] -- Up-to-date: /home/shcho/ros2_study/install/my_first_package_msgs/lib/libmy_first_package_msgs__rosidl_typesupport_fastrtps_cpp.so
[1.126s] -- Up-to-date: /home/shcho/ros2_study/install/my_first_package_msgs/include/my_first_package_msgs/my_first_package_msgs
[1.126s] -- Up-to-date: /home/shcho/ros2_study/install/my_first_package_msgs/include/my_first_package_msgs/my_first_package_msgs/srv
[1.126s] -- Up-to-date: /home/shcho/ros2_study/install/my_first_package_msgs/include/my_first_package_msgs/my_first_package_msgs/srv/detail
[1.126s] -- Up-to-date: /home/shcho/ros2_study/install/my_first_package_msgs/include/my_first_package_msgs/my_first_package_msgs/srv/detail/multi_spawn__rosidl_typesupport_introspection_cpp.hpp
[1.126s] -- Up-to-date: /home/shcho/ros2_study/install/my_first_package_msgs/include/my_first_package_msgs/my_first_package_msgs/srv/detail/multi_spawn__type_support.cpp
[1.126s] -- Up-to-date: /home/shcho/ros2_study/install/my_first_package_msgs/include/my_first_package_msgs/my_first_package_msgs/msg
[1.126s] -- Up-to-date: /home/shcho/ros2_study/install/my_first_package_msgs/include/my_first_package_msgs/my_first_package_msgs/msg/detail
[1.126s] -- Up-to-date: /home/shcho/ros2_study/install/my_first_package_msgs/include/my_first_package_msgs/my_first_package_msgs/msg/detail/cmd_and_pose_vel__rosidl_typesupport_introspection_cpp.hpp
[1.126s] -- Up-to-date: /home/shcho/ros2_study/install/my_first_package_msgs/include/my_first_package_msgs/my_first_package_msgs/msg/detail/cmd_and_pose_vel__type_support.cpp
[1.126s] -- Up-to-date: /home/shcho/ros2_study/install/my_first_package_msgs/include/my_first_package_msgs/my_first_package_msgs/action
[1.126s] -- Up-to-date: /home/shcho/ros2_study/install/my_first_package_msgs/include/my_first_package_msgs/my_first_package_msgs/action/detail
[1.126s] -- Up-to-date: /home/shcho/ros2_study/install/my_first_package_msgs/include/my_first_package_msgs/my_first_package_msgs/action/detail/dist_turtle__type_support.cpp
[1.126s] -- Up-to-date: /home/shcho/ros2_study/install/my_first_package_msgs/include/my_first_package_msgs/my_first_package_msgs/action/detail/dist_turtle__rosidl_typesupport_introspection_cpp.hpp
[1.126s] -- Up-to-date: /home/shcho/ros2_study/install/my_first_package_msgs/lib/libmy_first_package_msgs__rosidl_typesupport_introspection_cpp.so
[1.126s] -- Up-to-date: /home/shcho/ros2_study/install/my_first_package_msgs/lib/libmy_first_package_msgs__rosidl_typesupport_cpp.so
[1.126s] -- Up-to-date: /home/shcho/ros2_study/install/my_first_package_msgs/share/my_first_package_msgs/environment/pythonpath.sh
[1.126s] -- Up-to-date: /home/shcho/ros2_study/install/my_first_package_msgs/share/my_first_package_msgs/environment/pythonpath.dsv
[1.126s] -- Up-to-date: /home/shcho/ros2_study/install/my_first_package_msgs/local/lib/python3.10/dist-packages/my_first_package_msgs-0.0.0-py3.10.egg-info
[1.126s] -- Installing: /home/shcho/ros2_study/install/my_first_package_msgs/local/lib/python3.10/dist-packages/my_first_package_msgs-0.0.0-py3.10.egg-info/dependency_links.txt
[1.126s] -- Installing: /home/shcho/ros2_study/install/my_first_package_msgs/local/lib/python3.10/dist-packages/my_first_package_msgs-0.0.0-py3.10.egg-info/top_level.txt
[1.126s] -- Installing: /home/shcho/ros2_study/install/my_first_package_msgs/local/lib/python3.10/dist-packages/my_first_package_msgs-0.0.0-py3.10.egg-info/PKG-INFO
[1.126s] -- Installing: /home/shcho/ros2_study/install/my_first_package_msgs/local/lib/python3.10/dist-packages/my_first_package_msgs-0.0.0-py3.10.egg-info/SOURCES.txt
[1.126s] -- Up-to-date: /home/shcho/ros2_study/install/my_first_package_msgs/local/lib/python3.10/dist-packages/my_first_package_msgs
[1.126s] -- Up-to-date: /home/shcho/ros2_study/install/my_first_package_msgs/local/lib/python3.10/dist-packages/my_first_package_msgs/my_first_package_msgs_s__rosidl_typesupport_introspection_c.cpython-310-x86_64-linux-gnu.so
[1.126s] -- Up-to-date: /home/shcho/ros2_study/install/my_first_package_msgs/local/lib/python3.10/dist-packages/my_first_package_msgs/srv
[1.126s] -- Up-to-date: /home/shcho/ros2_study/install/my_first_package_msgs/local/lib/python3.10/dist-packages/my_first_package_msgs/srv/_multi_spawn_s.c
[1.126s] -- Up-to-date: /home/shcho/ros2_study/install/my_first_package_msgs/local/lib/python3.10/dist-packages/my_first_package_msgs/srv/_multi_spawn.py
[1.126s] -- Up-to-date: /home/shcho/ros2_study/install/my_first_package_msgs/local/lib/python3.10/dist-packages/my_first_package_msgs/srv/__init__.py
[1.126s] -- Up-to-date: /home/shcho/ros2_study/install/my_first_package_msgs/local/lib/python3.10/dist-packages/my_first_package_msgs/my_first_package_msgs_s__rosidl_typesupport_fastrtps_c.cpython-310-x86_64-linux-gnu.so
[1.127s] -- Up-to-date: /home/shcho/ros2_study/install/my_first_package_msgs/local/lib/python3.10/dist-packages/my_first_package_msgs/msg
[1.127s] -- Up-to-date: /home/shcho/ros2_study/install/my_first_package_msgs/local/lib/python3.10/dist-packages/my_first_package_msgs/msg/_cmd_and_pose_vel_s.c
[1.127s] -- Up-to-date: /home/shcho/ros2_study/install/my_first_package_msgs/local/lib/python3.10/dist-packages/my_first_package_msgs/msg/_cmd_and_pose_vel.py
[1.127s] -- Up-to-date: /home/shcho/ros2_study/install/my_first_package_msgs/local/lib/python3.10/dist-packages/my_first_package_msgs/msg/__init__.py
[1.127s] -- Up-to-date: /home/shcho/ros2_study/install/my_first_package_msgs/local/lib/python3.10/dist-packages/my_first_package_msgs/_my_first_package_msgs_s.ep.rosidl_typesupport_fastrtps_c.c
[1.127s] -- Up-to-date: /home/shcho/ros2_study/install/my_first_package_msgs/local/lib/python3.10/dist-packages/my_first_package_msgs/libmy_first_package_msgs__rosidl_generator_py.so
[1.127s] -- Up-to-date: /home/shcho/ros2_study/install/my_first_package_msgs/local/lib/python3.10/dist-packages/my_first_package_msgs/action
[1.127s] -- Up-to-date: /home/shcho/ros2_study/install/my_first_package_msgs/local/lib/python3.10/dist-packages/my_first_package_msgs/action/_dist_turtle.py
[1.127s] -- Up-to-date: /home/shcho/ros2_study/install/my_first_package_msgs/local/lib/python3.10/dist-packages/my_first_package_msgs/action/_dist_turtle_s.c
[1.127s] -- Up-to-date: /home/shcho/ros2_study/install/my_first_package_msgs/local/lib/python3.10/dist-packages/my_first_package_msgs/action/__init__.py
[1.127s] -- Up-to-date: /home/shcho/ros2_study/install/my_first_package_msgs/local/lib/python3.10/dist-packages/my_first_package_msgs/_my_first_package_msgs_s.ep.rosidl_typesupport_c.c
[1.127s] -- Up-to-date: /home/shcho/ros2_study/install/my_first_package_msgs/local/lib/python3.10/dist-packages/my_first_package_msgs/__init__.py
[1.127s] -- Up-to-date: /home/shcho/ros2_study/install/my_first_package_msgs/local/lib/python3.10/dist-packages/my_first_package_msgs/_my_first_package_msgs_s.ep.rosidl_typesupport_introspection_c.c
[1.127s] -- Up-to-date: /home/shcho/ros2_study/install/my_first_package_msgs/local/lib/python3.10/dist-packages/my_first_package_msgs/my_first_package_msgs_s__rosidl_typesupport_c.cpython-310-x86_64-linux-gnu.so
[1.158s] Listing '/home/shcho/ros2_study/install/my_first_package_msgs/local/lib/python3.10/dist-packages/my_first_package_msgs'...
[1.158s] Listing '/home/shcho/ros2_study/install/my_first_package_msgs/local/lib/python3.10/dist-packages/my_first_package_msgs/action'...
[1.158s] Listing '/home/shcho/ros2_study/install/my_first_package_msgs/local/lib/python3.10/dist-packages/my_first_package_msgs/msg'...
[1.158s] Listing '/home/shcho/ros2_study/install/my_first_package_msgs/local/lib/python3.10/dist-packages/my_first_package_msgs/srv'...
[1.161s] -- Up-to-date: /home/shcho/ros2_study/install/my_first_package_msgs/local/lib/python3.10/dist-packages/my_first_package_msgs/my_first_package_msgs_s__rosidl_typesupport_fastrtps_c.cpython-310-x86_64-linux-gnu.so
[1.161s] -- Up-to-date: /home/shcho/ros2_study/install/my_first_package_msgs/local/lib/python3.10/dist-packages/my_first_package_msgs/my_first_package_msgs_s__rosidl_typesupport_introspection_c.cpython-310-x86_64-linux-gnu.so
[1.161s] -- Up-to-date: /home/shcho/ros2_study/install/my_first_package_msgs/local/lib/python3.10/dist-packages/my_first_package_msgs/my_first_package_msgs_s__rosidl_typesupport_c.cpython-310-x86_64-linux-gnu.so
[1.162s] -- Up-to-date: /home/shcho/ros2_study/install/my_first_package_msgs/lib/libmy_first_package_msgs__rosidl_generator_py.so
[1.162s] -- Up-to-date: /home/shcho/ros2_study/install/my_first_package_msgs/share/my_first_package_msgs/msg/CmdAndPoseVel.idl
[1.162s] -- Up-to-date: /home/shcho/ros2_study/install/my_first_package_msgs/share/my_first_package_msgs/srv/MultiSpawn.idl
[1.162s] -- Up-to-date: /home/shcho/ros2_study/install/my_first_package_msgs/share/my_first_package_msgs/action/DistTurtle.idl
[1.162s] -- Up-to-date: /home/shcho/ros2_study/install/my_first_package_msgs/share/my_first_package_msgs/msg/CmdAndPoseVel.msg
[1.162s] -- Up-to-date: /home/shcho/ros2_study/install/my_first_package_msgs/share/my_first_package_msgs/srv/MultiSpawn.srv
[1.162s] -- Up-to-date: /home/shcho/ros2_study/install/my_first_package_msgs/share/my_first_package_msgs/srv/MultiSpawn_Request.msg
[1.162s] -- Up-to-date: /home/shcho/ros2_study/install/my_first_package_msgs/share/my_first_package_msgs/srv/MultiSpawn_Response.msg
[1.162s] -- Up-to-date: /home/shcho/ros2_study/install/my_first_package_msgs/share/my_first_package_msgs/action/DistTurtle.action
[1.162s] -- Up-to-date: /home/shcho/ros2_study/install/my_first_package_msgs/share/ament_index/resource_index/package_run_dependencies/my_first_package_msgs
[1.163s] -- Up-to-date: /home/shcho/ros2_study/install/my_first_package_msgs/share/ament_index/resource_index/parent_prefix_path/my_first_package_msgs
[1.163s] -- Up-to-date: /home/shcho/ros2_study/install/my_first_package_msgs/share/my_first_package_msgs/environment/ament_prefix_path.sh
[1.163s] -- Up-to-date: /home/shcho/ros2_study/install/my_first_package_msgs/share/my_first_package_msgs/environment/ament_prefix_path.dsv
[1.163s] -- Up-to-date: /home/shcho/ros2_study/install/my_first_package_msgs/share/my_first_package_msgs/environment/path.sh
[1.163s] -- Up-to-date: /home/shcho/ros2_study/install/my_first_package_msgs/share/my_first_package_msgs/environment/path.dsv
[1.163s] -- Up-to-date: /home/shcho/ros2_study/install/my_first_package_msgs/share/my_first_package_msgs/local_setup.bash
[1.163s] -- Up-to-date: /home/shcho/ros2_study/install/my_first_package_msgs/share/my_first_package_msgs/local_setup.sh
[1.163s] -- Up-to-date: /home/shcho/ros2_study/install/my_first_package_msgs/share/my_first_package_msgs/local_setup.zsh
[1.163s] -- Up-to-date: /home/shcho/ros2_study/install/my_first_package_msgs/share/my_first_package_msgs/local_setup.dsv
[1.163s] -- Installing: /home/shcho/ros2_study/install/my_first_package_msgs/share/my_first_package_msgs/package.dsv
[1.164s] -- Up-to-date: /home/shcho/ros2_study/install/my_first_package_msgs/share/ament_index/resource_index/packages/my_first_package_msgs
[1.164s] -- Up-to-date: /home/shcho/ros2_study/install/my_first_package_msgs/share/my_first_package_msgs/cmake/export_my_first_package_msgs__rosidl_generator_cExport.cmake
[1.164s] -- Up-to-date: /home/shcho/ros2_study/install/my_first_package_msgs/share/my_first_package_msgs/cmake/export_my_first_package_msgs__rosidl_generator_cExport-noconfig.cmake
[1.164s] -- Up-to-date: /home/shcho/ros2_study/install/my_first_package_msgs/share/my_first_package_msgs/cmake/export_my_first_package_msgs__rosidl_typesupport_fastrtps_cExport.cmake
[1.164s] -- Up-to-date: /home/shcho/ros2_study/install/my_first_package_msgs/share/my_first_package_msgs/cmake/export_my_first_package_msgs__rosidl_typesupport_fastrtps_cExport-noconfig.cmake
[1.164s] -- Up-to-date: /home/shcho/ros2_study/install/my_first_package_msgs/share/my_first_package_msgs/cmake/my_first_package_msgs__rosidl_typesupport_introspection_cExport.cmake
[1.164s] -- Up-to-date: /home/shcho/ros2_study/install/my_first_package_msgs/share/my_first_package_msgs/cmake/my_first_package_msgs__rosidl_typesupport_introspection_cExport-noconfig.cmake
[1.165s] -- Up-to-date: /home/shcho/ros2_study/install/my_first_package_msgs/share/my_first_package_msgs/cmake/my_first_package_msgs__rosidl_typesupport_cExport.cmake
[1.165s] -- Up-to-date: /home/shcho/ros2_study/install/my_first_package_msgs/share/my_first_package_msgs/cmake/my_first_package_msgs__rosidl_typesupport_cExport-noconfig.cmake
[1.165s] -- Up-to-date: /home/shcho/ros2_study/install/my_first_package_msgs/share/my_first_package_msgs/cmake/export_my_first_package_msgs__rosidl_generator_cppExport.cmake
[1.165s] -- Up-to-date: /home/shcho/ros2_study/install/my_first_package_msgs/share/my_first_package_msgs/cmake/export_my_first_package_msgs__rosidl_typesupport_fastrtps_cppExport.cmake
[1.165s] -- Up-to-date: /home/shcho/ros2_study/install/my_first_package_msgs/share/my_first_package_msgs/cmake/export_my_first_package_msgs__rosidl_typesupport_fastrtps_cppExport-noconfig.cmake
[1.165s] -- Up-to-date: /home/shcho/ros2_study/install/my_first_package_msgs/share/my_first_package_msgs/cmake/my_first_package_msgs__rosidl_typesupport_introspection_cppExport.cmake
[1.165s] -- Up-to-date: /home/shcho/ros2_study/install/my_first_package_msgs/share/my_first_package_msgs/cmake/my_first_package_msgs__rosidl_typesupport_introspection_cppExport-noconfig.cmake
[1.165s] -- Up-to-date: /home/shcho/ros2_study/install/my_first_package_msgs/share/my_first_package_msgs/cmake/my_first_package_msgs__rosidl_typesupport_cppExport.cmake
[1.165s] -- Up-to-date: /home/shcho/ros2_study/install/my_first_package_msgs/share/my_first_package_msgs/cmake/my_first_package_msgs__rosidl_typesupport_cppExport-noconfig.cmake
[1.166s] -- Up-to-date: /home/shcho/ros2_study/install/my_first_package_msgs/share/my_first_package_msgs/cmake/export_my_first_package_msgs__rosidl_generator_pyExport.cmake
[1.166s] -- Up-to-date: /home/shcho/ros2_study/install/my_first_package_msgs/share/my_first_package_msgs/cmake/export_my_first_package_msgs__rosidl_generator_pyExport-noconfig.cmake
[1.166s] -- Up-to-date: /home/shcho/ros2_study/install/my_first_package_msgs/share/my_first_package_msgs/cmake/rosidl_cmake-extras.cmake
[1.166s] -- Up-to-date: /home/shcho/ros2_study/install/my_first_package_msgs/share/my_first_package_msgs/cmake/ament_cmake_export_dependencies-extras.cmake
[1.166s] -- Up-to-date: /home/shcho/ros2_study/install/my_first_package_msgs/share/my_first_package_msgs/cmake/ament_cmake_export_include_directories-extras.cmake
[1.166s] -- Up-to-date: /home/shcho/ros2_study/install/my_first_package_msgs/share/my_first_package_msgs/cmake/ament_cmake_export_libraries-extras.cmake
[1.166s] -- Up-to-date: /home/shcho/ros2_study/install/my_first_package_msgs/share/my_first_package_msgs/cmake/ament_cmake_export_targets-extras.cmake
[1.166s] -- Up-to-date: /home/shcho/ros2_study/install/my_first_package_msgs/share/my_first_package_msgs/cmake/rosidl_cmake_export_typesupport_targets-extras.cmake
[1.166s] -- Up-to-date: /home/shcho/ros2_study/install/my_first_package_msgs/share/my_first_package_msgs/cmake/rosidl_cmake_export_typesupport_libraries-extras.cmake
[1.166s] -- Up-to-date: /home/shcho/ros2_study/install/my_first_package_msgs/share/my_first_package_msgs/cmake/my_first_package_msgsConfig.cmake
[1.166s] -- Up-to-date: /home/shcho/ros2_study/install/my_first_package_msgs/share/my_first_package_msgs/cmake/my_first_package_msgsConfig-version.cmake
[1.167s] -- Up-to-date: /home/shcho/ros2_study/install/my_first_package_msgs/share/my_first_package_msgs/package.xml
[1.181s] Invoked command in '/home/shcho/ros2_study/build/my_first_package_msgs' returned '0': CMAKE_PREFIX_PATH=${CMAKE_PREFIX_PATH}:/home/shcho/ros2_study/install/my_first_package:/opt/ros/humble /usr/bin/cmake --install /home/shcho/ros2_study/build/my_first_package_msgs
