[0.522s] Invoking command in '/home/shcho/ros2_study/src/my_first_package': PYTHONPATH=/home/shcho/ros2_study/src/build/my_first_package/prefix_override:/usr/lib/python3/dist-packages/colcon_core/task/python/colcon_distutils_commands:/home/shcho/ros2_study/src/install/my_first_package/lib/python3.10/site-packages:${PYTHONPATH} /usr/bin/python3 -W ignore:setup.py install is deprecated -W ignore:easy_install command is deprecated setup.py egg_info --egg-base ../build/my_first_package build --build-base /home/shcho/ros2_study/src/build/my_first_package/build install --record /home/shcho/ros2_study/src/build/my_first_package/install.log --single-version-externally-managed install_data
[0.746s] running egg_info
[0.747s] creating ../build/my_first_package/my_first_package.egg-info
[0.747s] writing ../build/my_first_package/my_first_package.egg-info/PKG-INFO
[0.749s] writing dependency_links to ../build/my_first_package/my_first_package.egg-info/dependency_links.txt
[0.749s] writing entry points to ../build/my_first_package/my_first_package.egg-info/entry_points.txt
[0.749s] writing requirements to ../build/my_first_package/my_first_package.egg-info/requires.txt
[0.749s] writing top-level names to ../build/my_first_package/my_first_package.egg-info/top_level.txt
[0.749s] writing manifest file '../build/my_first_package/my_first_package.egg-info/SOURCES.txt'
[0.749s] reading manifest file '../build/my_first_package/my_first_package.egg-info/SOURCES.txt'
[0.750s] writing manifest file '../build/my_first_package/my_first_package.egg-info/SOURCES.txt'
[0.750s] running build
[0.751s] running build_py
[0.751s] creating /home/shcho/ros2_study/src/build/my_first_package/build
[0.751s] creating /home/shcho/ros2_study/src/build/my_first_package/build/lib
[0.751s] creating /home/shcho/ros2_study/src/build/my_first_package/build/lib/my_first_package
[0.752s] copying my_first_package/my_custom_publisher.py -> /home/shcho/ros2_study/src/build/my_first_package/build/lib/my_first_package
[0.752s] copying my_first_package/turtle_cmd_and_pose.py -> /home/shcho/ros2_study/src/build/my_first_package/build/lib/my_first_package
[0.752s] copying my_first_package/__init__.py -> /home/shcho/ros2_study/src/build/my_first_package/build/lib/my_first_package
[0.752s] copying my_first_package/my_publisher.py -> /home/shcho/ros2_study/src/build/my_first_package/build/lib/my_first_package
[0.753s] copying my_first_package/my_first_node.py -> /home/shcho/ros2_study/src/build/my_first_package/build/lib/my_first_package
[0.753s] copying my_first_package/my_subscriber.py -> /home/shcho/ros2_study/src/build/my_first_package/build/lib/my_first_package
[0.754s] running install
[0.754s] running install_lib
[0.755s] creating /home/shcho/ros2_study/src/install/my_first_package/lib/python3.10/site-packages/my_first_package
[0.755s] copying /home/shcho/ros2_study/src/build/my_first_package/build/lib/my_first_package/my_custom_publisher.py -> /home/shcho/ros2_study/src/install/my_first_package/lib/python3.10/site-packages/my_first_package
[0.755s] copying /home/shcho/ros2_study/src/build/my_first_package/build/lib/my_first_package/turtle_cmd_and_pose.py -> /home/shcho/ros2_study/src/install/my_first_package/lib/python3.10/site-packages/my_first_package
[0.755s] copying /home/shcho/ros2_study/src/build/my_first_package/build/lib/my_first_package/__init__.py -> /home/shcho/ros2_study/src/install/my_first_package/lib/python3.10/site-packages/my_first_package
[0.755s] copying /home/shcho/ros2_study/src/build/my_first_package/build/lib/my_first_package/my_publisher.py -> /home/shcho/ros2_study/src/install/my_first_package/lib/python3.10/site-packages/my_first_package
[0.755s] copying /home/shcho/ros2_study/src/build/my_first_package/build/lib/my_first_package/my_first_node.py -> /home/shcho/ros2_study/src/install/my_first_package/lib/python3.10/site-packages/my_first_package
[0.755s] copying /home/shcho/ros2_study/src/build/my_first_package/build/lib/my_first_package/my_subscriber.py -> /home/shcho/ros2_study/src/install/my_first_package/lib/python3.10/site-packages/my_first_package
[0.756s] byte-compiling /home/shcho/ros2_study/src/install/my_first_package/lib/python3.10/site-packages/my_first_package/my_custom_publisher.py to my_custom_publisher.cpython-310.pyc
[0.756s] byte-compiling /home/shcho/ros2_study/src/install/my_first_package/lib/python3.10/site-packages/my_first_package/turtle_cmd_and_pose.py to turtle_cmd_and_pose.cpython-310.pyc
[0.757s] byte-compiling /home/shcho/ros2_study/src/install/my_first_package/lib/python3.10/site-packages/my_first_package/__init__.py to __init__.cpython-310.pyc
[0.757s] byte-compiling /home/shcho/ros2_study/src/install/my_first_package/lib/python3.10/site-packages/my_first_package/my_publisher.py to my_publisher.cpython-310.pyc
[0.757s] byte-compiling /home/shcho/ros2_study/src/install/my_first_package/lib/python3.10/site-packages/my_first_package/my_first_node.py to my_first_node.cpython-310.pyc
[0.758s] byte-compiling /home/shcho/ros2_study/src/install/my_first_package/lib/python3.10/site-packages/my_first_package/my_subscriber.py to my_subscriber.cpython-310.pyc
[0.758s] running install_data
[0.758s] creating /home/shcho/ros2_study/src/install/my_first_package/share/ament_index
[0.758s] creating /home/shcho/ros2_study/src/install/my_first_package/share/ament_index/resource_index
[0.758s] creating /home/shcho/ros2_study/src/install/my_first_package/share/ament_index/resource_index/packages
[0.759s] copying resource/my_first_package -> /home/shcho/ros2_study/src/install/my_first_package/share/ament_index/resource_index/packages
[0.759s] copying package.xml -> /home/shcho/ros2_study/src/install/my_first_package/share/my_first_package
[0.760s] running install_egg_info
[0.760s] Copying ../build/my_first_package/my_first_package.egg-info to /home/shcho/ros2_study/src/install/my_first_package/lib/python3.10/site-packages/my_first_package-0.0.0-py3.10.egg-info
[0.761s] running install_scripts
[0.792s] Installing my_custom_publisher script to /home/shcho/ros2_study/src/install/my_first_package/lib/my_first_package
[0.792s] Installing my_first_node script to /home/shcho/ros2_study/src/install/my_first_package/lib/my_first_package
[0.793s] Installing my_publisher script to /home/shcho/ros2_study/src/install/my_first_package/lib/my_first_package
[0.793s] Installing my_subscriber script to /home/shcho/ros2_study/src/install/my_first_package/lib/my_first_package
[0.793s] Installing turtle_cmd_and_pose script to /home/shcho/ros2_study/src/install/my_first_package/lib/my_first_package
[0.793s] writing list of installed files to '/home/shcho/ros2_study/src/build/my_first_package/install.log'
[0.820s] Invoked command in '/home/shcho/ros2_study/src/my_first_package' returned '0': PYTHONPATH=/home/shcho/ros2_study/src/build/my_first_package/prefix_override:/usr/lib/python3/dist-packages/colcon_core/task/python/colcon_distutils_commands:/home/shcho/ros2_study/src/install/my_first_package/lib/python3.10/site-packages:${PYTHONPATH} /usr/bin/python3 -W ignore:setup.py install is deprecated -W ignore:easy_install command is deprecated setup.py egg_info --egg-base ../build/my_first_package build --build-base /home/shcho/ros2_study/src/build/my_first_package/build install --record /home/shcho/ros2_study/src/build/my_first_package/install.log --single-version-externally-managed install_data
