[0.198s] Invoking command in '/home/shcho/ros2_study/src/build/my_first_package_msgs': CMAKE_PREFIX_PATH=${CMAKE_PREFIX_PATH}:/home/shcho/ros2_study/install/my_first_package:/opt/ros/humble /usr/bin/cmake /home/shcho/ros2_study/src/my_first_package_msgs -DCMAKE_INSTALL_PREFIX=/home/shcho/ros2_study/src/install/my_first_package_msgs
[0.614s] -- The C compiler identification is GNU 11.4.0
[0.832s] -- The CXX compiler identification is GNU 11.4.0
[0.852s] -- Detecting C compiler ABI info
[0.928s] -- Detecting C compiler ABI info - done
[0.928s] -- Check for working C compiler: /usr/bin/cc - skipped
[0.929s] -- Detecting C compile features
[0.930s] -- Detecting C compile features - done
[0.944s] -- Detecting CXX compiler ABI info
[1.036s] -- Detecting CXX compiler ABI info - done
[1.070s] -- Check for working CXX compiler: /usr/bin/c++ - skipped
[1.076s] -- Detecting CXX compile features
[1.077s] -- Detecting CXX compile features - done
[1.102s] -- Found ament_cmake: 1.3.12 (/opt/ros/humble/share/ament_cmake/cmake)
[1.287s] -- Found Python3: /usr/bin/python3 (found version "3.10.12") found components: Interpreter 
[1.382s] -- Found rosidl_default_generators: 1.2.0 (/opt/ros/humble/share/rosidl_default_generators/cmake)
[1.387s] -- Using all available rosidl_typesupport_c: rosidl_typesupport_fastrtps_c;rosidl_typesupport_introspection_c
[1.397s] -- Found rosidl_adapter: 3.1.7 (/opt/ros/humble/share/rosidl_adapter/cmake)
[1.459s] -- Using all available rosidl_typesupport_cpp: rosidl_typesupport_fastrtps_cpp;rosidl_typesupport_introspection_cpp
[1.698s] -- Found ament_cmake_ros: 0.10.0 (/opt/ros/humble/share/ament_cmake_ros/cmake)
[1.829s] -- Using all available rosidl_typesupport_c: rosidl_typesupport_fastrtps_c;rosidl_typesupport_introspection_c
[1.996s] -- Using all available rosidl_typesupport_cpp: rosidl_typesupport_fastrtps_cpp;rosidl_typesupport_introspection_cpp
[2.012s] -- Found PythonInterp: /usr/bin/python3 (found suitable version "3.10.12", minimum required is "3.6") 
[2.015s] -- Found python_cmake_module: 0.10.0 (/opt/ros/humble/share/python_cmake_module/cmake)
[2.035s] -- Found PythonLibs: /usr/lib/x86_64-linux-gnu/libpython3.10.so (found suitable version "3.10.12", minimum required is "3.5") 
[2.035s] -- Using PYTHON_EXECUTABLE: /usr/bin/python3
[2.036s] -- Using PYTHON_INCLUDE_DIRS: /usr/include/python3.10
[2.036s] -- Using PYTHON_LIBRARIES: /usr/lib/x86_64-linux-gnu/libpython3.10.so
[2.049s] -- Found PythonExtra: .so  
[2.072s] -- Found ament_lint_auto: 0.12.14 (/opt/ros/humble/share/ament_lint_auto/cmake)
[2.110s] -- Added test 'lint_cmake' to check CMake code style
[2.112s] -- Added test 'xmllint' to check XML markup files
[2.115s] -- Configuring done
[2.131s] -- Generating done
[2.141s] -- Build files have been written to: /home/shcho/ros2_study/src/build/my_first_package_msgs
[2.149s] Invoked command in '/home/shcho/ros2_study/src/build/my_first_package_msgs' returned '0': CMAKE_PREFIX_PATH=${CMAKE_PREFIX_PATH}:/home/shcho/ros2_study/install/my_first_package:/opt/ros/humble /usr/bin/cmake /home/shcho/ros2_study/src/my_first_package_msgs -DCMAKE_INSTALL_PREFIX=/home/shcho/ros2_study/src/install/my_first_package_msgs
[2.149s] Invoking command in '/home/shcho/ros2_study/src/build/my_first_package_msgs': CMAKE_PREFIX_PATH=${CMAKE_PREFIX_PATH}:/home/shcho/ros2_study/install/my_first_package:/opt/ros/humble /usr/bin/cmake --build /home/shcho/ros2_study/src/build/my_first_package_msgs -- -j2 -l2
[2.201s] [  3%] [34m[1mGenerating C code for ROS interfaces[0m
[2.213s] [  6%] [34m[1mGenerating C++ code for ROS interfaces[0m
[2.487s] [  6%] Built target my_first_package_msgs__cpp
[2.527s] [  9%] [32mBuilding C object CMakeFiles/my_first_package_msgs__rosidl_generator_c.dir/rosidl_generator_c/my_first_package_msgs/msg/detail/cmd_and_pose_vel__functions.c.o[0m
[2.529s] [  9%] Built target ament_cmake_python_copy_my_first_package_msgs
[2.540s] [ 12%] [34m[1mGenerating C++ type support for eProsima Fast-RTPS[0m
[2.671s] [ 16%] [32m[1mLinking C shared library libmy_first_package_msgs__rosidl_generator_c.so[0m
[2.714s] [ 16%] Built target my_first_package_msgs__rosidl_generator_c
[2.723s] [ 19%] [34m[1mGenerating C++ introspection for ROS interfaces[0m
[2.759s] [ 22%] [32mBuilding CXX object CMakeFiles/my_first_package_msgs__rosidl_typesupport_fastrtps_cpp.dir/rosidl_typesupport_fastrtps_cpp/my_first_package_msgs/msg/detail/dds_fastrtps/cmd_and_pose_vel__type_support.cpp.o[0m
[2.907s] [ 25%] [32mBuilding CXX object CMakeFiles/my_first_package_msgs__rosidl_typesupport_introspection_cpp.dir/rosidl_typesupport_introspection_cpp/my_first_package_msgs/msg/detail/cmd_and_pose_vel__type_support.cpp.o[0m
[3.233s] [ 29%] [32m[1mLinking CXX shared library libmy_first_package_msgs__rosidl_typesupport_introspection_cpp.so[0m
[3.236s] [ 32%] [32m[1mLinking CXX shared library libmy_first_package_msgs__rosidl_typesupport_fastrtps_cpp.so[0m
[3.283s] [ 32%] Built target my_first_package_msgs__rosidl_typesupport_introspection_cpp
[3.309s] [ 35%] [34m[1mGenerating C++ type support dispatch for ROS interfaces[0m
[3.318s] [ 35%] Built target my_first_package_msgs__rosidl_typesupport_fastrtps_cpp
[3.338s] [ 38%] [34m[1mGenerating C type support for eProsima Fast-RTPS[0m
[3.526s] [ 41%] [32mBuilding CXX object CMakeFiles/my_first_package_msgs__rosidl_typesupport_cpp.dir/rosidl_typesupport_cpp/my_first_package_msgs/msg/cmd_and_pose_vel__type_support.cpp.o[0m
[3.584s] [ 45%] [32mBuilding CXX object CMakeFiles/my_first_package_msgs__rosidl_typesupport_fastrtps_c.dir/rosidl_typesupport_fastrtps_c/my_first_package_msgs/msg/detail/cmd_and_pose_vel__type_support_c.cpp.o[0m
[3.694s] [ 48%] [32m[1mLinking CXX shared library libmy_first_package_msgs__rosidl_typesupport_cpp.so[0m
[3.771s] [ 48%] Built target my_first_package_msgs__rosidl_typesupport_cpp
[3.803s] [ 51%] [34m[1mGenerating C introspection for ROS interfaces[0m
[4.045s] [ 54%] [32m[1mLinking CXX shared library libmy_first_package_msgs__rosidl_typesupport_fastrtps_c.so[0m
[4.067s] [ 58%] [32mBuilding C object CMakeFiles/my_first_package_msgs__rosidl_typesupport_introspection_c.dir/rosidl_typesupport_introspection_c/my_first_package_msgs/msg/detail/cmd_and_pose_vel__type_support.c.o[0m
[4.131s] [ 61%] [32m[1mLinking C shared library libmy_first_package_msgs__rosidl_typesupport_introspection_c.so[0m
[4.181s] [ 61%] Built target my_first_package_msgs__rosidl_typesupport_fastrtps_c
[4.187s] [ 61%] Built target my_first_package_msgs__rosidl_typesupport_introspection_c
[4.202s] [ 64%] [34m[1mGenerating C type support dispatch for ROS interfaces[0m
[4.382s] [ 67%] [32mBuilding CXX object CMakeFiles/my_first_package_msgs__rosidl_typesupport_c.dir/rosidl_typesupport_c/my_first_package_msgs/msg/cmd_and_pose_vel__type_support.cpp.o[0m
[4.398s] running egg_info
[4.398s] creating my_first_package_msgs.egg-info
[4.399s] writing my_first_package_msgs.egg-info/PKG-INFO
[4.399s] writing dependency_links to my_first_package_msgs.egg-info/dependency_links.txt
[4.399s] writing top-level names to my_first_package_msgs.egg-info/top_level.txt
[4.399s] writing manifest file 'my_first_package_msgs.egg-info/SOURCES.txt'
[4.402s] reading manifest file 'my_first_package_msgs.egg-info/SOURCES.txt'
[4.402s] writing manifest file 'my_first_package_msgs.egg-info/SOURCES.txt'
[4.413s] [ 70%] [32m[1mLinking CXX shared library libmy_first_package_msgs__rosidl_typesupport_c.so[0m
[4.422s] [ 70%] Built target ament_cmake_python_build_my_first_package_msgs_egg
[4.446s] [ 70%] Built target my_first_package_msgs__rosidl_typesupport_c
[4.471s] [ 70%] Built target my_first_package_msgs
[4.490s] [ 74%] [34m[1mGenerating Python code for ROS interfaces[0m
[4.693s] [ 74%] Built target my_first_package_msgs__py
[4.712s] [ 77%] [32mBuilding C object CMakeFiles/my_first_package_msgs__rosidl_generator_py.dir/rosidl_generator_py/my_first_package_msgs/msg/_cmd_and_pose_vel_s.c.o[0m
[4.840s] [ 80%] [32m[1mLinking C shared library rosidl_generator_py/my_first_package_msgs/libmy_first_package_msgs__rosidl_generator_py.so[0m
[4.879s] [ 80%] Built target my_first_package_msgs__rosidl_generator_py
[4.901s] [ 83%] [32mBuilding C object CMakeFiles/my_first_package_msgs__rosidl_typesupport_introspection_c__pyext.dir/rosidl_generator_py/my_first_package_msgs/_my_first_package_msgs_s.ep.rosidl_typesupport_introspection_c.c.o[0m
[4.901s] [ 87%] [32mBuilding C object CMakeFiles/my_first_package_msgs__rosidl_typesupport_fastrtps_c__pyext.dir/rosidl_generator_py/my_first_package_msgs/_my_first_package_msgs_s.ep.rosidl_typesupport_fastrtps_c.c.o[0m
[4.958s] [ 90%] [32m[1mLinking C shared library rosidl_generator_py/my_first_package_msgs/my_first_package_msgs_s__rosidl_typesupport_fastrtps_c.cpython-310-x86_64-linux-gnu.so[0m
[4.958s] [ 93%] [32m[1mLinking C shared library rosidl_generator_py/my_first_package_msgs/my_first_package_msgs_s__rosidl_typesupport_introspection_c.cpython-310-x86_64-linux-gnu.so[0m
[4.998s] [ 93%] Built target my_first_package_msgs__rosidl_typesupport_introspection_c__pyext
[4.998s] [ 93%] Built target my_first_package_msgs__rosidl_typesupport_fastrtps_c__pyext
[5.013s] [ 96%] [32mBuilding C object CMakeFiles/my_first_package_msgs__rosidl_typesupport_c__pyext.dir/rosidl_generator_py/my_first_package_msgs/_my_first_package_msgs_s.ep.rosidl_typesupport_c.c.o[0m
[5.070s] [100%] [32m[1mLinking C shared library rosidl_generator_py/my_first_package_msgs/my_first_package_msgs_s__rosidl_typesupport_c.cpython-310-x86_64-linux-gnu.so[0m
[5.102s] [100%] Built target my_first_package_msgs__rosidl_typesupport_c__pyext
[5.114s] Invoked command in '/home/shcho/ros2_study/src/build/my_first_package_msgs' returned '0': CMAKE_PREFIX_PATH=${CMAKE_PREFIX_PATH}:/home/shcho/ros2_study/install/my_first_package:/opt/ros/humble /usr/bin/cmake --build /home/shcho/ros2_study/src/build/my_first_package_msgs -- -j2 -l2
[5.121s] Invoking command in '/home/shcho/ros2_study/src/build/my_first_package_msgs': CMAKE_PREFIX_PATH=${CMAKE_PREFIX_PATH}:/home/shcho/ros2_study/install/my_first_package:/opt/ros/humble /usr/bin/cmake --install /home/shcho/ros2_study/src/build/my_first_package_msgs
[5.131s] -- Install configuration: ""
[5.131s] -- Installing: /home/shcho/ros2_study/src/install/my_first_package_msgs/share/ament_index/resource_index/rosidl_interfaces/my_first_package_msgs
[5.131s] -- Installing: /home/shcho/ros2_study/src/install/my_first_package_msgs/include/my_first_package_msgs/my_first_package_msgs
[5.131s] -- Installing: /home/shcho/ros2_study/src/install/my_first_package_msgs/include/my_first_package_msgs/my_first_package_msgs/msg
[5.131s] -- Installing: /home/shcho/ros2_study/src/install/my_first_package_msgs/include/my_first_package_msgs/my_first_package_msgs/msg/detail
[5.131s] -- Installing: /home/shcho/ros2_study/src/install/my_first_package_msgs/include/my_first_package_msgs/my_first_package_msgs/msg/detail/cmd_and_pose_vel__type_support.h
[5.131s] -- Installing: /home/shcho/ros2_study/src/install/my_first_package_msgs/include/my_first_package_msgs/my_first_package_msgs/msg/detail/cmd_and_pose_vel__functions.h
[5.131s] -- Installing: /home/shcho/ros2_study/src/install/my_first_package_msgs/include/my_first_package_msgs/my_first_package_msgs/msg/detail/cmd_and_pose_vel__functions.c
[5.131s] -- Installing: /home/shcho/ros2_study/src/install/my_first_package_msgs/include/my_first_package_msgs/my_first_package_msgs/msg/detail/cmd_and_pose_vel__struct.h
[5.131s] -- Installing: /home/shcho/ros2_study/src/install/my_first_package_msgs/include/my_first_package_msgs/my_first_package_msgs/msg/cmd_and_pose_vel.h
[5.131s] -- Installing: /home/shcho/ros2_study/src/install/my_first_package_msgs/include/my_first_package_msgs/my_first_package_msgs/msg/rosidl_generator_c__visibility_control.h
[5.131s] -- Installing: /home/shcho/ros2_study/src/install/my_first_package_msgs/share/my_first_package_msgs/environment/library_path.sh
[5.131s] -- Installing: /home/shcho/ros2_study/src/install/my_first_package_msgs/share/my_first_package_msgs/environment/library_path.dsv
[5.131s] -- Installing: /home/shcho/ros2_study/src/install/my_first_package_msgs/lib/libmy_first_package_msgs__rosidl_generator_c.so
[5.131s] -- Set runtime path of "/home/shcho/ros2_study/src/install/my_first_package_msgs/lib/libmy_first_package_msgs__rosidl_generator_c.so" to ""
[5.131s] -- Up-to-date: /home/shcho/ros2_study/src/install/my_first_package_msgs/include/my_first_package_msgs/my_first_package_msgs
[5.132s] -- Up-to-date: /home/shcho/ros2_study/src/install/my_first_package_msgs/include/my_first_package_msgs/my_first_package_msgs/msg
[5.132s] -- Up-to-date: /home/shcho/ros2_study/src/install/my_first_package_msgs/include/my_first_package_msgs/my_first_package_msgs/msg/detail
[5.132s] -- Installing: /home/shcho/ros2_study/src/install/my_first_package_msgs/include/my_first_package_msgs/my_first_package_msgs/msg/detail/cmd_and_pose_vel__rosidl_typesupport_fastrtps_c.h
[5.132s] -- Installing: /home/shcho/ros2_study/src/install/my_first_package_msgs/include/my_first_package_msgs/my_first_package_msgs/msg/rosidl_typesupport_fastrtps_c__visibility_control.h
[5.132s] -- Installing: /home/shcho/ros2_study/src/install/my_first_package_msgs/lib/libmy_first_package_msgs__rosidl_typesupport_fastrtps_c.so
[5.132s] -- Set runtime path of "/home/shcho/ros2_study/src/install/my_first_package_msgs/lib/libmy_first_package_msgs__rosidl_typesupport_fastrtps_c.so" to ""
[5.132s] -- Up-to-date: /home/shcho/ros2_study/src/install/my_first_package_msgs/include/my_first_package_msgs/my_first_package_msgs
[5.132s] -- Up-to-date: /home/shcho/ros2_study/src/install/my_first_package_msgs/include/my_first_package_msgs/my_first_package_msgs/msg
[5.132s] -- Up-to-date: /home/shcho/ros2_study/src/install/my_first_package_msgs/include/my_first_package_msgs/my_first_package_msgs/msg/detail
[5.132s] -- Installing: /home/shcho/ros2_study/src/install/my_first_package_msgs/include/my_first_package_msgs/my_first_package_msgs/msg/detail/cmd_and_pose_vel__type_support.c
[5.132s] -- Installing: /home/shcho/ros2_study/src/install/my_first_package_msgs/include/my_first_package_msgs/my_first_package_msgs/msg/detail/cmd_and_pose_vel__rosidl_typesupport_introspection_c.h
[5.132s] -- Installing: /home/shcho/ros2_study/src/install/my_first_package_msgs/include/my_first_package_msgs/my_first_package_msgs/msg/rosidl_typesupport_introspection_c__visibility_control.h
[5.132s] -- Installing: /home/shcho/ros2_study/src/install/my_first_package_msgs/lib/libmy_first_package_msgs__rosidl_typesupport_introspection_c.so
[5.132s] -- Set runtime path of "/home/shcho/ros2_study/src/install/my_first_package_msgs/lib/libmy_first_package_msgs__rosidl_typesupport_introspection_c.so" to ""
[5.132s] -- Installing: /home/shcho/ros2_study/src/install/my_first_package_msgs/lib/libmy_first_package_msgs__rosidl_typesupport_c.so
[5.132s] -- Set runtime path of "/home/shcho/ros2_study/src/install/my_first_package_msgs/lib/libmy_first_package_msgs__rosidl_typesupport_c.so" to ""
[5.132s] -- Up-to-date: /home/shcho/ros2_study/src/install/my_first_package_msgs/include/my_first_package_msgs/my_first_package_msgs
[5.132s] -- Up-to-date: /home/shcho/ros2_study/src/install/my_first_package_msgs/include/my_first_package_msgs/my_first_package_msgs/msg
[5.132s] -- Up-to-date: /home/shcho/ros2_study/src/install/my_first_package_msgs/include/my_first_package_msgs/my_first_package_msgs/msg/detail
[5.132s] -- Installing: /home/shcho/ros2_study/src/install/my_first_package_msgs/include/my_first_package_msgs/my_first_package_msgs/msg/detail/cmd_and_pose_vel__type_support.hpp
[5.132s] -- Installing: /home/shcho/ros2_study/src/install/my_first_package_msgs/include/my_first_package_msgs/my_first_package_msgs/msg/detail/cmd_and_pose_vel__struct.hpp
[5.132s] -- Installing: /home/shcho/ros2_study/src/install/my_first_package_msgs/include/my_first_package_msgs/my_first_package_msgs/msg/detail/cmd_and_pose_vel__builder.hpp
[5.132s] -- Installing: /home/shcho/ros2_study/src/install/my_first_package_msgs/include/my_first_package_msgs/my_first_package_msgs/msg/detail/cmd_and_pose_vel__traits.hpp
[5.132s] -- Installing: /home/shcho/ros2_study/src/install/my_first_package_msgs/include/my_first_package_msgs/my_first_package_msgs/msg/cmd_and_pose_vel.hpp
[5.132s] -- Installing: /home/shcho/ros2_study/src/install/my_first_package_msgs/include/my_first_package_msgs/my_first_package_msgs/msg/rosidl_generator_cpp__visibility_control.hpp
[5.132s] -- Up-to-date: /home/shcho/ros2_study/src/install/my_first_package_msgs/include/my_first_package_msgs/my_first_package_msgs
[5.132s] -- Up-to-date: /home/shcho/ros2_study/src/install/my_first_package_msgs/include/my_first_package_msgs/my_first_package_msgs/msg
[5.132s] -- Up-to-date: /home/shcho/ros2_study/src/install/my_first_package_msgs/include/my_first_package_msgs/my_first_package_msgs/msg/detail
[5.132s] -- Installing: /home/shcho/ros2_study/src/install/my_first_package_msgs/include/my_first_package_msgs/my_first_package_msgs/msg/detail/dds_fastrtps
[5.132s] -- Installing: /home/shcho/ros2_study/src/install/my_first_package_msgs/include/my_first_package_msgs/my_first_package_msgs/msg/detail/cmd_and_pose_vel__rosidl_typesupport_fastrtps_cpp.hpp
[5.132s] -- Installing: /home/shcho/ros2_study/src/install/my_first_package_msgs/include/my_first_package_msgs/my_first_package_msgs/msg/rosidl_typesupport_fastrtps_cpp__visibility_control.h
[5.132s] -- Installing: /home/shcho/ros2_study/src/install/my_first_package_msgs/lib/libmy_first_package_msgs__rosidl_typesupport_fastrtps_cpp.so
[5.132s] -- Set runtime path of "/home/shcho/ros2_study/src/install/my_first_package_msgs/lib/libmy_first_package_msgs__rosidl_typesupport_fastrtps_cpp.so" to ""
[5.132s] -- Up-to-date: /home/shcho/ros2_study/src/install/my_first_package_msgs/include/my_first_package_msgs/my_first_package_msgs
[5.132s] -- Up-to-date: /home/shcho/ros2_study/src/install/my_first_package_msgs/include/my_first_package_msgs/my_first_package_msgs/msg
[5.132s] -- Up-to-date: /home/shcho/ros2_study/src/install/my_first_package_msgs/include/my_first_package_msgs/my_first_package_msgs/msg/detail
[5.132s] -- Installing: /home/shcho/ros2_study/src/install/my_first_package_msgs/include/my_first_package_msgs/my_first_package_msgs/msg/detail/cmd_and_pose_vel__rosidl_typesupport_introspection_cpp.hpp
[5.132s] -- Installing: /home/shcho/ros2_study/src/install/my_first_package_msgs/include/my_first_package_msgs/my_first_package_msgs/msg/detail/cmd_and_pose_vel__type_support.cpp
[5.132s] -- Installing: /home/shcho/ros2_study/src/install/my_first_package_msgs/lib/libmy_first_package_msgs__rosidl_typesupport_introspection_cpp.so
[5.132s] -- Set runtime path of "/home/shcho/ros2_study/src/install/my_first_package_msgs/lib/libmy_first_package_msgs__rosidl_typesupport_introspection_cpp.so" to ""
[5.132s] -- Installing: /home/shcho/ros2_study/src/install/my_first_package_msgs/lib/libmy_first_package_msgs__rosidl_typesupport_cpp.so
[5.132s] -- Set runtime path of "/home/shcho/ros2_study/src/install/my_first_package_msgs/lib/libmy_first_package_msgs__rosidl_typesupport_cpp.so" to ""
[5.132s] -- Installing: /home/shcho/ros2_study/src/install/my_first_package_msgs/share/my_first_package_msgs/environment/pythonpath.sh
[5.132s] -- Installing: /home/shcho/ros2_study/src/install/my_first_package_msgs/share/my_first_package_msgs/environment/pythonpath.dsv
[5.132s] -- Installing: /home/shcho/ros2_study/src/install/my_first_package_msgs/local/lib/python3.10/dist-packages/my_first_package_msgs-0.0.0-py3.10.egg-info
[5.132s] -- Installing: /home/shcho/ros2_study/src/install/my_first_package_msgs/local/lib/python3.10/dist-packages/my_first_package_msgs-0.0.0-py3.10.egg-info/dependency_links.txt
[5.133s] -- Installing: /home/shcho/ros2_study/src/install/my_first_package_msgs/local/lib/python3.10/dist-packages/my_first_package_msgs-0.0.0-py3.10.egg-info/top_level.txt
[5.133s] -- Installing: /home/shcho/ros2_study/src/install/my_first_package_msgs/local/lib/python3.10/dist-packages/my_first_package_msgs-0.0.0-py3.10.egg-info/PKG-INFO
[5.133s] -- Installing: /home/shcho/ros2_study/src/install/my_first_package_msgs/local/lib/python3.10/dist-packages/my_first_package_msgs-0.0.0-py3.10.egg-info/SOURCES.txt
[5.133s] -- Installing: /home/shcho/ros2_study/src/install/my_first_package_msgs/local/lib/python3.10/dist-packages/my_first_package_msgs
[5.133s] -- Installing: /home/shcho/ros2_study/src/install/my_first_package_msgs/local/lib/python3.10/dist-packages/my_first_package_msgs/my_first_package_msgs_s__rosidl_typesupport_introspection_c.cpython-310-x86_64-linux-gnu.so
[5.133s] -- Installing: /home/shcho/ros2_study/src/install/my_first_package_msgs/local/lib/python3.10/dist-packages/my_first_package_msgs/my_first_package_msgs_s__rosidl_typesupport_fastrtps_c.cpython-310-x86_64-linux-gnu.so
[5.133s] -- Installing: /home/shcho/ros2_study/src/install/my_first_package_msgs/local/lib/python3.10/dist-packages/my_first_package_msgs/msg
[5.133s] -- Installing: /home/shcho/ros2_study/src/install/my_first_package_msgs/local/lib/python3.10/dist-packages/my_first_package_msgs/msg/_cmd_and_pose_vel_s.c
[5.133s] -- Installing: /home/shcho/ros2_study/src/install/my_first_package_msgs/local/lib/python3.10/dist-packages/my_first_package_msgs/msg/_cmd_and_pose_vel.py
[5.133s] -- Installing: /home/shcho/ros2_study/src/install/my_first_package_msgs/local/lib/python3.10/dist-packages/my_first_package_msgs/msg/__init__.py
[5.133s] -- Installing: /home/shcho/ros2_study/src/install/my_first_package_msgs/local/lib/python3.10/dist-packages/my_first_package_msgs/_my_first_package_msgs_s.ep.rosidl_typesupport_fastrtps_c.c
[5.133s] -- Installing: /home/shcho/ros2_study/src/install/my_first_package_msgs/local/lib/python3.10/dist-packages/my_first_package_msgs/libmy_first_package_msgs__rosidl_generator_py.so
[5.133s] -- Installing: /home/shcho/ros2_study/src/install/my_first_package_msgs/local/lib/python3.10/dist-packages/my_first_package_msgs/_my_first_package_msgs_s.ep.rosidl_typesupport_c.c
[5.133s] -- Installing: /home/shcho/ros2_study/src/install/my_first_package_msgs/local/lib/python3.10/dist-packages/my_first_package_msgs/__init__.py
[5.133s] -- Installing: /home/shcho/ros2_study/src/install/my_first_package_msgs/local/lib/python3.10/dist-packages/my_first_package_msgs/_my_first_package_msgs_s.ep.rosidl_typesupport_introspection_c.c
[5.133s] -- Installing: /home/shcho/ros2_study/src/install/my_first_package_msgs/local/lib/python3.10/dist-packages/my_first_package_msgs/my_first_package_msgs_s__rosidl_typesupport_c.cpython-310-x86_64-linux-gnu.so
[5.152s] Listing '/home/shcho/ros2_study/src/install/my_first_package_msgs/local/lib/python3.10/dist-packages/my_first_package_msgs'...
[5.152s] Compiling '/home/shcho/ros2_study/src/install/my_first_package_msgs/local/lib/python3.10/dist-packages/my_first_package_msgs/__init__.py'...
[5.152s] Listing '/home/shcho/ros2_study/src/install/my_first_package_msgs/local/lib/python3.10/dist-packages/my_first_package_msgs/msg'...
[5.152s] Compiling '/home/shcho/ros2_study/src/install/my_first_package_msgs/local/lib/python3.10/dist-packages/my_first_package_msgs/msg/__init__.py'...
[5.152s] Compiling '/home/shcho/ros2_study/src/install/my_first_package_msgs/local/lib/python3.10/dist-packages/my_first_package_msgs/msg/_cmd_and_pose_vel.py'...
[5.155s] -- Installing: /home/shcho/ros2_study/src/install/my_first_package_msgs/local/lib/python3.10/dist-packages/my_first_package_msgs/my_first_package_msgs_s__rosidl_typesupport_fastrtps_c.cpython-310-x86_64-linux-gnu.so
[5.155s] -- Set runtime path of "/home/shcho/ros2_study/src/install/my_first_package_msgs/local/lib/python3.10/dist-packages/my_first_package_msgs/my_first_package_msgs_s__rosidl_typesupport_fastrtps_c.cpython-310-x86_64-linux-gnu.so" to ""
[5.155s] -- Installing: /home/shcho/ros2_study/src/install/my_first_package_msgs/local/lib/python3.10/dist-packages/my_first_package_msgs/my_first_package_msgs_s__rosidl_typesupport_introspection_c.cpython-310-x86_64-linux-gnu.so
[5.156s] -- Set runtime path of "/home/shcho/ros2_study/src/install/my_first_package_msgs/local/lib/python3.10/dist-packages/my_first_package_msgs/my_first_package_msgs_s__rosidl_typesupport_introspection_c.cpython-310-x86_64-linux-gnu.so" to ""
[5.156s] -- Installing: /home/shcho/ros2_study/src/install/my_first_package_msgs/local/lib/python3.10/dist-packages/my_first_package_msgs/my_first_package_msgs_s__rosidl_typesupport_c.cpython-310-x86_64-linux-gnu.so
[5.156s] -- Set runtime path of "/home/shcho/ros2_study/src/install/my_first_package_msgs/local/lib/python3.10/dist-packages/my_first_package_msgs/my_first_package_msgs_s__rosidl_typesupport_c.cpython-310-x86_64-linux-gnu.so" to ""
[5.156s] -- Installing: /home/shcho/ros2_study/src/install/my_first_package_msgs/lib/libmy_first_package_msgs__rosidl_generator_py.so
[5.156s] -- Set runtime path of "/home/shcho/ros2_study/src/install/my_first_package_msgs/lib/libmy_first_package_msgs__rosidl_generator_py.so" to ""
[5.156s] -- Installing: /home/shcho/ros2_study/src/install/my_first_package_msgs/share/my_first_package_msgs/msg/CmdAndPoseVel.idl
[5.156s] -- Installing: /home/shcho/ros2_study/src/install/my_first_package_msgs/share/my_first_package_msgs/msg/CmdAndPoseVel.msg
[5.156s] -- Installing: /home/shcho/ros2_study/src/install/my_first_package_msgs/share/ament_index/resource_index/package_run_dependencies/my_first_package_msgs
[5.157s] -- Installing: /home/shcho/ros2_study/src/install/my_first_package_msgs/share/ament_index/resource_index/parent_prefix_path/my_first_package_msgs
[5.157s] -- Installing: /home/shcho/ros2_study/src/install/my_first_package_msgs/share/my_first_package_msgs/environment/ament_prefix_path.sh
[5.158s] -- Installing: /home/shcho/ros2_study/src/install/my_first_package_msgs/share/my_first_package_msgs/environment/ament_prefix_path.dsv
[5.158s] -- Installing: /home/shcho/ros2_study/src/install/my_first_package_msgs/share/my_first_package_msgs/environment/path.sh
[5.158s] -- Installing: /home/shcho/ros2_study/src/install/my_first_package_msgs/share/my_first_package_msgs/environment/path.dsv
[5.158s] -- Installing: /home/shcho/ros2_study/src/install/my_first_package_msgs/share/my_first_package_msgs/local_setup.bash
[5.158s] -- Installing: /home/shcho/ros2_study/src/install/my_first_package_msgs/share/my_first_package_msgs/local_setup.sh
[5.158s] -- Installing: /home/shcho/ros2_study/src/install/my_first_package_msgs/share/my_first_package_msgs/local_setup.zsh
[5.158s] -- Installing: /home/shcho/ros2_study/src/install/my_first_package_msgs/share/my_first_package_msgs/local_setup.dsv
[5.158s] -- Installing: /home/shcho/ros2_study/src/install/my_first_package_msgs/share/my_first_package_msgs/package.dsv
[5.158s] -- Installing: /home/shcho/ros2_study/src/install/my_first_package_msgs/share/ament_index/resource_index/packages/my_first_package_msgs
[5.158s] -- Installing: /home/shcho/ros2_study/src/install/my_first_package_msgs/share/my_first_package_msgs/cmake/export_my_first_package_msgs__rosidl_generator_cExport.cmake
[5.159s] -- Installing: /home/shcho/ros2_study/src/install/my_first_package_msgs/share/my_first_package_msgs/cmake/export_my_first_package_msgs__rosidl_generator_cExport-noconfig.cmake
[5.159s] -- Installing: /home/shcho/ros2_study/src/install/my_first_package_msgs/share/my_first_package_msgs/cmake/export_my_first_package_msgs__rosidl_typesupport_fastrtps_cExport.cmake
[5.159s] -- Installing: /home/shcho/ros2_study/src/install/my_first_package_msgs/share/my_first_package_msgs/cmake/export_my_first_package_msgs__rosidl_typesupport_fastrtps_cExport-noconfig.cmake
[5.159s] -- Installing: /home/shcho/ros2_study/src/install/my_first_package_msgs/share/my_first_package_msgs/cmake/my_first_package_msgs__rosidl_typesupport_introspection_cExport.cmake
[5.159s] -- Installing: /home/shcho/ros2_study/src/install/my_first_package_msgs/share/my_first_package_msgs/cmake/my_first_package_msgs__rosidl_typesupport_introspection_cExport-noconfig.cmake
[5.159s] -- Installing: /home/shcho/ros2_study/src/install/my_first_package_msgs/share/my_first_package_msgs/cmake/my_first_package_msgs__rosidl_typesupport_cExport.cmake
[5.159s] -- Installing: /home/shcho/ros2_study/src/install/my_first_package_msgs/share/my_first_package_msgs/cmake/my_first_package_msgs__rosidl_typesupport_cExport-noconfig.cmake
[5.159s] -- Installing: /home/shcho/ros2_study/src/install/my_first_package_msgs/share/my_first_package_msgs/cmake/export_my_first_package_msgs__rosidl_generator_cppExport.cmake
[5.159s] -- Installing: /home/shcho/ros2_study/src/install/my_first_package_msgs/share/my_first_package_msgs/cmake/export_my_first_package_msgs__rosidl_typesupport_fastrtps_cppExport.cmake
[5.159s] -- Installing: /home/shcho/ros2_study/src/install/my_first_package_msgs/share/my_first_package_msgs/cmake/export_my_first_package_msgs__rosidl_typesupport_fastrtps_cppExport-noconfig.cmake
[5.159s] -- Installing: /home/shcho/ros2_study/src/install/my_first_package_msgs/share/my_first_package_msgs/cmake/my_first_package_msgs__rosidl_typesupport_introspection_cppExport.cmake
[5.159s] -- Installing: /home/shcho/ros2_study/src/install/my_first_package_msgs/share/my_first_package_msgs/cmake/my_first_package_msgs__rosidl_typesupport_introspection_cppExport-noconfig.cmake
[5.159s] -- Installing: /home/shcho/ros2_study/src/install/my_first_package_msgs/share/my_first_package_msgs/cmake/my_first_package_msgs__rosidl_typesupport_cppExport.cmake
[5.159s] -- Installing: /home/shcho/ros2_study/src/install/my_first_package_msgs/share/my_first_package_msgs/cmake/my_first_package_msgs__rosidl_typesupport_cppExport-noconfig.cmake
[5.159s] -- Installing: /home/shcho/ros2_study/src/install/my_first_package_msgs/share/my_first_package_msgs/cmake/export_my_first_package_msgs__rosidl_generator_pyExport.cmake
[5.160s] -- Installing: /home/shcho/ros2_study/src/install/my_first_package_msgs/share/my_first_package_msgs/cmake/export_my_first_package_msgs__rosidl_generator_pyExport-noconfig.cmake
[5.160s] -- Installing: /home/shcho/ros2_study/src/install/my_first_package_msgs/share/my_first_package_msgs/cmake/rosidl_cmake-extras.cmake
[5.160s] -- Installing: /home/shcho/ros2_study/src/install/my_first_package_msgs/share/my_first_package_msgs/cmake/ament_cmake_export_include_directories-extras.cmake
[5.160s] -- Installing: /home/shcho/ros2_study/src/install/my_first_package_msgs/share/my_first_package_msgs/cmake/ament_cmake_export_libraries-extras.cmake
[5.160s] -- Installing: /home/shcho/ros2_study/src/install/my_first_package_msgs/share/my_first_package_msgs/cmake/ament_cmake_export_targets-extras.cmake
[5.160s] -- Installing: /home/shcho/ros2_study/src/install/my_first_package_msgs/share/my_first_package_msgs/cmake/rosidl_cmake_export_typesupport_targets-extras.cmake
[5.160s] -- Installing: /home/shcho/ros2_study/src/install/my_first_package_msgs/share/my_first_package_msgs/cmake/ament_cmake_export_dependencies-extras.cmake
[5.160s] -- Installing: /home/shcho/ros2_study/src/install/my_first_package_msgs/share/my_first_package_msgs/cmake/rosidl_cmake_export_typesupport_libraries-extras.cmake
[5.160s] -- Installing: /home/shcho/ros2_study/src/install/my_first_package_msgs/share/my_first_package_msgs/cmake/my_first_package_msgsConfig.cmake
[5.160s] -- Installing: /home/shcho/ros2_study/src/install/my_first_package_msgs/share/my_first_package_msgs/cmake/my_first_package_msgsConfig-version.cmake
[5.160s] -- Installing: /home/shcho/ros2_study/src/install/my_first_package_msgs/share/my_first_package_msgs/package.xml
[5.162s] Invoked command in '/home/shcho/ros2_study/src/build/my_first_package_msgs' returned '0': CMAKE_PREFIX_PATH=${CMAKE_PREFIX_PATH}:/home/shcho/ros2_study/install/my_first_package:/opt/ros/humble /usr/bin/cmake --install /home/shcho/ros2_study/src/build/my_first_package_msgs
